#
# There is insufficient memory for the Java Runtime Environment to continue.
# Native memory allocation (mmap) failed to map 37748736 bytes for committing reserved memory.
# Possible reasons:
#   The system is out of physical RAM or swap space
#   In 32 bit mode, the process size limit was hit
# Possible solutions:
#   Reduce memory load on the system
#   Increase physical memory or swap space
#   Check if swap backing store is full
#   Use 64 bit Java on a 64 bit OS
#   Decrease Java heap size (-Xmx/-Xms)
#   Decrease number of Java threads
#   Decrease Java thread stack sizes (-Xss)
#   Set larger code cache with -XX:ReservedCodeCacheSize=
# This output file may be truncated or incomplete.
#
#  Out of Memory Error (os_linux.cpp:2627), pid=2889, tid=0x00007efc349f9700
#
# JRE version: OpenJDK Runtime Environment (8.0_112-b06) (build 1.8.0_112-release-b06)
# Java VM: OpenJDK 64-Bit Server VM (25.112-b06 mixed mode linux-amd64 compressed oops)
# Core dump written. Default location: /home/mann/AndroidStudioProjects/Store2/core or core.2889
#

---------------  T H R E A D  ---------------

Current thread (0x00007efc58077800):  VMThread [stack: 0x00007efc348f9000,0x00007efc349fa000] [id=2898]

Stack: [0x00007efc348f9000,0x00007efc349fa000],  sp=0x00007efc349f84a0,  free space=1021k
Native frames: (J=compiled Java code, j=interpreted, Vv=VM code, C=native code)
V  [libjvm.so+0x9e465d]  VMError::report_and_die()+0x15d
V  [libjvm.so+0x4b6ada]  report_vm_out_of_memory(char const*, int, unsigned long, VMErrorType, char const*)+0x8a
V  [libjvm.so+0x84c860]  os::pd_commit_memory(char*, unsigned long, unsigned long, bool)+0xf0
V  [libjvm.so+0x84737f]  os::commit_memory(char*, unsigned long, unsigned long, bool)+0x1f
V  [libjvm.so+0x8bd3db]  PSVirtualSpace::expand_by(unsigned long)+0x5b
V  [libjvm.so+0x8ae1bb]  PSOldGen::expand_by(unsigned long) [clone .part.109]+0x1b
V  [libjvm.so+0x8ae37b]  PSOldGen::expand(unsigned long) [clone .part.111]+0xdb
V  [libjvm.so+0x8aec58]  PSOldGen::resize(unsigned long)+0x188
V  [libjvm.so+0x8b426c]  PSParallelCompact::invoke_no_policy(bool)+0x97c
V  [libjvm.so+0x8b4579]  PSParallelCompact::invoke(bool)+0x59
V  [libjvm.so+0x446d63]  CollectedHeap::collect_as_vm_thread(GCCause::Cause)+0x143
V  [libjvm.so+0x9e5a91]  VM_CollectForMetadataAllocation::doit()+0x141
V  [libjvm.so+0x9ea537]  VM_Operation::evaluate()+0x47
V  [libjvm.so+0x9e8ff8]  VMThread::evaluate_operation(VM_Operation*)+0x2c8
V  [libjvm.so+0x9e9479]  VMThread::loop()+0x219
V  [libjvm.so+0x9e98c2]  VMThread::run()+0x72
V  [libjvm.so+0x849c82]  java_start(Thread*)+0xf2

VM_Operation (0x00007efc1636d8b0): CollectForMetadataAllocation, mode: safepoint, requested by thread 0x00007efc00007000


---------------  P R O C E S S  ---------------

Java Threads: ( => current thread )
  0x00007efbf0001800 JavaThread "process reaper" daemon [_thread_blocked, id=3000, stack(0x00007efbdf015000,0x00007efbdf04e000)]
  0x00007efbfc460800 JavaThread "pool-6-thread-1" [_thread_blocked, id=2996, stack(0x00007efbdf7fe000,0x00007efbdf8ff000)]
  0x00007efbfcd78800 JavaThread "Cache update executor" [_thread_blocked, id=2995, stack(0x00007efc14000000,0x00007efc14101000)]
  0x00007efbfc91c000 JavaThread "Asynchronous log dispatcher for DefaultDaemonConnection: socket connection from /127.0.0.1:44947 to /127.0.0.1:40362" [_thread_blocked, id=2991, stack(0x00007efc16173000,0x00007efc16274000)]
  0x00007efc00004800 JavaThread "Cancel handler" [_thread_blocked, id=2988, stack(0x00007efc16375000,0x00007efc16476000)]
  0x00007efc00005800 JavaThread "Handler for socket connection from /127.0.0.1:44947 to /127.0.0.1:40362" [_thread_in_native, id=2987, stack(0x00007efc16676000,0x00007efc16777000)]
  0x00007efbfc5ce000 JavaThread "pool-2-thread-1" [_thread_blocked, id=2921, stack(0x00007efc14b14000,0x00007efc14c15000)]
  0x00007efbfca00800 JavaThread "File lock request listener" [_thread_in_native, id=2920, stack(0x00007efc153bd000,0x00007efc154be000)]
  0x00007efc58d38000 JavaThread "pool-1-thread-1" [_thread_blocked, id=2917, stack(0x00007efc15f71000,0x00007efc16072000)]
  0x00007efc00007000 JavaThread "Daemon worker" [_thread_blocked, id=2912, stack(0x00007efc16274000,0x00007efc16375000)]
  0x00007efc0c02b000 JavaThread "Daemon" [_thread_blocked, id=2909, stack(0x00007efc16777000,0x00007efc16878000)]
  0x00007efc58cae000 JavaThread "Incoming local TCP Connector on port 44947" [_thread_in_native, id=2908, stack(0x00007efc16a78000,0x00007efc16b79000)]
  0x00007efc580c7800 JavaThread "Service Thread" daemon [_thread_blocked, id=2905, stack(0x00007efc17eff000,0x00007efc18000000)]
  0x00007efc580bc800 JavaThread "C1 CompilerThread2" daemon [_thread_blocked, id=2904, stack(0x00007efc3402a000,0x00007efc3412b000)]
  0x00007efc580ba800 JavaThread "C2 CompilerThread1" daemon [_thread_blocked, id=2903, stack(0x00007efc3412b000,0x00007efc3422c000)]
  0x00007efc580b7800 JavaThread "C2 CompilerThread0" daemon [_thread_blocked, id=2902, stack(0x00007efc3422c000,0x00007efc3432d000)]
  0x00007efc580b6000 JavaThread "Signal Dispatcher" daemon [_thread_blocked, id=2901, stack(0x00007efc3432d000,0x00007efc3442e000)]
  0x00007efc58083800 JavaThread "Finalizer" daemon [_thread_blocked, id=2900, stack(0x00007efc346f7000,0x00007efc347f8000)]
  0x00007efc5807f000 JavaThread "Reference Handler" daemon [_thread_blocked, id=2899, stack(0x00007efc347f8000,0x00007efc348f9000)]
  0x00007efc5800a000 JavaThread "main" [_thread_blocked, id=2893, stack(0x00007efc6028d000,0x00007efc6038e000)]

Other Threads:
=>0x00007efc58077800 VMThread [stack: 0x00007efc348f9000,0x00007efc349fa000] [id=2898]
  0x00007efc580ca000 WatcherThread [stack: 0x00007efc17dfe000,0x00007efc17eff000] [id=2906]

VM state:at safepoint (normal execution)

VM Mutex/Monitor currently owned by a thread:  ([mutex/lock_event])
[0x00007efc58005bd0] ExpandHeap_lock - owner thread: 0x00007efc58077800
[0x00007efc58006250] Threads_lock - owner thread: 0x00007efc58077800
[0x00007efc58006750] Heap_lock - owner thread: 0x00007efc00007000

Heap:
 PSYoungGen      total 193536K, used 0K [0x00000000e0000000, 0x00000000ed900000, 0x0000000100000000)
  eden space 170496K, 0% used [0x00000000e0000000,0x00000000e0000000,0x00000000ea680000)
  from space 23040K, 0% used [0x00000000ebf80000,0x00000000ebf80000,0x00000000ed600000)
  to   space 25600K, 0% used [0x00000000ea680000,0x00000000ea680000,0x00000000ebf80000)
 ParOldGen       total 60928K, used 34656K [0x00000000a0000000, 0x00000000a3b80000, 0x00000000e0000000)
  object space 60928K, 56% used [0x00000000a0000000,0x00000000a21d80f0,0x00000000a3b80000)
 Metaspace       used 57065K, capacity 58944K, committed 59160K, reserved 1099776K
  class space    used 7595K, capacity 7991K, committed 8112K, reserved 1048576K

Card table byte_map: [0x00007efc5ce4b000,0x00007efc5d14c000] byte_map_base: 0x00007efc5c94b000

Marking Bits: (ParMarkBitMap*) 0x00007efc5f790340
 Begin Bits: [0x00007efc35000000, 0x00007efc36800000)
 End Bits:   [0x00007efc36800000, 0x00007efc38000000)

Polling page: 0x00007efc603bb000

CodeCache: size=245760Kb used=23328Kb max_used=23333Kb free=222431Kb
 bounds [0x00007efc49000000, 0x00007efc4a6e0000, 0x00007efc58000000]
 total_blobs=7706 nmethods=6945 adapters=674
 compilation: enabled

Compilation events (10 events):
Event: 157.392 Thread 0x00007efc580bc800 8099       3       com.sun.tools.javac.util.Name$Table::fromString (14 bytes)
Event: 157.393 Thread 0x00007efc580bc800 nmethod 8099 0x00007efc4a6db510 code [0x00007efc4a6db6a0, 0x00007efc4a6dbad8]
Event: 157.393 Thread 0x00007efc580bc800 8101       1       com.sun.tools.javac.util.UnsharedNameTable$NameImpl::getIndex (5 bytes)
Event: 157.393 Thread 0x00007efc580bc800 nmethod 8101 0x00007efc4a6db250 code [0x00007efc4a6db3a0, 0x00007efc4a6db4b0]
Event: 157.393 Thread 0x00007efc580bc800 8100       3       com.sun.tools.javac.util.UnsharedNameTable::fromChars (28 bytes)
Event: 157.393 Thread 0x00007efc580bc800 nmethod 8100 0x00007efc4a6dad50 code [0x00007efc4a6daee0, 0x00007efc4a6db158]
Event: 157.494 Thread 0x00007efc580b7800 8102       4       java.lang.ClassLoader::compareCerts (149 bytes)
Event: 157.499 Thread 0x00007efc580b7800 nmethod 8102 0x00007efc4a6df490 code [0x00007efc4a6df600, 0x00007efc4a6df938]
Event: 157.567 Thread 0x00007efc580bc800 8103       3       com.sun.tools.javac.util.Context::get (82 bytes)
Event: 157.569 Thread 0x00007efc580bc800 nmethod 8103 0x00007efc4a6d92d0 code [0x00007efc4a6d9540, 0x00007efc4a6da458]

GC Heap History (10 events):
Event: 15.997 GC heap after
Heap after GC invocations=10 (full 2):
 PSYoungGen      total 131584K, used 0K [0x00000000e0000000, 0x00000000eb980000, 0x0000000100000000)
  eden space 121344K, 0% used [0x00000000e0000000,0x00000000e0000000,0x00000000e7680000)
  from space 10240K, 0% used [0x00000000e8200000,0x00000000e8200000,0x00000000e8c00000)
  to   space 11776K, 0% used [0x00000000e7680000,0x00000000e7680000,0x00000000e8200000)
 ParOldGen       total 60928K, used 15167K [0x00000000a0000000, 0x00000000a3b80000, 0x00000000e0000000)
  object space 60928K, 24% used [0x00000000a0000000,0x00000000a0ecff00,0x00000000a3b80000)
 Metaspace       used 34677K, capacity 35290K, committed 35496K, reserved 1079296K
  class space    used 4655K, capacity 4855K, committed 4912K, reserved 1048576K
}
Event: 21.636 GC heap before
{Heap before GC invocations=11 (full 2):
 PSYoungGen      total 131584K, used 121344K [0x00000000e0000000, 0x00000000eb980000, 0x0000000100000000)
  eden space 121344K, 100% used [0x00000000e0000000,0x00000000e7680000,0x00000000e7680000)
  from space 10240K, 0% used [0x00000000e8200000,0x00000000e8200000,0x00000000e8c00000)
  to   space 11776K, 0% used [0x00000000e7680000,0x00000000e7680000,0x00000000e8200000)
 ParOldGen       total 60928K, used 15167K [0x00000000a0000000, 0x00000000a3b80000, 0x00000000e0000000)
  object space 60928K, 24% used [0x00000000a0000000,0x00000000a0ecff00,0x00000000a3b80000)
 Metaspace       used 43657K, capacity 44652K, committed 44848K, reserved 1087488K
  class space    used 5863K, capacity 6109K, committed 6192K, reserved 1048576K
Event: 21.660 GC heap after
Heap after GC invocations=11 (full 2):
 PSYoungGen      total 133120K, used 11745K [0x00000000e0000000, 0x00000000ead80000, 0x0000000100000000)
  eden space 121344K, 0% used [0x00000000e0000000,0x00000000e0000000,0x00000000e7680000)
  from space 11776K, 99% used [0x00000000e7680000,0x00000000e81f85e8,0x00000000e8200000)
  to   space 13824K, 0% used [0x00000000ea000000,0x00000000ea000000,0x00000000ead80000)
 ParOldGen       total 60928K, used 15313K [0x00000000a0000000, 0x00000000a3b80000, 0x00000000e0000000)
  object space 60928K, 25% used [0x00000000a0000000,0x00000000a0ef4698,0x00000000a3b80000)
 Metaspace       used 43657K, capacity 44652K, committed 44848K, reserved 1087488K
  class space    used 5863K, capacity 6109K, committed 6192K, reserved 1048576K
}
Event: 29.161 GC heap before
{Heap before GC invocations=12 (full 2):
 PSYoungGen      total 133120K, used 133089K [0x00000000e0000000, 0x00000000ead80000, 0x0000000100000000)
  eden space 121344K, 100% used [0x00000000e0000000,0x00000000e7680000,0x00000000e7680000)
  from space 11776K, 99% used [0x00000000e7680000,0x00000000e81f85e8,0x00000000e8200000)
  to   space 13824K, 0% used [0x00000000ea000000,0x00000000ea000000,0x00000000ead80000)
 ParOldGen       total 60928K, used 15313K [0x00000000a0000000, 0x00000000a3b80000, 0x00000000e0000000)
  object space 60928K, 25% used [0x00000000a0000000,0x00000000a0ef4698,0x00000000a3b80000)
 Metaspace       used 50536K, capacity 52026K, committed 52272K, reserved 1093632K
  class space    used 6862K, capacity 7172K, committed 7216K, reserved 1048576K
Event: 29.201 GC heap after
Heap after GC invocations=12 (full 2):
 PSYoungGen      total 158208K, used 13824K [0x00000000e0000000, 0x00000000eb600000, 0x0000000100000000)
  eden space 144384K, 0% used [0x00000000e0000000,0x00000000e0000000,0x00000000e8d00000)
  from space 13824K, 100% used [0x00000000ea000000,0x00000000ead80000,0x00000000ead80000)
  to   space 19456K, 0% used [0x00000000e8d00000,0x00000000e8d00000,0x00000000ea000000)
 ParOldGen       total 60928K, used 26110K [0x00000000a0000000, 0x00000000a3b80000, 0x00000000e0000000)
  object space 60928K, 42% used [0x00000000a0000000,0x00000000a197f868,0x00000000a3b80000)
 Metaspace       used 50536K, capacity 52026K, committed 52272K, reserved 1093632K
  class space    used 6862K, capacity 7172K, committed 7216K, reserved 1048576K
}
Event: 101.585 GC heap before
{Heap before GC invocations=13 (full 2):
 PSYoungGen      total 158208K, used 158208K [0x00000000e0000000, 0x00000000eb600000, 0x0000000100000000)
  eden space 144384K, 100% used [0x00000000e0000000,0x00000000e8d00000,0x00000000e8d00000)
  from space 13824K, 100% used [0x00000000ea000000,0x00000000ead80000,0x00000000ead80000)
  to   space 19456K, 0% used [0x00000000e8d00000,0x00000000e8d00000,0x00000000ea000000)
 ParOldGen       total 60928K, used 26110K [0x00000000a0000000, 0x00000000a3b80000, 0x00000000e0000000)
  object space 60928K, 42% used [0x00000000a0000000,0x00000000a197f868,0x00000000a3b80000)
 Metaspace       used 53636K, capacity 55346K, committed 55600K, reserved 1097728K
  class space    used 7118K, capacity 7460K, committed 7472K, reserved 1048576K
Event: 102.196 GC heap after
Heap after GC invocations=13 (full 2):
 PSYoungGen      total 163840K, used 19441K [0x00000000e0000000, 0x00000000ed600000, 0x0000000100000000)
  eden space 144384K, 0% used [0x00000000e0000000,0x00000000e0000000,0x00000000e8d00000)
  from space 19456K, 99% used [0x00000000e8d00000,0x00000000e9ffc6d8,0x00000000ea000000)
  to   space 23040K, 0% used [0x00000000ebf80000,0x00000000ebf80000,0x00000000ed600000)
 ParOldGen       total 60928K, used 27266K [0x00000000a0000000, 0x00000000a3b80000, 0x00000000e0000000)
  object space 60928K, 44% used [0x00000000a0000000,0x00000000a1aa0a28,0x00000000a3b80000)
 Metaspace       used 53636K, capacity 55346K, committed 55600K, reserved 1097728K
  class space    used 7118K, capacity 7460K, committed 7472K, reserved 1048576K
}
Event: 157.645 GC heap before
{Heap before GC invocations=14 (full 2):
 PSYoungGen      total 163840K, used 62550K [0x00000000e0000000, 0x00000000ed600000, 0x0000000100000000)
  eden space 144384K, 29% used [0x00000000e0000000,0x00000000e2a19488,0x00000000e8d00000)
  from space 19456K, 99% used [0x00000000e8d00000,0x00000000e9ffc6d8,0x00000000ea000000)
  to   space 23040K, 0% used [0x00000000ebf80000,0x00000000ebf80000,0x00000000ed600000)
 ParOldGen       total 60928K, used 27266K [0x00000000a0000000, 0x00000000a3b80000, 0x00000000e0000000)
  object space 60928K, 44% used [0x00000000a0000000,0x00000000a1aa0a28,0x00000000a3b80000)
 Metaspace       used 57067K, capacity 58950K, committed 59160K, reserved 1099776K
  class space    used 7595K, capacity 7992K, committed 8112K, reserved 1048576K
Event: 158.022 GC heap after
Heap after GC invocations=14 (full 2):
 PSYoungGen      total 193536K, used 20008K [0x00000000e0000000, 0x00000000ed900000, 0x0000000100000000)
  eden space 170496K, 0% used [0x00000000e0000000,0x00000000e0000000,0x00000000ea680000)
  from space 23040K, 86% used [0x00000000ebf80000,0x00000000ed30a2b0,0x00000000ed600000)
  to   space 25600K, 0% used [0x00000000ea680000,0x00000000ea680000,0x00000000ebf80000)
 ParOldGen       total 60928K, used 27274K [0x00000000a0000000, 0x00000000a3b80000, 0x00000000e0000000)
  object space 60928K, 44% used [0x00000000a0000000,0x00000000a1aa2a28,0x00000000a3b80000)
 Metaspace       used 57067K, capacity 58950K, committed 59160K, reserved 1099776K
  class space    used 7595K, capacity 7992K, committed 8112K, reserved 1048576K
}
Event: 158.022 GC heap before
{Heap before GC invocations=15 (full 3):
 PSYoungGen      total 193536K, used 20008K [0x00000000e0000000, 0x00000000ed900000, 0x0000000100000000)
  eden space 170496K, 0% used [0x00000000e0000000,0x00000000e0000000,0x00000000ea680000)
  from space 23040K, 86% used [0x00000000ebf80000,0x00000000ed30a2b0,0x00000000ed600000)
  to   space 25600K, 0% used [0x00000000ea680000,0x00000000ea680000,0x00000000ebf80000)
 ParOldGen       total 60928K, used 27274K [0x00000000a0000000, 0x00000000a3b80000, 0x00000000e0000000)
  object space 60928K, 44% used [0x00000000a0000000,0x00000000a1aa2a28,0x00000000a3b80000)
 Metaspace       used 57067K, capacity 58950K, committed 59160K, reserved 1099776K
  class space    used 7595K, capacity 7992K, committed 8112K, reserved 1048576K

Deoptimization events (10 events):
Event: 150.428 Thread 0x00007efc00007000 Uncommon trap: reason=unstable_if action=reinterpret pc=0x00007efc498d5788 method=org.gradle.api.internal.file.pattern.PatternMatcherFactory$PathMatcherBackedSpec.isSatisfiedBy(Lorg/gradle/api/file/RelativePath;)Z @ 11
Event: 150.438 Thread 0x00007efc00007000 Uncommon trap: reason=unstable_if action=reinterpret pc=0x00007efc498cad34 method=org.gradle.api.internal.file.pattern.PatternMatcherFactory$PathMatcherBackedSpec.isSatisfiedBy(Lorg/gradle/api/file/RelativePath;)Z @ 11
Event: 150.469 Thread 0x00007efc00007000 Uncommon trap: reason=unstable_if action=reinterpret pc=0x00007efc498ceb90 method=org.gradle.api.internal.file.pattern.FixedStepsPathMatcher.matches([Ljava/lang/String;I)Z @ 70
Event: 152.328 Thread 0x00007efc00007000 Uncommon trap: reason=unstable_if action=reinterpret pc=0x00007efc499bc99c method=org.gradle.api.internal.file.pattern.FixedStepsPathMatcher.matches([Ljava/lang/String;I)Z @ 70
Event: 153.124 Thread 0x00007efc00007000 Uncommon trap: reason=unstable_if action=reinterpret pc=0x00007efc49f51ebc method=java.lang.ClassLoader.checkCerts(Ljava/lang/String;Ljava/security/CodeSource;)V @ 45
Event: 153.124 Thread 0x00007efc00007000 Uncommon trap: reason=class_check action=maybe_recompile pc=0x00007efc4a229878 method=java.lang.ClassLoader.checkPackageAccess(Ljava/lang/Class;Ljava/security/ProtectionDomain;)V @ 115
Event: 153.124 Thread 0x00007efc00007000 Uncommon trap: reason=class_check action=maybe_recompile pc=0x00007efc4a229878 method=java.lang.ClassLoader.checkPackageAccess(Ljava/lang/Class;Ljava/security/ProtectionDomain;)V @ 115
Event: 153.183 Thread 0x00007efc00007000 Uncommon trap: reason=class_check action=maybe_recompile pc=0x00007efc4a229878 method=java.lang.ClassLoader.checkPackageAccess(Ljava/lang/Class;Ljava/security/ProtectionDomain;)V @ 115
Event: 153.183 Thread 0x00007efc00007000 Uncommon trap: reason=class_check action=maybe_recompile pc=0x00007efc4a229878 method=java.lang.ClassLoader.checkPackageAccess(Ljava/lang/Class;Ljava/security/ProtectionDomain;)V @ 115
Event: 154.049 Thread 0x00007efc00007000 Uncommon trap: reason=class_check action=maybe_recompile pc=0x00007efc49e8bef4 method=java.util.regex.Matcher.search(I)Z @ 86

Internal exceptions (10 events):
Event: 32.854 Thread 0x00007efc0c02b000 Exception <a 'java/lang/NoSuchMethodError': <clinit>> (0x00000000e2f2d418) thrown at [/ssd/Android/AOSP-openjdk/external/jetbrains/jdk/hotspot/src/share/vm/prims/jni.cpp, line 1613]
Event: 32.872 Thread 0x00007efc0c02b000 Exception <a 'java/lang/NoSuchMethodError': <clinit>> (0x00000000e31e5628) thrown at [/ssd/Android/AOSP-openjdk/external/jetbrains/jdk/hotspot/src/share/vm/prims/jni.cpp, line 1613]
Event: 32.875 Thread 0x00007efc0c02b000 Exception <a 'java/lang/NoSuchMethodError': <clinit>> (0x00000000e320fd08) thrown at [/ssd/Android/AOSP-openjdk/external/jetbrains/jdk/hotspot/src/share/vm/prims/jni.cpp, line 1613]
Event: 32.877 Thread 0x00007efc0c02b000 Exception <a 'java/lang/NoSuchMethodError': <clinit>> (0x00000000e32238e0) thrown at [/ssd/Android/AOSP-openjdk/external/jetbrains/jdk/hotspot/src/share/vm/prims/jni.cpp, line 1613]
Event: 32.961 Thread 0x00007efc00005800 Exception <a 'java/lang/NoSuchMethodError': <clinit>> (0x00000000e33298a8) thrown at [/ssd/Android/AOSP-openjdk/external/jetbrains/jdk/hotspot/src/share/vm/prims/jni.cpp, line 1613]
Event: 91.468 Thread 0x00007efc00007000 Exception <a 'java/lang/ClassNotFoundException': asLocalRepo1_1681o5nhvw35ox7yj0jn66281BeanInfo> (0x00000000e2d59b20) thrown at [/ssd/Android/AOSP-openjdk/external/jetbrains/jdk/hotspot/src/share/vm/classfile/systemDictionary.cpp, line 210]
Event: 91.468 Thread 0x00007efc00007000 Exception <a 'java/lang/ClassNotFoundException': asLocalRepo1_1681o5nhvw35ox7yj0jn66281Customizer> (0x00000000e2d65068) thrown at [/ssd/Android/AOSP-openjdk/external/jetbrains/jdk/hotspot/src/share/vm/classfile/systemDictionary.cpp, line 210]
Event: 94.312 Thread 0x00007efc00007000 Exception <a 'sun/nio/fs/UnixException'> (0x00000000e5d453b8) thrown at [/ssd/Android/AOSP-openjdk/external/jetbrains/jdk/hotspot/src/share/vm/prims/jni.cpp, line 709]
Event: 94.700 Thread 0x00007efc00007000 Exception <a 'java/lang/reflect/InvocationTargetException'> (0x00000000e5e654f8) thrown at [/ssd/Android/AOSP-openjdk/external/jetbrains/jdk/hotspot/src/share/vm/runtime/reflection.cpp, line 1092]
Event: 101.281 Thread 0x00007efc00007000 Implicit null exception at 0x00007efc49a32537 to 0x00007efc49a32891

Events (10 events):
Event: 157.563 loading class com/sun/tools/javac/jvm/Items$CondItem done
Event: 157.564 loading class com/sun/tools/javac/jvm/Gen$GenFinalizer
Event: 157.564 loading class com/sun/tools/javac/jvm/Gen$GenFinalizer done
Event: 157.565 loading class com/sun/tools/javac/jvm/Gen$1
Event: 157.565 loading class com/sun/tools/javac/jvm/Gen$1 done
Event: 157.566 loading class com/sun/tools/javac/jvm/Gen$2
Event: 157.566 loading class com/sun/tools/javac/jvm/Gen$2 done
Event: 157.568 loading class com/sun/tools/javac/comp/Lower
Event: 157.568 loading class com/sun/tools/javac/comp/Lower done
Event: 157.594 Executing VM operation: CollectForMetadataAllocation


Dynamic libraries:
00400000-00401000 r-xp 00000000 08:03 1311612                            /opt/android-studio/jre/bin/java
00600000-00601000 r--p 00000000 08:03 1311612                            /opt/android-studio/jre/bin/java
00601000-00602000 rw-p 00001000 08:03 1311612                            /opt/android-studio/jre/bin/java
00dbc000-00ddd000 rw-p 00000000 00:00 0                                  [heap]
a0000000-a3b80000 rw-p 00000000 00:00 0 
a5f80000-e0000000 ---p 00000000 00:00 0 
e0000000-ed900000 rw-p 00000000 00:00 0 
ed900000-100000000 ---p 00000000 00:00 0 
100000000-1007ec000 rw-p 00000000 00:00 0 
1007ec000-140000000 ---p 00000000 00:00 0 
7efbc0000000-7efbc0071000 rw-p 00000000 00:00 0 
7efbc0071000-7efbc4000000 ---p 00000000 00:00 0 
7efbc8000000-7efbc8021000 rw-p 00000000 00:00 0 
7efbc8021000-7efbcc000000 ---p 00000000 00:00 0 
7efbcc000000-7efbcc021000 rw-p 00000000 00:00 0 
7efbcc021000-7efbd0000000 ---p 00000000 00:00 0 
7efbd0000000-7efbd0021000 rw-p 00000000 00:00 0 
7efbd0021000-7efbd4000000 ---p 00000000 00:00 0 
7efbd4000000-7efbd4021000 rw-p 00000000 00:00 0 
7efbd4021000-7efbd8000000 ---p 00000000 00:00 0 
7efbd8000000-7efbd8021000 rw-p 00000000 00:00 0 
7efbd8021000-7efbdc000000 ---p 00000000 00:00 0 
7efbde20b000-7efbde3e5000 rw-p 00000000 00:00 0 
7efbde3e5000-7efbde40b000 ---p 00000000 00:00 0 
7efbde40b000-7efbde60b000 rw-p 00000000 00:00 0 
7efbde60b000-7efbde60e000 ---p 00000000 00:00 0 
7efbde60e000-7efbde70c000 rw-p 00000000 00:00 0 
7efbde70c000-7efbde70f000 ---p 00000000 00:00 0 
7efbde70f000-7efbde80d000 rw-p 00000000 00:00 0 
7efbde80d000-7efbde810000 ---p 00000000 00:00 0 
7efbde810000-7efbde90e000 rw-p 00000000 00:00 0 
7efbde90e000-7efbde911000 ---p 00000000 00:00 0 
7efbde911000-7efbdea0f000 rw-p 00000000 00:00 0 
7efbdea0f000-7efbdea12000 ---p 00000000 00:00 0 
7efbdea12000-7efbdeb10000 rw-p 00000000 00:00 0 
7efbdeb10000-7efbdeb13000 ---p 00000000 00:00 0 
7efbdeb13000-7efbdec11000 rw-p 00000000 00:00 0 
7efbdec11000-7efbdec14000 ---p 00000000 00:00 0 
7efbdec14000-7efbded12000 rw-p 00000000 00:00 0 
7efbded12000-7efbded15000 ---p 00000000 00:00 0 
7efbded15000-7efbdee13000 rw-p 00000000 00:00 0 
7efbdee13000-7efbdee16000 ---p 00000000 00:00 0 
7efbdee16000-7efbdef14000 rw-p 00000000 00:00 0 
7efbdef14000-7efbdef17000 ---p 00000000 00:00 0 
7efbdef17000-7efbdf015000 rw-p 00000000 00:00 0 
7efbdf015000-7efbdf018000 ---p 00000000 00:00 0 
7efbdf018000-7efbdf04e000 rw-p 00000000 00:00 0 
7efbdf04e000-7efbdf051000 ---p 00000000 00:00 0 
7efbdf051000-7efbdf087000 rw-p 00000000 00:00 0 
7efbdf087000-7efbdf08a000 ---p 00000000 00:00 0 
7efbdf08a000-7efbdf0c0000 rw-p 00000000 00:00 0 
7efbdf0c0000-7efbdf0c3000 ---p 00000000 00:00 0 
7efbdf0c3000-7efbdf2f9000 rw-p 00000000 00:00 0 
7efbdf2f9000-7efbdf2fc000 ---p 00000000 00:00 0 
7efbdf2fc000-7efbdf3fa000 rw-p 00000000 00:00 0 
7efbdf3fa000-7efbdf3fd000 ---p 00000000 00:00 0 
7efbdf3fd000-7efbdf4fb000 rw-p 00000000 00:00 0 
7efbdf4fb000-7efbdf4fe000 ---p 00000000 00:00 0 
7efbdf4fe000-7efbdf5fc000 rw-p 00000000 00:00 0 
7efbdf5fc000-7efbdf5ff000 ---p 00000000 00:00 0 
7efbdf5ff000-7efbdf6fd000 rw-p 00000000 00:00 0 
7efbdf6fd000-7efbdf700000 ---p 00000000 00:00 0 
7efbdf700000-7efbdf7fe000 rw-p 00000000 00:00 0 
7efbdf7fe000-7efbdf801000 ---p 00000000 00:00 0 
7efbdf801000-7efbdf8ff000 rw-p 00000000 00:00 0 
7efbdf8ff000-7efbdf902000 ---p 00000000 00:00 0 
7efbdf902000-7efbdfc00000 rw-p 00000000 00:00 0 
7efbdfc00000-7efbdfe00000 rw-p 00000000 00:00 0 
7efbdfe00000-7efbe0000000 rw-p 00000000 00:00 0 
7efbe0000000-7efbe0021000 rw-p 00000000 00:00 0 
7efbe0021000-7efbe4000000 ---p 00000000 00:00 0 
7efbe4000000-7efbe4021000 rw-p 00000000 00:00 0 
7efbe4021000-7efbe8000000 ---p 00000000 00:00 0 
7efbe8000000-7efbe8021000 rw-p 00000000 00:00 0 
7efbe8021000-7efbec000000 ---p 00000000 00:00 0 
7efbec000000-7efbec021000 rw-p 00000000 00:00 0 
7efbec021000-7efbf0000000 ---p 00000000 00:00 0 
7efbf0000000-7efbf0021000 rw-p 00000000 00:00 0 
7efbf0021000-7efbf4000000 ---p 00000000 00:00 0 
7efbf4000000-7efbf4021000 rw-p 00000000 00:00 0 
7efbf4021000-7efbf8000000 ---p 00000000 00:00 0 
7efbf8000000-7efbf8021000 rw-p 00000000 00:00 0 
7efbf8021000-7efbfc000000 ---p 00000000 00:00 0 
7efbfc000000-7efbfd25b000 rw-p 00000000 00:00 0 
7efbfd25b000-7efc00000000 ---p 00000000 00:00 0 
7efc00000000-7efc00021000 rw-p 00000000 00:00 0 
7efc00021000-7efc04000000 ---p 00000000 00:00 0 
7efc04000000-7efc04021000 rw-p 00000000 00:00 0 
7efc04021000-7efc08000000 ---p 00000000 00:00 0 
7efc08000000-7efc08021000 rw-p 00000000 00:00 0 
7efc08021000-7efc0c000000 ---p 00000000 00:00 0 
7efc0c000000-7efc0c065000 rw-p 00000000 00:00 0 
7efc0c065000-7efc10000000 ---p 00000000 00:00 0 
7efc10000000-7efc10021000 rw-p 00000000 00:00 0 
7efc10021000-7efc14000000 ---p 00000000 00:00 0 
7efc14000000-7efc14003000 ---p 00000000 00:00 0 
7efc14003000-7efc14301000 rw-p 00000000 00:00 0 
7efc14301000-7efc14501000 rw-p 00000000 00:00 0 
7efc14501000-7efc14514000 r--s 00344000 08:03 1311718                    /opt/android-studio/jre/jre/lib/resources.jar
7efc14514000-7efc14714000 rw-p 00000000 00:00 0 
7efc14714000-7efc14914000 rw-p 00000000 00:00 0 
7efc14914000-7efc14b14000 rw-p 00000000 00:00 0 
7efc14b14000-7efc14b17000 ---p 00000000 00:00 0 
7efc14b17000-7efc14e15000 rw-p 00000000 00:00 0 
7efc14e15000-7efc14e16000 r--s 00001000 08:03 2366774                    /home/mann/.gradle/caches/jars-2/e7ciphpsk2l5j93dcs6850515edzr48/annotations-25.3.1.jar
7efc14e16000-7efc14e1e000 r--s 000a8000 08:03 2884099                    /home/mann/.gradle/caches/jars-2/lp0h431tl0554nh1vx6zomcvteflkp/lombok-ast-0.2.3.jar
7efc14e1e000-7efc14e32000 r--s 000b4000 08:03 2366772                    /home/mann/.gradle/caches/jars-2/hgvw6szzawm3evod5l2d6iutfug31w0/uast-162.2228.14.jar
7efc14e32000-7efc14e34000 r--s 0000d000 08:03 2884095                    /home/mann/.gradle/caches/jars-2/7pwz1bowgakb1eux9ezb56jlturgsyi/commons-codec-1.4.jar
7efc14e34000-7efc14e36000 r--s 0000d000 08:03 2884093                    /home/mann/.gradle/caches/jars-2/9dj1m0eyooi5qt13735vz8fpkl3cnfy/commons-logging-1.1.1.jar
7efc14e36000-7efc14e3b000 r--s 00028000 08:03 2884091                    /home/mann/.gradle/caches/jars-2/62lv0fe9b3xbqe57f6ljy5upwi7mf6k/httpcore-4.1.jar
7efc14e3b000-7efc14e3f000 r--s 0002f000 08:03 2884089                    /home/mann/.gradle/caches/jars-2/gsg5n52frsvw6sx0swqqe2hwijwdcf0/jimfs-1.1.jar
7efc14e3f000-7efc14e40000 r--s 00004000 08:03 2884087                    /home/mann/.gradle/caches/jars-2/lxs252id0979odjrerlctkb26c2vj95/annotations-12.0.jar
7efc14e40000-7efc14e41000 r--s 00004000 08:03 2884085                    /home/mann/.gradle/caches/jars-2/9kn99dr0rulyl67sct1ephwcop56l61/asm-analysis-5.0.4.jar
7efc14e41000-7efc14e45000 r--s 00040000 08:03 2366770                    /home/mann/.gradle/caches/jars-2/jv75gzi0rbej3i38160kterhdw6zdd8/lint-api-25.3.1.jar
7efc14e45000-7efc14e46000 r--s 0000a000 08:03 2884081                    /home/mann/.gradle/caches/jars-2/nwyg9io65lv6jvmwit2wq82xnnxd7ia/kxml2-2.3.0.jar
7efc14e46000-7efc14e48000 r--s 00005000 08:03 2884079                    /home/mann/.gradle/caches/jars-2/i6hc1uuj8e9ck59slmzdyz78ydn8sr6/httpmime-4.1.jar
7efc14e48000-7efc14e50000 r--s 0004e000 08:03 2884077                    /home/mann/.gradle/caches/jars-2/7503wa5irssz0xxahv1xb82p2dl7rr2/httpclient-4.1.1.jar
7efc14e50000-7efc14e57000 r--s 00053000 08:03 2884075                    /home/mann/.gradle/caches/jars-2/jgkfvs4eqggj7qsyw1f5d3up57hanj1/commons-compress-1.8.1.jar
7efc14e57000-7efc14e5c000 r--s 0002a000 08:03 2884073                    /home/mann/.gradle/caches/jars-2/je8f027qcr1z1egw08byp1ybxbp9kko/gson-2.2.4.jar
7efc14e5c000-7efc14e61000 r--s 0002e000 08:03 2366768                    /home/mann/.gradle/caches/jars-2/gzyprqdcro9z5wb2kdwh4yubk8ssibh/repository-25.3.1.jar
7efc14e61000-7efc14e62000 r--s 00005000 08:03 2366766                    /home/mann/.gradle/caches/jars-2/elnlyharob6vofn6fi63evkdzfkac5c/dvlib-25.3.1.jar
7efc14e62000-7efc14e65000 r--s 00012000 08:03 2366764                    /home/mann/.gradle/caches/jars-2/g5ep1vx6xwdufr2dfvys3bevvs0qcgu/layoutlib-api-25.3.1.jar
7efc14e65000-7efc14e6a000 r--s 00058000 08:03 2884065                    /home/mann/.gradle/caches/jars-2/st159835qgxm0l87oqrnhayxos4lc1n/asm-debug-all-5.0.1.jar
7efc14e6a000-7efc14e7a000 r--s 000d5000 08:03 2884063                    /home/mann/.gradle/caches/jars-2/qzf32gp9kej4w4hlbabft6tplu74cj3/proguard-base-5.3.2.jar
7efc14e7a000-7efc14e7d000 r--s 00033000 08:03 2884061                    /home/mann/.gradle/caches/jars-2/nz9sndmr8b4xbj4xulkaciy5kdbyfiz/juniversalchardet-1.0.3.jar
7efc14e7d000-7efc14e81000 r--s 0002a000 08:03 2884059                    /home/mann/.gradle/caches/jars-2/krbpn9xjn1qymukyx8cc5l799ty1v3h/commons-io-2.4.jar
7efc14e81000-7efc14e98000 r--s 00154000 08:03 2884057                    /home/mann/.gradle/caches/jars-2/sfeivjswzitn6n0fnjx3ueszz8gv8o1/antlr4-4.5.3.jar
7efc14e98000-7efc14e9a000 r--s 00002000 08:03 2366762                    /home/mann/.gradle/caches/jars-2/4gfpducxipz52n1p4zw9jpc8khazdnx/baseLibrary-2.3.1.jar
7efc14e9a000-7efc14ec5000 r--s 001fc000 08:03 2884053                    /home/mann/.gradle/caches/jars-2/nxjrjftly2xksl8o0wqgivu5netfu2x/guava-18.0.jar
7efc14ec5000-7efc14ed8000 r--s 00241000 08:03 2884051                    /home/mann/.gradle/caches/jars-2/9yuekvg4qerfitq3xec0iyckuw3hwaq/ecj-4.6.1.jar
7efc14ed8000-7efc14edf000 r--s 000d9000 08:03 2366760                    /home/mann/.gradle/caches/jars-2/oukj0edc56srbnco0khrhh4jk7trt96/lint-checks-25.3.1.jar
7efc14edf000-7efc14ee1000 r--s 00006000 08:03 2884047                    /home/mann/.gradle/caches/jars-2/6phgj9ki3jl3p5epzkqoo8pr6kur40b/asm-tree-5.0.4.jar
7efc14ee1000-7efc14f14000 r--s 00203000 08:03 2884045                    /home/mann/.gradle/caches/jars-2/hj0bfvxu9cq7hkwmecvp0kg137or3hh/bcprov-jdk15on-1.48.jar
7efc14f14000-7efc14f22000 r--s 00081000 08:03 2884043                    /home/mann/.gradle/caches/jars-2/4r7xli0tz94y0wfjrdyjxlxar3g1pb9/bcpkix-jdk15on-1.48.jar
7efc14f22000-7efc14f24000 r--s 00002000 08:03 2884041                    /home/mann/.gradle/caches/jars-2/f32bh5uivuf69ecz2j8hl96ksnqdh7v/javawriter-2.5.0.jar
7efc14f24000-7efc14f26000 r--s 00004000 08:03 2366758                    /home/mann/.gradle/caches/jars-2/1mcw0zrwhdfqbog9odx81af9yu9ranr/tracker-25.3.1.jar
7efc14f26000-7efc14f27000 r--s 00005000 08:03 2366756                    /home/mann/.gradle/caches/jars-2/2iho1524xlua4iq3vua1l4ije5msm33/shared-25.3.1.jar
7efc14f27000-7efc14f35000 r--s 00147000 08:03 2366754                    /home/mann/.gradle/caches/jars-2/jwjwpxcix6das5xq3y2el6vytkca3ec/protos-25.3.1.jar
7efc14f35000-7efc14f36000 r--s 00001000 08:03 2366752                    /home/mann/.gradle/caches/jars-2/bqo69msswbvaagsh45hf1tq02v21sml/jill-api-0.10.0.jar
7efc14f36000-7efc14f38000 r--s 00003000 08:03 2366750                    /home/mann/.gradle/caches/jars-2/7pldadygbci34ql8thws797g29k1uhh/jack-api-0.13.0.jar
7efc14f38000-7efc14f3e000 r--s 0004a000 08:03 2366748                    /home/mann/.gradle/caches/jars-2/cnza0v8do0o62kek4rozvxidhx9gllf/ddmlib-25.3.1.jar
7efc14f3e000-7efc14f41000 r--s 00022000 08:03 2366746                    /home/mann/.gradle/caches/jars-2/91t0kzdyfxxgdzpyask2ixvahlhk06o/manifest-merger-25.3.1.jar
7efc14f41000-7efc14f44000 r--s 0001c000 08:03 2366744                    /home/mann/.gradle/caches/jars-2/8lu0c3aenc5saf4edi5f5s3bl3vnb2i/common-25.3.1.jar
7efc14f44000-7efc14f4d000 r--s 00089000 08:03 2366742                    /home/mann/.gradle/caches/jars-2/ffqta29sy8rr9qszguhjpo6o0clog8h/sdk-common-25.3.1.jar
7efc14f4d000-7efc14f57000 r--s 00098000 08:03 2366740                    /home/mann/.gradle/caches/jars-2/fw5xki3t6ll86qukhd8torml14d0yx6/sdklib-25.3.1.jar
7efc14f57000-7efc14f58000 r--s 00002000 08:03 2366738                    /home/mann/.gradle/caches/jars-2/1f8ga7ty5vyd6df3vpshe9o0bl60jez/builder-test-api-2.3.1.jar
7efc14f58000-7efc14f5b000 r--s 00006000 08:03 2366736                    /home/mann/.gradle/caches/jars-2/1vc4hijyeiwrksdd0g1q3x1klhwiki7/builder-model-2.3.1.jar
7efc14f5b000-7efc14f6a000 r--s 00130000 08:03 2884015                    /home/mann/.gradle/caches/jars-2/cr6zkqpx14lor9zdtmo49qpc7y8r8p4/protobuf-java-3.0.0.jar
7efc14f6a000-7efc14f6c000 r--s 0000f000 08:03 2884013                    /home/mann/.gradle/caches/jars-2/rvfyugrlu5tbpz51p98og0qsxamjq4k/jopt-simple-4.9.jar
7efc14f6c000-7efc14f70000 r--s 0001f000 08:03 2884011                    /home/mann/.gradle/caches/jars-2/nq3fzqkrrm37ob61z4iu5qdbh368uat/org.jacoco.report-0.7.5.201505241946.jar
7efc14f70000-7efc14f74000 r--s 0001d000 08:03 2884009                    /home/mann/.gradle/caches/jars-2/3kxkmcckmk40ron92zhbm0qjo9l4bkl/org.jacoco.core-0.7.5.201505241946.jar
7efc14f74000-7efc14f76000 r--s 00002000 08:03 2884007                    /home/mann/.gradle/caches/jars-2/m4m0pzb4gmaeh0in5g2xc4bxeuwt828/proguard-gradle-5.3.2.jar
7efc14f76000-7efc14f78000 r--s 00009000 08:03 2884005                    /home/mann/.gradle/caches/jars-2/ajvcvdu66lc9e3tvvipxtuq48i9bbkc/asm-commons-5.0.4.jar
7efc14f78000-7efc14f7a000 r--s 0000c000 08:03 2884003                    /home/mann/.gradle/caches/jars-2/1laz1ygmxoc408r7nwqs1q8uk8r236d/asm-5.0.4.jar
7efc14f7a000-7efc14f7f000 r--s 0002c000 08:03 2366734                    /home/mann/.gradle/caches/jars-2/3g3xla7i5b1ed4tz29k2mgk3kpll78v/compilerCommon-2.3.1.jar
7efc14f7f000-7efc14f80000 r--s 00002000 08:03 2366732                    /home/mann/.gradle/caches/jars-2/iatv11rm7n8kgc0trb7hqnzj950e9w6/gradle-api-2.3.1.jar
7efc14f80000-7efc14f81000 r--s 00000000 08:03 2366730                    /home/mann/.gradle/caches/jars-2/tlyajppf8woug00g686fx5mchf8iv3o/transform-api-2.0.0-deprecated-use-gradle-api.jar
7efc14f81000-7efc14f86000 r--s 0005e000 08:03 2366728                    /home/mann/.gradle/caches/jars-2/2qud2rd1vm8n8konhdspzdxq2sianbz/lint-25.3.1.jar
7efc14f86000-7efc14f9c000 r--s 00163000 08:03 2366726                    /home/mann/.gradle/caches/jars-2/g6rpa218f3ehfgtm2rp33fyjlho7d9d/builder-2.3.1.jar
7efc14f9c000-7efc14fbb000 r--s 001ca000 08:03 2366724                    /home/mann/.gradle/caches/jars-2/gulub68qrtflq1vhvxdmke7ucq3kbl8/gradle-core-2.3.1.jar
7efc14fbb000-7efc14fbd000 r--s 0000d000 08:03 2366722                    /home/mann/.gradle/caches/jars-2/or1mnptj2fs865ihc1d4fmrgfcmcuy/gradle-2.3.1.jar
7efc14fbd000-7efc151bd000 rw-p 00000000 00:00 0 
7efc151bd000-7efc153bd000 rw-p 00000000 00:00 0 
7efc153bd000-7efc153c0000 ---p 00000000 00:00 0 
7efc153c0000-7efc156be000 rw-p 00000000 00:00 0 
7efc156be000-7efc158be000 rw-p 00000000 00:00 0 
7efc158be000-7efc15abe000 rw-p 00000000 00:00 0 
7efc15abe000-7efc15ac1000 ---p 00000000 00:00 0 
7efc15ac1000-7efc15af7000 rw-p 00000000 00:00 0 
7efc15af7000-7efc15af8000 r--p 00000000 00:00 0 
7efc15af8000-7efc15cf8000 rw-p 00000000 00:00 0 
7efc15cf8000-7efc15d71000 r--s 010ed000 08:03 1311622                    /opt/android-studio/jre/lib/tools.jar
7efc15d71000-7efc15f71000 rw-p 00000000 00:00 0 
7efc15f71000-7efc15f74000 ---p 00000000 00:00 0 
7efc15f74000-7efc16072000 rw-p 00000000 00:00 0 
7efc16072000-7efc16075000 ---p 00000000 00:00 0 
7efc16075000-7efc16173000 rw-p 00000000 00:00 0 
7efc16173000-7efc16176000 ---p 00000000 00:00 0 
7efc16176000-7efc16274000 rw-p 00000000 00:00 0 
7efc16274000-7efc16277000 ---p 00000000 00:00 0 
7efc16277000-7efc16375000 rw-p 00000000 00:00 0 
7efc16375000-7efc16378000 ---p 00000000 00:00 0 
7efc16378000-7efc16676000 rw-p 00000000 00:00 0 
7efc16676000-7efc16679000 ---p 00000000 00:00 0 
7efc16679000-7efc16777000 rw-p 00000000 00:00 0 
7efc16777000-7efc1677a000 ---p 00000000 00:00 0 
7efc1677a000-7efc16a78000 rw-p 00000000 00:00 0 
7efc16a78000-7efc16a7b000 ---p 00000000 00:00 0 
7efc16a7b000-7efc16b79000 rw-p 00000000 00:00 0 
7efc16b79000-7efc16b82000 r-xp 00000000 08:03 1311708                    /opt/android-studio/jre/jre/lib/amd64/libmanagement.so
7efc16b82000-7efc16d81000 ---p 00009000 08:03 1311708                    /opt/android-studio/jre/jre/lib/amd64/libmanagement.so
7efc16d81000-7efc16d82000 r--p 00008000 08:03 1311708                    /opt/android-studio/jre/jre/lib/amd64/libmanagement.so
7efc16d82000-7efc16d83000 rw-p 00009000 08:03 1311708                    /opt/android-studio/jre/jre/lib/amd64/libmanagement.so
7efc16d83000-7efc16d88000 r--s 00098000 08:03 1311669                    /opt/android-studio/jre/jre/lib/jsse.jar
7efc16d88000-7efc16d8a000 r--s 00007000 08:03 2361909                    /home/mann/.gradle/wrapper/dists/gradle-3.3-all/55gk2rcmfc6p2dg9u9ohc3hw9/gradle-3.3/lib/plugins/gradle-tooling-api-builders-3.3.jar
7efc16d8a000-7efc16d8d000 r--s 00009000 08:03 2361902                    /home/mann/.gradle/wrapper/dists/gradle-3.3-all/55gk2rcmfc6p2dg9u9ohc3hw9/gradle-3.3/lib/plugins/gradle-testing-native-3.3.jar
7efc16d8d000-7efc16d93000 r--s 00033000 08:03 2361977                    /home/mann/.gradle/wrapper/dists/gradle-3.3-all/55gk2rcmfc6p2dg9u9ohc3hw9/gradle-3.3/lib/plugins/snakeyaml-1.6.jar
7efc16d93000-7efc16d95000 r--s 00006000 08:03 2361976                    /home/mann/.gradle/wrapper/dists/gradle-3.3-all/55gk2rcmfc6p2dg9u9ohc3hw9/gradle-3.3/lib/plugins/jcommander-1.12.jar
7efc16d95000-7efc16d9a000 r--s 00040000 08:03 2361975                    /home/mann/.gradle/wrapper/dists/gradle-3.3-all/55gk2rcmfc6p2dg9u9ohc3hw9/gradle-3.3/lib/plugins/bsh-2.0b4.jar
7efc16d9a000-7efc16d9c000 r--s 00009000 08:03 2361983                    /home/mann/.gradle/wrapper/dists/gradle-3.3-all/55gk2rcmfc6p2dg9u9ohc3hw9/gradle-3.3/lib/plugins/hamcrest-core-1.3.jar
7efc16d9c000-7efc16da5000 r--s 00089000 08:03 2361934                    /home/mann/.gradle/wrapper/dists/gradle-3.3-all/55gk2rcmfc6p2dg9u9ohc3hw9/gradle-3.3/lib/plugins/testng-6.3.1.jar
7efc16da5000-7efc16dad000 r--s 00045000 08:03 2361933                    /home/mann/.gradle/wrapper/dists/gradle-3.3-all/55gk2rcmfc6p2dg9u9ohc3hw9/gradle-3.3/lib/plugins/junit-4.12.jar
7efc16dad000-7efc16db3000 r--s 0002e000 08:03 2361903                    /home/mann/.gradle/wrapper/dists/gradle-3.3-all/55gk2rcmfc6p2dg9u9ohc3hw9/gradle-3.3/lib/plugins/gradle-testing-jvm-3.3.jar
7efc16db3000-7efc16db7000 r--s 00016000 08:03 2361901                    /home/mann/.gradle/wrapper/dists/gradle-3.3-all/55gk2rcmfc6p2dg9u9ohc3hw9/gradle-3.3/lib/plugins/gradle-testing-base-3.3.jar
7efc16db7000-7efc16dbe000 r--s 00038000 08:03 2361928                    /home/mann/.gradle/wrapper/dists/gradle-3.3-all/55gk2rcmfc6p2dg9u9ohc3hw9/gradle-3.3/lib/plugins/bcpg-jdk15on-1.51.jar
7efc16dbe000-7efc16dc0000 r--s 0000c000 08:03 2361880                    /home/mann/.gradle/wrapper/dists/gradle-3.3-all/55gk2rcmfc6p2dg9u9ohc3hw9/gradle-3.3/lib/plugins/gradle-signing-3.3.jar
7efc16dc0000-7efc16dc2000 r--s 00007000 08:03 2361879                    /home/mann/.gradle/wrapper/dists/gradle-3.3-all/55gk2rcmfc6p2dg9u9ohc3hw9/gradle-3.3/lib/plugins/gradle-scala-3.3.jar
7efc16dc2000-7efc16dc3000 r--s 00004000 08:03 2361907                    /home/mann/.gradle/wrapper/dists/gradle-3.3-all/55gk2rcmfc6p2dg9u9ohc3hw9/gradle-3.3/lib/plugins/gradle-resources-sftp-3.3.jar
7efc16dc3000-7efc16dd3000 r--s 00088000 08:03 2361944                    /home/mann/.gradle/wrapper/dists/gradle-3.3-all/55gk2rcmfc6p2dg9u9ohc3hw9/gradle-3.3/lib/plugins/joda-time-2.8.2.jar
7efc16dd3000-7efc16de4000 r--s 0010d000 08:03 2361943                    /home/mann/.gradle/wrapper/dists/gradle-3.3-all/55gk2rcmfc6p2dg9u9ohc3hw9/gradle-3.3/lib/plugins/jackson-databind-2.6.6.jar
7efc16de4000-7efc16de7000 r--s 00009000 08:03 2361942                    /home/mann/.gradle/wrapper/dists/gradle-3.3-all/55gk2rcmfc6p2dg9u9ohc3hw9/gradle-3.3/lib/plugins/jackson-annotations-2.6.6.jar
7efc16de7000-7efc16deb000 r--s 0003c000 08:03 2361941                    /home/mann/.gradle/wrapper/dists/gradle-3.3-all/55gk2rcmfc6p2dg9u9ohc3hw9/gradle-3.3/lib/plugins/jackson-core-2.6.6.jar
7efc16deb000-7efc16df9000 r--s 00087000 08:03 2361940                    /home/mann/.gradle/wrapper/dists/gradle-3.3-all/55gk2rcmfc6p2dg9u9ohc3hw9/gradle-3.3/lib/plugins/aws-java-sdk-core-1.11.6.jar
7efc16df9000-7efc16e00000 r--s 00057000 08:03 2361939                    /home/mann/.gradle/wrapper/dists/gradle-3.3-all/55gk2rcmfc6p2dg9u9ohc3hw9/gradle-3.3/lib/plugins/aws-java-sdk-kms-1.11.6.jar
7efc16e00000-7efc16e0d000 r--s 0008e000 08:03 2361938                    /home/mann/.gradle/wrapper/dists/gradle-3.3-all/55gk2rcmfc6p2dg9u9ohc3hw9/gradle-3.3/lib/plugins/aws-java-sdk-s3-1.11.6.jar
7efc16e0d000-7efc16e0f000 r--s 00004000 08:03 2361908                    /home/mann/.gradle/wrapper/dists/gradle-3.3-all/55gk2rcmfc6p2dg9u9ohc3hw9/gradle-3.3/lib/plugins/gradle-resources-s3-3.3.jar
7efc16e0f000-7efc16e11000 r--s 00005000 08:03 2361932                    /home/mann/.gradle/wrapper/dists/gradle-3.3-all/55gk2rcmfc6p2dg9u9ohc3hw9/gradle-3.3/lib/plugins/jatl-0.2.2.jar
7efc16e11000-7efc16e13000 r--s 0000f000 08:03 2361885                    /home/mann/.gradle/wrapper/dists/gradle-3.3-all/55gk2rcmfc6p2dg9u9ohc3hw9/gradle-3.3/lib/plugins/gradle-reporting-3.3.jar
7efc16e13000-7efc16e15000 r--s 00002000 08:03 2361886                    /home/mann/.gradle/wrapper/dists/gradle-3.3-all/55gk2rcmfc6p2dg9u9ohc3hw9/gradle-3.3/lib/plugins/gradle-publish-3.3.jar
7efc16e15000-7efc16e17000 r--s 00009000 08:03 2361915                    /home/mann/.gradle/wrapper/dists/gradle-3.3-all/55gk2rcmfc6p2dg9u9ohc3hw9/gradle-3.3/lib/plugins/commons-cli-1.2.jar
7efc16e17000-7efc16e1d000 r--s 00031000 08:03 2361871                    /home/mann/.gradle/wrapper/dists/gradle-3.3-all/55gk2rcmfc6p2dg9u9ohc3hw9/gradle-3.3/lib/plugins/gradle-plugins-3.3.jar
7efc16e1d000-7efc16e1f000 r--s 00009000 08:03 2361904                    /home/mann/.gradle/wrapper/dists/gradle-3.3-all/55gk2rcmfc6p2dg9u9ohc3hw9/gradle-3.3/lib/plugins/gradle-plugin-development-3.3.jar
7efc16e1f000-7efc16e25000 r--s 0002b000 08:03 2361897                    /home/mann/.gradle/wrapper/dists/gradle-3.3-all/55gk2rcmfc6p2dg9u9ohc3hw9/gradle-3.3/lib/plugins/gradle-platform-play-3.3.jar
7efc16e25000-7efc16e33000 r--s 00055000 08:03 2361896                    /home/mann/.gradle/wrapper/dists/gradle-3.3-all/55gk2rcmfc6p2dg9u9ohc3hw9/gradle-3.3/lib/plugins/gradle-platform-native-3.3.jar
7efc16e33000-7efc16e38000 r--s 0001f000 08:03 2361891                    /home/mann/.gradle/wrapper/dists/gradle-3.3-all/55gk2rcmfc6p2dg9u9ohc3hw9/gradle-3.3/lib/plugins/gradle-platform-jvm-3.3.jar
7efc16e38000-7efc16e40000 r--s 00027000 08:03 2361890                    /home/mann/.gradle/wrapper/dists/gradle-3.3-all/55gk2rcmfc6p2dg9u9ohc3hw9/gradle-3.3/lib/plugins/gradle-platform-base-3.3.jar
7efc16e40000-7efc16e68000 r--s 0021c000 08:03 2361923                    /home/mann/.gradle/wrapper/dists/gradle-3.3-all/55gk2rcmfc6p2dg9u9ohc3hw9/gradle-3.3/lib/plugins/biz.aQute.bndlib-3.2.0.jar
7efc16e68000-7efc16e6a000 r--s 00003000 08:03 2361875                    /home/mann/.gradle/wrapper/dists/gradle-3.3-all/55gk2rcmfc6p2dg9u9ohc3hw9/gradle-3.3/lib/plugins/gradle-osgi-3.3.jar
7efc16e6a000-7efc16e6d000 r--s 0000c000 08:03 2361926                    /home/mann/.gradle/wrapper/dists/gradle-3.3-all/55gk2rcmfc6p2dg9u9ohc3hw9/gradle-3.3/lib/plugins/pmaven-groovy-0.8-20100325.jar
7efc16e6d000-7efc16e6e000 r--s 00004000 08:03 2361925                    /home/mann/.gradle/wrapper/dists/gradle-3.3-all/55gk2rcmfc6p2dg9u9ohc3hw9/gradle-3.3/lib/plugins/pmaven-common-0.8-20100325.jar
7efc16e6e000-7efc16e74000 r--s 00023000 08:03 2361876                    /home/mann/.gradle/wrapper/dists/gradle-3.3-all/55gk2rcmfc6p2dg9u9ohc3hw9/gradle-3.3/lib/plugins/gradle-maven-3.3.jar
7efc16e74000-7efc16e77000 r--s 0000b000 08:03 2361895                    /home/mann/.gradle/wrapper/dists/gradle-3.3-all/55gk2rcmfc6p2dg9u9ohc3hw9/gradle-3.3/lib/plugins/gradle-language-scala-3.3.jar
7efc16e77000-7efc16e7d000 r--s 0001a000 08:03 2361899                    /home/mann/.gradle/wrapper/dists/gradle-3.3-all/55gk2rcmfc6p2dg9u9ohc3hw9/gradle-3.3/lib/plugins/gradle-language-native-3.3.jar
7efc16e7d000-7efc16e80000 r--s 00005000 08:03 2361892                    /home/mann/.gradle/wrapper/dists/gradle-3.3-all/55gk2rcmfc6p2dg9u9ohc3hw9/gradle-3.3/lib/plugins/gradle-language-jvm-3.3.jar
7efc16e80000-7efc16e86000 r--s 00027000 08:03 2361893                    /home/mann/.gradle/wrapper/dists/gradle-3.3-all/55gk2rcmfc6p2dg9u9ohc3hw9/gradle-3.3/lib/plugins/gradle-language-java-3.3.jar
7efc16e86000-7efc16e88000 r--s 0000a000 08:03 2361894                    /home/mann/.gradle/wrapper/dists/gradle-3.3-all/55gk2rcmfc6p2dg9u9ohc3hw9/gradle-3.3/lib/plugins/gradle-language-groovy-3.3.jar
7efc16e88000-7efc16e8b000 r--s 0001e000 08:03 2361950                    /home/mann/.gradle/wrapper/dists/gradle-3.3-all/55gk2rcmfc6p2dg9u9ohc3hw9/gradle-3.3/lib/plugins/jsp-api-2.1-6.1.14.jar
7efc16e8b000-7efc16eae000 r--s 00344000 08:03 2361949                    /home/mann/.gradle/wrapper/dists/gradle-3.3-all/55gk2rcmfc6p2dg9u9ohc3hw9/gradle-3.3/lib/plugins/core-3.1.1.jar
7efc16eae000-7efc16eaf000 r--s 00006000 08:03 2361948                    /home/mann/.gradle/wrapper/dists/gradle-3.3-all/55gk2rcmfc6p2dg9u9ohc3hw9/gradle-3.3/lib/plugins/jetty-naming-6.1.26.jar
7efc16eaf000-7efc16eb0000 r--s 00002000 08:03 2361922                    /home/mann/.gradle/wrapper/dists/gradle-3.3-all/55gk2rcmfc6p2dg9u9ohc3hw9/gradle-3.3/lib/plugins/geronimo-annotation_1.0_spec-1.0.jar
7efc16eb0000-7efc16eb2000 r--s 00002000 08:03 2361921                    /home/mann/.gradle/wrapper/dists/gradle-3.3-all/55gk2rcmfc6p2dg9u9ohc3hw9/gradle-3.3/lib/plugins/jetty-annotations-6.1.26.jar
7efc16eb2000-7efc16ec3000 r--s 000ea000 08:03 2361920                    /home/mann/.gradle/wrapper/dists/gradle-3.3-all/55gk2rcmfc6p2dg9u9ohc3hw9/gradle-3.3/lib/plugins/jsp-2.1-6.1.14.jar
7efc16ec3000-7efc16ec5000 r--s 0000d000 08:03 2361919                    /home/mann/.gradle/wrapper/dists/gradle-3.3-all/55gk2rcmfc6p2dg9u9ohc3hw9/gradle-3.3/lib/plugins/jetty-plus-6.1.26.jar
7efc16ec5000-7efc16ec7000 r--s 0001f000 08:03 2361918                    /home/mann/.gradle/wrapper/dists/gradle-3.3-all/55gk2rcmfc6p2dg9u9ohc3hw9/gradle-3.3/lib/plugins/servlet-api-2.5-20081211.jar
7efc16ec7000-7efc16ecb000 r--s 00028000 08:03 2361917                    /home/mann/.gradle/wrapper/dists/gradle-3.3-all/55gk2rcmfc6p2dg9u9ohc3hw9/gradle-3.3/lib/plugins/jetty-util-6.1.26.jar
7efc16ecb000-7efc16ed2000 r--s 0007d000 08:03 2361916                    /home/mann/.gradle/wrapper/dists/gradle-3.3-all/55gk2rcmfc6p2dg9u9ohc3hw9/gradle-3.3/lib/plugins/jetty-6.1.26.jar
7efc16ed2000-7efc16ed4000 r--s 0000a000 08:03 2361873                    /home/mann/.gradle/wrapper/dists/gradle-3.3-all/55gk2rcmfc6p2dg9u9ohc3hw9/gradle-3.3/lib/plugins/gradle-jetty-3.3.jar
7efc16ed4000-7efc16edb000 r--s 00035000 08:03 2361931                    /home/mann/.gradle/wrapper/dists/gradle-3.3-all/55gk2rcmfc6p2dg9u9ohc3hw9/gradle-3.3/lib/plugins/simple-4.1.21.jar
7efc16edb000-7efc16ee7000 r--s 00100000 08:03 2361929                    /home/mann/.gradle/wrapper/dists/gradle-3.3-all/55gk2rcmfc6p2dg9u9ohc3hw9/gradle-3.3/lib/plugins/rhino-1.7R3.jar
7efc16ee7000-7efc16eeb000 r--s 00012000 08:03 2361882                    /home/mann/.gradle/wrapper/dists/gradle-3.3-all/55gk2rcmfc6p2dg9u9ohc3hw9/gradle-3.3/lib/plugins/gradle-javascript-3.3.jar
7efc16eeb000-7efc16eed000 r--s 0000d000 08:03 2361888                    /home/mann/.gradle/wrapper/dists/gradle-3.3-all/55gk2rcmfc6p2dg9u9ohc3hw9/gradle-3.3/lib/plugins/gradle-jacoco-3.3.jar
7efc16eed000-7efc16ef0000 r--s 0000e000 08:03 2361887                    /home/mann/.gradle/wrapper/dists/gradle-3.3-all/55gk2rcmfc6p2dg9u9ohc3hw9/gradle-3.3/lib/plugins/gradle-ivy-3.3.jar
7efc16ef0000-7efc16ef1000 r--s 00002000 08:03 2361898                    /home/mann/.gradle/wrapper/dists/gradle-3.3-all/55gk2rcmfc6p2dg9u9ohc3hw9/gradle-3.3/lib/plugins/gradle-ide-play-3.3.jar
7efc16ef1000-7efc16ef4000 r--s 00013000 08:03 2361900                    /home/mann/.gradle/wrapper/dists/gradle-3.3-all/55gk2rcmfc6p2dg9u9ohc3hw9/gradle-3.3/lib/plugins/gradle-ide-native-3.3.jar
7efc16ef4000-7efc16efd000 r--s 00055000 08:03 2361877                    /home/mann/.gradle/wrapper/dists/gradle-3.3-all/55gk2rcmfc6p2dg9u9ohc3hw9/gradle-3.3/lib/plugins/gradle-ide-3.3.jar
7efc16efd000-7efc16eff000 r--s 00007000 08:03 2361881                    /home/mann/.gradle/wrapper/dists/gradle-3.3-all/55gk2rcmfc6p2dg9u9ohc3hw9/gradle-3.3/lib/plugins/gradle-ear-3.3.jar
7efc16eff000-7efc16f05000 r--s 00039000 08:03 2361884                    /home/mann/.gradle/wrapper/dists/gradle-3.3-all/55gk2rcmfc6p2dg9u9ohc3hw9/gradle-3.3/lib/plugins/gradle-diagnostics-3.3.jar
7efc16f05000-7efc16f06000 r--s 00009000 08:03 2361910                    /home/mann/.gradle/wrapper/dists/gradle-3.3-all/55gk2rcmfc6p2dg9u9ohc3hw9/gradle-3.3/lib/plugins/gradle-composite-builds-3.3.jar
7efc16f06000-7efc16f0a000 r--s 00023000 08:03 2361872                    /home/mann/.gradle/wrapper/dists/gradle-3.3-all/55gk2rcmfc6p2dg9u9ohc3hw9/gradle-3.3/lib/plugins/gradle-code-quality-3.3.jar
7efc16f0a000-7efc16f0e000 r--s 00022000 08:03 2361889                    /home/mann/.gradle/wrapper/dists/gradle-3.3-all/55gk2rcmfc6p2dg9u9ohc3hw9/gradle-3.3/lib/plugins/gradle-build-init-3.3.jar
7efc16f0e000-7efc16f14000 r--s 0008e000 08:03 2361883                    /home/mann/.gradle/wrapper/dists/gradle-3.3-all/55gk2rcmfc6p2dg9u9ohc3hw9/gradle-3.3/lib/plugins/gradle-build-comparison-3.3.jar
7efc16f14000-7efc16f15000 r--s 00001000 08:03 2361911                    /home/mann/.gradle/wrapper/dists/gradle-3.3-all/55gk2rcmfc6p2dg9u9ohc3hw9/gradle-3.3/lib/plugins/gradle-build-cache-http-3.3.jar
7efc16f15000-7efc16f17000 r--s 00008000 08:03 2361874                    /home/mann/.gradle/wrapper/dists/gradle-3.3-all/55gk2rcmfc6p2dg9u9ohc3hw9/gradle-3.3/lib/plugins/gradle-antlr-3.3.jar
7efc16f17000-7efc16f19000 r--s 00004000 08:03 2361878                    /home/mann/.gradle/wrapper/dists/gradle-3.3-all/55gk2rcmfc6p2dg9u9ohc3hw9/gradle-3.3/lib/plugins/gradle-announce-3.3.jar
7efc16f19000-7efc16f31000 r--s 00115000 08:03 2361980                    /home/mann/.gradle/wrapper/dists/gradle-3.3-all/55gk2rcmfc6p2dg9u9ohc3hw9/gradle-3.3/lib/plugins/xercesImpl-2.9.1.jar
7efc16f31000-7efc16f39000 r--s 00028000 08:03 2361981                    /home/mann/.gradle/wrapper/dists/gradle-3.3-all/55gk2rcmfc6p2dg9u9ohc3hw9/gradle-3.3/lib/plugins/xml-apis-1.3.04.jar
7efc16f39000-7efc16f3f000 r--s 0005b000 08:03 2361979                    /home/mann/.gradle/wrapper/dists/gradle-3.3-all/55gk2rcmfc6p2dg9u9ohc3hw9/gradle-3.3/lib/plugins/jcifs-1.3.17.jar
7efc16f3f000-7efc16f45000 r--s 00033000 08:03 2361927                    /home/mann/.gradle/wrapper/dists/gradle-3.3-all/55gk2rcmfc6p2dg9u9ohc3hw9/gradle-3.3/lib/plugins/commons-codec-1.6.jar
7efc16f45000-7efc16f4c000 r--s 00049000 08:03 2361978                    /home/mann/.gradle/wrapper/dists/gradle-3.3-all/55gk2rcmfc6p2dg9u9ohc3hw9/gradle-3.3/lib/plugins/httpcore-4.4.4.jar
7efc16f4c000-7efc16f4f000 r--s 0001c000 08:03 2361936                    /home/mann/.gradle/wrapper/dists/gradle-3.3-all/55gk2rcmfc6p2dg9u9ohc3hw9/gradle-3.3/lib/plugins/nekohtml-1.9.14.jar
7efc16f4f000-7efc16f5c000 r--s 000a4000 08:03 2361935                    /home/mann/.gradle/wrapper/dists/gradle-3.3-all/55gk2rcmfc6p2dg9u9ohc3hw9/gradle-3.3/lib/plugins/httpclient-4.4.1.jar
7efc16f5c000-7efc16f5f000 r--s 0000a000 08:03 2361906                    /home/mann/.gradle/wrapper/dists/gradle-3.3-all/55gk2rcmfc6p2dg9u9ohc3hw9/gradle-3.3/lib/plugins/gradle-resources-http-3.3.jar
7efc16f5f000-7efc16f63000 r--s 00015000 08:03 2361905                    /home/mann/.gradle/wrapper/dists/gradle-3.3-all/55gk2rcmfc6p2dg9u9ohc3hw9/gradle-3.3/lib/plugins/gradle-plugin-use-3.3.jar
7efc16f63000-7efc16f64000 r--s 00000000 08:03 2361817                    /home/mann/.gradle/wrapper/dists/gradle-3.3-all/55gk2rcmfc6p2dg9u9ohc3hw9/gradle-3.3/lib/gradle-installation-beacon-3.3.jar
7efc16f64000-7efc16f66000 r--s 00006000 08:03 2361974                    /home/mann/.gradle/wrapper/dists/gradle-3.3-all/55gk2rcmfc6p2dg9u9ohc3hw9/gradle-3.3/lib/plugins/aether-connector-wagon-1.13.1.jar
7efc16f66000-7efc16f6a000 r--s 0001c000 08:03 2361973                    /home/mann/.gradle/wrapper/dists/gradle-3.3-all/55gk2rcmfc6p2dg9u9ohc3hw9/gradle-3.3/lib/plugins/aether-util-1.13.1.jar
7efc16f6a000-7efc16f6b000 r--s 00003000 08:03 2361972                    /home/mann/.gradle/wrapper/dists/gradle-3.3-all/55gk2rcmfc6p2dg9u9ohc3hw9/gradle-3.3/lib/plugins/aether-spi-1.13.1.jar
7efc16f6b000-7efc16f6e000 r--s 0001d000 08:03 2361971                    /home/mann/.gradle/wrapper/dists/gradle-3.3-all/55gk2rcmfc6p2dg9u9ohc3hw9/gradle-3.3/lib/plugins/aether-impl-1.13.1.jar
7efc16f6e000-7efc16f71000 r--s 00013000 08:03 2361970                    /home/mann/.gradle/wrapper/dists/gradle-3.3-all/55gk2rcmfc6p2dg9u9ohc3hw9/gradle-3.3/lib/plugins/aether-api-1.13.1.jar
7efc16f71000-7efc16f72000 r--s 00007000 08:03 2361969                    /home/mann/.gradle/wrapper/dists/gradle-3.3-all/55gk2rcmfc6p2dg9u9ohc3hw9/gradle-3.3/lib/plugins/wagon-http-shared4-2.4.jar
7efc16f72000-7efc16f74000 r--s 0000b000 08:03 2361968                    /home/mann/.gradle/wrapper/dists/gradle-3.3-all/55gk2rcmfc6p2dg9u9ohc3hw9/gradle-3.3/lib/plugins/wagon-provider-api-2.4.jar
7efc16f74000-7efc16f75000 r--s 00002000 08:03 2361967                    /home/mann/.gradle/wrapper/dists/gradle-3.3-all/55gk2rcmfc6p2dg9u9ohc3hw9/gradle-3.3/lib/plugins/wagon-http-2.4.jar
7efc16f75000-7efc16f76000 r--s 00002000 08:03 2361966                    /home/mann/.gradle/wrapper/dists/gradle-3.3-all/55gk2rcmfc6p2dg9u9ohc3hw9/gradle-3.3/lib/plugins/wagon-file-2.4.jar
7efc16f76000-7efc16f78000 r--s 0000c000 08:03 2361965                    /home/mann/.gradle/wrapper/dists/gradle-3.3-all/55gk2rcmfc6p2dg9u9ohc3hw9/gradle-3.3/lib/plugins/maven-aether-provider-3.0.4.jar
7efc16f78000-7efc16f7a000 r--s 0000b000 08:03 2361964                    /home/mann/.gradle/wrapper/dists/gradle-3.3-all/55gk2rcmfc6p2dg9u9ohc3hw9/gradle-3.3/lib/plugins/maven-plugin-api-3.0.4.jar
7efc16f7a000-7efc16f7c000 r--s 00006000 08:03 2361963                    /home/mann/.gradle/wrapper/dists/gradle-3.3-all/55gk2rcmfc6p2dg9u9ohc3hw9/gradle-3.3/lib/plugins/maven-repository-metadata-3.0.4.jar
7efc16f7c000-7efc16f7e000 r--s 0000b000 08:03 2361962                    /home/mann/.gradle/wrapper/dists/gradle-3.3-all/55gk2rcmfc6p2dg9u9ohc3hw9/gradle-3.3/lib/plugins/maven-artifact-3.0.4.jar
7efc16f7e000-7efc16f80000 r--s 00026000 08:03 2361961                    /home/mann/.gradle/wrapper/dists/gradle-3.3-all/55gk2rcmfc6p2dg9u9ohc3hw9/gradle-3.3/lib/plugins/maven-model-3.0.4.jar
7efc16f80000-7efc16f84000 r--s 00021000 08:03 2361960                    /home/mann/.gradle/wrapper/dists/gradle-3.3-all/55gk2rcmfc6p2dg9u9ohc3hw9/gradle-3.3/lib/plugins/maven-model-builder-3.0.4.jar
7efc16f84000-7efc16f8a000 r--s 0003f000 08:03 2361959                    /home/mann/.gradle/wrapper/dists/gradle-3.3-all/55gk2rcmfc6p2dg9u9ohc3hw9/gradle-3.3/lib/plugins/maven-compat-3.0.4.jar
7efc16f8a000-7efc16f8c000 r--s 00002000 08:03 2361957                    /home/mann/.gradle/wrapper/dists/gradle-3.3-all/55gk2rcmfc6p2dg9u9ohc3hw9/gradle-3.3/lib/plugins/plexus-cipher-1.7.jar
7efc16f8c000-7efc16f8e000 r--s 0000a000 08:03 2361956                    /home/mann/.gradle/wrapper/dists/gradle-3.3-all/55gk2rcmfc6p2dg9u9ohc3hw9/gradle-3.3/lib/plugins/plexus-classworlds-2.4.jar
7efc16f8e000-7efc16f95000 r--s 0002e000 08:03 2361955                    /home/mann/.gradle/wrapper/dists/gradle-3.3-all/55gk2rcmfc6p2dg9u9ohc3hw9/gradle-3.3/lib/plugins/plexus-container-default-1.5.5.jar
7efc16f95000-7efc16f97000 r--s 00000000 08:03 2361982                    /home/mann/.gradle/wrapper/dists/gradle-3.3-all/55gk2rcmfc6p2dg9u9ohc3hw9/gradle-3.3/lib/plugins/plexus-component-annotations-1.5.5.jar
7efc16f97000-7efc16f99000 r--s 0000d000 08:03 2361954                    /home/mann/.gradle/wrapper/dists/gradle-3.3-all/55gk2rcmfc6p2dg9u9ohc3hw9/gradle-3.3/lib/plugins/plexus-interpolation-1.14.jar
7efc16f99000-7efc16f9d000 r--s 00033000 08:03 2361953                    /home/mann/.gradle/wrapper/dists/gradle-3.3-all/55gk2rcmfc6p2dg9u9ohc3hw9/gradle-3.3/lib/plugins/plexus-utils-2.0.6.jar
7efc16f9d000-7efc16fa0000 r--s 00008000 08:03 2361952                    /home/mann/.gradle/wrapper/dists/gradle-3.3-all/55gk2rcmfc6p2dg9u9ohc3hw9/gradle-3.3/lib/plugins/maven-settings-builder-3.0.4.jar
7efc16fa0000-7efc16fa5000 r--s 00040000 08:03 2361937                    /home/mann/.gradle/wrapper/dists/gradle-3.3-all/55gk2rcmfc6p2dg9u9ohc3hw9/gradle-3.3/lib/plugins/jsch-0.1.53.jar
7efc16fa5000-7efc16fe5000 r--s 00277000 08:03 2361947                    /home/mann/.gradle/wrapper/dists/gradle-3.3-all/55gk2rcmfc6p2dg9u9ohc3hw9/gradle-3.3/lib/plugins/bcprov-jdk15on-1.51.jar
7efc16fe5000-7efc16ff1000 r--s 0007d000 08:03 2361924                    /home/mann/.gradle/wrapper/dists/gradle-3.3-all/55gk2rcmfc6p2dg9u9ohc3hw9/gradle-3.3/lib/plugins/maven-core-3.0.4.jar
7efc16ff1000-7efc17000000 r--s 000d9000 08:03 2361945                    /home/mann/.gradle/wrapper/dists/gradle-3.3-all/55gk2rcmfc6p2dg9u9ohc3hw9/gradle-3.3/lib/plugins/ivy-2.2.0.jar
7efc17000000-7efc17016000 r-xp 00000000 08:03 7081557                    /usr/lib/libgcc_s.so.1
7efc17016000-7efc17215000 ---p 00016000 08:03 7081557                    /usr/lib/libgcc_s.so.1
7efc17215000-7efc17216000 r--p 00015000 08:03 7081557                    /usr/lib/libgcc_s.so.1
7efc17216000-7efc17217000 rw-p 00016000 08:03 7081557                    /usr/lib/libgcc_s.so.1
7efc17217000-7efc1738f000 r-xp 00000000 08:03 7081525                    /usr/lib/libstdc++.so.6.0.22
7efc1738f000-7efc1758f000 ---p 00178000 08:03 7081525                    /usr/lib/libstdc++.so.6.0.22
7efc1758f000-7efc17599000 r--p 00178000 08:03 7081525                    /usr/lib/libstdc++.so.6.0.22
7efc17599000-7efc1759b000 rw-p 00182000 08:03 7081525                    /usr/lib/libstdc++.so.6.0.22
7efc1759b000-7efc1759f000 rw-p 00000000 00:00 0 
7efc1759f000-7efc175a1000 r--s 0000a000 08:03 2361951                    /home/mann/.gradle/wrapper/dists/gradle-3.3-all/55gk2rcmfc6p2dg9u9ohc3hw9/gradle-3.3/lib/plugins/maven-settings-3.0.4.jar
7efc175a1000-7efc175a5000 r--s 0001d000 08:03 2361946                    /home/mann/.gradle/wrapper/dists/gradle-3.3-all/55gk2rcmfc6p2dg9u9ohc3hw9/gradle-3.3/lib/plugins/xbean-reflect-3.4.jar
7efc175a5000-7efc175aa000 r--s 00034000 08:03 2361930                    /home/mann/.gradle/wrapper/dists/gradle-3.3-all/55gk2rcmfc6p2dg9u9ohc3hw9/gradle-3.3/lib/plugins/gson-2.7.jar
7efc175aa000-7efc175c9000 r--s 000f6000 08:03 2361913                    /home/mann/.gradle/wrapper/dists/gradle-3.3-all/55gk2rcmfc6p2dg9u9ohc3hw9/gradle-3.3/lib/plugins/gradle-dependency-management-3.3.jar
7efc175c9000-7efc175cb000 r--s 00005000 08:03 2361912                    /home/mann/.gradle/wrapper/dists/gradle-3.3-all/55gk2rcmfc6p2dg9u9ohc3hw9/gradle-3.3/lib/plugins/gradle-workers-3.3.jar
7efc175cb000-7efc175d0000 r-xp 00000000 08:03 2365630                    /home/mann/.gradle/native/23/linux-amd64/libnative-platform.so
7efc175d0000-7efc177cf000 ---p 00005000 08:03 2365630                    /home/mann/.gradle/native/23/linux-amd64/libnative-platform.so
7efc177cf000-7efc177d0000 rw-p 00004000 08:03 2365630                    /home/mann/.gradle/native/23/linux-amd64/libnative-platform.so
7efc177d0000-7efc177e1000 r-xp 00000000 08:03 1311705                    /opt/android-studio/jre/jre/lib/amd64/libnio.so
7efc177e1000-7efc179e0000 ---p 00011000 08:03 1311705                    /opt/android-studio/jre/jre/lib/amd64/libnio.so
7efc179e0000-7efc179e1000 r--p 00010000 08:03 1311705                    /opt/android-studio/jre/jre/lib/amd64/libnio.so
7efc179e1000-7efc179e2000 rw-p 00011000 08:03 1311705                    /opt/android-studio/jre/jre/lib/amd64/libnio.so
7efc179e2000-7efc179f9000 r-xp 00000000 08:03 1311704                    /opt/android-studio/jre/jre/lib/amd64/libnet.so
7efc179f9000-7efc17bf8000 ---p 00017000 08:03 1311704                    /opt/android-studio/jre/jre/lib/amd64/libnet.so
7efc17bf8000-7efc17bf9000 r--p 00016000 08:03 1311704                    /opt/android-studio/jre/jre/lib/amd64/libnet.so
7efc17bf9000-7efc17bfa000 rw-p 00017000 08:03 1311704                    /opt/android-studio/jre/jre/lib/amd64/libnet.so
7efc17bfa000-7efc17c07000 r--s 00041000 08:03 2361823                    /home/mann/.gradle/wrapper/dists/gradle-3.3-all/55gk2rcmfc6p2dg9u9ohc3hw9/gradle-3.3/lib/gradle-tooling-api-3.3.jar
7efc17c07000-7efc17c0d000 r--s 00032000 08:03 2361845                    /home/mann/.gradle/wrapper/dists/gradle-3.3-all/55gk2rcmfc6p2dg9u9ohc3hw9/gradle-3.3/lib/jaxen-1.1.jar
7efc17c0d000-7efc17c12000 r--s 00048000 08:03 2361844                    /home/mann/.gradle/wrapper/dists/gradle-3.3-all/55gk2rcmfc6p2dg9u9ohc3hw9/gradle-3.3/lib/dom4j-1.6.1.jar
7efc17c12000-7efc17c1d000 r--s 00059000 08:03 2361822                    /home/mann/.gradle/wrapper/dists/gradle-3.3-all/55gk2rcmfc6p2dg9u9ohc3hw9/gradle-3.3/lib/gradle-ui-3.3.jar
7efc17c1d000-7efc17c26000 r--s 0008c000 08:03 2361814                    /home/mann/.gradle/wrapper/dists/gradle-3.3-all/55gk2rcmfc6p2dg9u9ohc3hw9/gradle-3.3/lib/kotlin-stdlib-1.1-M02.jar
7efc17c26000-7efc17c2c000 r--s 0002a000 08:03 2361813                    /home/mann/.gradle/wrapper/dists/gradle-3.3-all/55gk2rcmfc6p2dg9u9ohc3hw9/gradle-3.3/lib/kotlin-runtime-1.1-M02.jar
7efc17c2c000-7efc17c60000 r--s 00256000 08:03 2361812                    /home/mann/.gradle/wrapper/dists/gradle-3.3-all/55gk2rcmfc6p2dg9u9ohc3hw9/gradle-3.3/lib/kotlin-reflect-1.1-M02.jar
7efc17c60000-7efc17df6000 r--s 0157e000 08:03 2361811                    /home/mann/.gradle/wrapper/dists/gradle-3.3-all/55gk2rcmfc6p2dg9u9ohc3hw9/gradle-3.3/lib/kotlin-compiler-embeddable-1.1-M02.jar
7efc17df6000-7efc17dfe000 r--s 0004e000 08:03 2361810                    /home/mann/.gradle/wrapper/dists/gradle-3.3-all/55gk2rcmfc6p2dg9u9ohc3hw9/gradle-3.3/lib/gradle-script-kotlin-0.5.1.jar
7efc17dfe000-7efc17dff000 ---p 00000000 00:00 0 
7efc17dff000-7efc17eff000 rw-p 00000000 00:00 0 
7efc17eff000-7efc17f02000 ---p 00000000 00:00 0 
7efc17f02000-7efc18000000 rw-p 00000000 00:00 0 
7efc18000000-7efc1a72d000 rw-p 00000000 00:00 0 
7efc1a72d000-7efc1c000000 ---p 00000000 00:00 0 
7efc1c000000-7efc1c973000 rw-p 00000000 00:00 0 
7efc1c973000-7efc20000000 ---p 00000000 00:00 0 
7efc20000000-7efc20021000 rw-p 00000000 00:00 0 
7efc20021000-7efc24000000 ---p 00000000 00:00 0 
7efc24000000-7efc2641d000 rw-p 00000000 00:00 0 
7efc2641d000-7efc28000000 ---p 00000000 00:00 0 
7efc28000000-7efc28021000 rw-p 00000000 00:00 0 
7efc28021000-7efc2c000000 ---p 00000000 00:00 0 
7efc2c000000-7efc2c021000 rw-p 00000000 00:00 0 
7efc2c021000-7efc30000000 ---p 00000000 00:00 0 
7efc30000000-7efc3027e000 rw-p 00000000 00:00 0 
7efc3027e000-7efc34000000 ---p 00000000 00:00 0 
7efc34000000-7efc34001000 r--s 00006000 08:03 2361958                    /home/mann/.gradle/wrapper/dists/gradle-3.3-all/55gk2rcmfc6p2dg9u9ohc3hw9/gradle-3.3/lib/plugins/plexus-sec-dispatcher-1.3.jar
7efc34001000-7efc34002000 r--s 00006000 08:03 2361816                    /home/mann/.gradle/wrapper/dists/gradle-3.3-all/55gk2rcmfc6p2dg9u9ohc3hw9/gradle-3.3/lib/gradle-wrapper-3.3.jar
7efc34002000-7efc34004000 r--s 00002000 08:03 2361843                    /home/mann/.gradle/wrapper/dists/gradle-3.3-all/55gk2rcmfc6p2dg9u9ohc3hw9/gradle-3.3/lib/gradle-open-api-3.3.jar
7efc34004000-7efc34007000 r--s 0000b000 08:03 2361841                    /home/mann/.gradle/wrapper/dists/gradle-3.3-all/55gk2rcmfc6p2dg9u9ohc3hw9/gradle-3.3/lib/gradle-resources-3.3.jar
7efc34007000-7efc34009000 r--s 00003000 08:03 2361850                    /home/mann/.gradle/wrapper/dists/gradle-3.3-all/55gk2rcmfc6p2dg9u9ohc3hw9/gradle-3.3/lib/jcl-over-slf4j-1.7.10.jar
7efc34009000-7efc3400a000 r--s 00005000 08:03 2361849                    /home/mann/.gradle/wrapper/dists/gradle-3.3-all/55gk2rcmfc6p2dg9u9ohc3hw9/gradle-3.3/lib/log4j-over-slf4j-1.7.10.jar
7efc3400a000-7efc3400c000 r--s 00000000 08:03 2361848                    /home/mann/.gradle/wrapper/dists/gradle-3.3-all/55gk2rcmfc6p2dg9u9ohc3hw9/gradle-3.3/lib/jul-to-slf4j-1.7.10.jar
7efc3400c000-7efc34011000 r--s 0001e000 08:03 2361825                    /home/mann/.gradle/wrapper/dists/gradle-3.3-all/55gk2rcmfc6p2dg9u9ohc3hw9/gradle-3.3/lib/gradle-logging-3.3.jar
7efc34011000-7efc34013000 r--s 00007000 08:03 2361869                    /home/mann/.gradle/wrapper/dists/gradle-3.3-all/55gk2rcmfc6p2dg9u9ohc3hw9/gradle-3.3/lib/objenesis-1.2.jar
7efc34013000-7efc34015000 r--s 00000000 08:03 2361868                    /home/mann/.gradle/wrapper/dists/gradle-3.3-all/55gk2rcmfc6p2dg9u9ohc3hw9/gradle-3.3/lib/minlog-1.2.jar
7efc34015000-7efc34017000 r--s 0000f000 08:03 2361867                    /home/mann/.gradle/wrapper/dists/gradle-3.3-all/55gk2rcmfc6p2dg9u9ohc3hw9/gradle-3.3/lib/reflectasm-1.07-shaded.jar
7efc34017000-7efc3401b000 r--s 00026000 08:03 2361852                    /home/mann/.gradle/wrapper/dists/gradle-3.3-all/55gk2rcmfc6p2dg9u9ohc3hw9/gradle-3.3/lib/kryo-2.20.jar
7efc3401b000-7efc34021000 r--s 00027000 08:03 2361840                    /home/mann/.gradle/wrapper/dists/gradle-3.3-all/55gk2rcmfc6p2dg9u9ohc3hw9/gradle-3.3/lib/gradle-messaging-3.3.jar
7efc34021000-7efc34022000 r--s 00001000 08:03 2361866                    /home/mann/.gradle/wrapper/dists/gradle-3.3-all/55gk2rcmfc6p2dg9u9ohc3hw9/gradle-3.3/lib/native-platform-linux-i386-ncurses6-0.12.jar
7efc34022000-7efc34023000 r--s 00001000 08:03 2361865                    /home/mann/.gradle/wrapper/dists/gradle-3.3-all/55gk2rcmfc6p2dg9u9ohc3hw9/gradle-3.3/lib/native-platform-linux-i386-ncurses5-0.12.jar
7efc34023000-7efc34024000 r--s 00001000 08:03 2361864                    /home/mann/.gradle/wrapper/dists/gradle-3.3-all/55gk2rcmfc6p2dg9u9ohc3hw9/gradle-3.3/lib/native-platform-linux-amd64-ncurses6-0.12.jar
7efc34024000-7efc34025000 r--s 00001000 08:03 2361863                    /home/mann/.gradle/wrapper/dists/gradle-3.3-all/55gk2rcmfc6p2dg9u9ohc3hw9/gradle-3.3/lib/native-platform-linux-amd64-ncurses5-0.12.jar
7efc34025000-7efc34026000 r--s 0000b000 08:03 2361862                    /home/mann/.gradle/wrapper/dists/gradle-3.3-all/55gk2rcmfc6p2dg9u9ohc3hw9/gradle-3.3/lib/native-platform-windows-i386-0.12.jar
7efc34026000-7efc34028000 r--s 0000b000 08:03 2361861                    /home/mann/.gradle/wrapper/dists/gradle-3.3-all/55gk2rcmfc6p2dg9u9ohc3hw9/gradle-3.3/lib/native-platform-windows-amd64-0.12.jar
7efc34028000-7efc3402a000 r--s 00002000 08:03 2361860                    /home/mann/.gradle/wrapper/dists/gradle-3.3-all/55gk2rcmfc6p2dg9u9ohc3hw9/gradle-3.3/lib/native-platform-osx-i386-0.12.jar
7efc3402a000-7efc3402d000 ---p 00000000 00:00 0 
7efc3402d000-7efc3412b000 rw-p 00000000 00:00 0 
7efc3412b000-7efc3412e000 ---p 00000000 00:00 0 
7efc3412e000-7efc3422c000 rw-p 00000000 00:00 0 
7efc3422c000-7efc3422f000 ---p 00000000 00:00 0 
7efc3422f000-7efc3432d000 rw-p 00000000 00:00 0 
7efc3432d000-7efc34330000 ---p 00000000 00:00 0 
7efc34330000-7efc3442e000 rw-p 00000000 00:00 0 
7efc3442e000-7efc346f7000 r--p 00000000 08:03 7100047                    /usr/lib/locale/locale-archive
7efc346f7000-7efc346fa000 ---p 00000000 00:00 0 
7efc346fa000-7efc347f8000 rw-p 00000000 00:00 0 
7efc347f8000-7efc347fb000 ---p 00000000 00:00 0 
7efc347fb000-7efc348f9000 rw-p 00000000 00:00 0 
7efc348f9000-7efc348fa000 ---p 00000000 00:00 0 
7efc348fa000-7efc38000000 rw-p 00000000 00:00 0 
7efc38000000-7efc38021000 rw-p 00000000 00:00 0 
7efc38021000-7efc3c000000 ---p 00000000 00:00 0 
7efc3c000000-7efc3c024000 rw-p 00000000 00:00 0 
7efc3c024000-7efc40000000 ---p 00000000 00:00 0 
7efc40000000-7efc4002b000 rw-p 00000000 00:00 0 
7efc4002b000-7efc44000000 ---p 00000000 00:00 0 
7efc44000000-7efc44021000 rw-p 00000000 00:00 0 
7efc44021000-7efc48000000 ---p 00000000 00:00 0 
7efc48000000-7efc48001000 r--s 00002000 08:03 2361859                    /home/mann/.gradle/wrapper/dists/gradle-3.3-all/55gk2rcmfc6p2dg9u9ohc3hw9/gradle-3.3/lib/native-platform-osx-amd64-0.12.jar
7efc48001000-7efc48002000 r--s 00002000 08:03 2361858                    /home/mann/.gradle/wrapper/dists/gradle-3.3-all/55gk2rcmfc6p2dg9u9ohc3hw9/gradle-3.3/lib/native-platform-linux-i386-0.12.jar
7efc48002000-7efc48003000 r--s 00002000 08:03 2361857                    /home/mann/.gradle/wrapper/dists/gradle-3.3-all/55gk2rcmfc6p2dg9u9ohc3hw9/gradle-3.3/lib/native-platform-linux-amd64-0.12.jar
7efc48003000-7efc48004000 r--s 00003000 08:03 2361856                    /home/mann/.gradle/wrapper/dists/gradle-3.3-all/55gk2rcmfc6p2dg9u9ohc3hw9/gradle-3.3/lib/native-platform-freebsd-i386-libstdcpp-0.12.jar
7efc48004000-7efc48005000 r--s 00004000 08:03 2361855                    /home/mann/.gradle/wrapper/dists/gradle-3.3-all/55gk2rcmfc6p2dg9u9ohc3hw9/gradle-3.3/lib/native-platform-freebsd-i386-libcpp-0.12.jar
7efc48005000-7efc48007000 r--s 00003000 08:03 2361854                    /home/mann/.gradle/wrapper/dists/gradle-3.3-all/55gk2rcmfc6p2dg9u9ohc3hw9/gradle-3.3/lib/native-platform-freebsd-amd64-libstdcpp-0.12.jar
7efc48007000-7efc48008000 r--s 00004000 08:03 2361853                    /home/mann/.gradle/wrapper/dists/gradle-3.3-all/55gk2rcmfc6p2dg9u9ohc3hw9/gradle-3.3/lib/native-platform-freebsd-amd64-libcpp-0.12.jar
7efc48008000-7efc4800b000 r--s 00023000 08:03 2361847                    /home/mann/.gradle/wrapper/dists/gradle-3.3-all/55gk2rcmfc6p2dg9u9ohc3hw9/gradle-3.3/lib/jansi-1.14.jar
7efc4800b000-7efc4800f000 r--s 00011000 08:03 2361846                    /home/mann/.gradle/wrapper/dists/gradle-3.3-all/55gk2rcmfc6p2dg9u9ohc3hw9/gradle-3.3/lib/native-platform-0.12.jar
7efc4800f000-7efc48012000 r--s 0000a000 08:03 2361824                    /home/mann/.gradle/wrapper/dists/gradle-3.3-all/55gk2rcmfc6p2dg9u9ohc3hw9/gradle-3.3/lib/gradle-native-3.3.jar
7efc48012000-7efc48014000 r--s 00005000 08:03 2361821                    /home/mann/.gradle/wrapper/dists/gradle-3.3-all/55gk2rcmfc6p2dg9u9ohc3hw9/gradle-3.3/lib/gradle-cli-3.3.jar
7efc48014000-7efc48016000 r--s 00007000 08:03 2361832                    /home/mann/.gradle/wrapper/dists/gradle-3.3-all/55gk2rcmfc6p2dg9u9ohc3hw9/gradle-3.3/lib/gradle-model-groovy-3.3.jar
7efc48016000-7efc48018000 r--s 00006000 08:03 2361839                    /home/mann/.gradle/wrapper/dists/gradle-3.3-all/55gk2rcmfc6p2dg9u9ohc3hw9/gradle-3.3/lib/gradle-base-services-groovy-3.3.jar
7efc48018000-7efc48027000 r--s 0007f000 08:03 2361831                    /home/mann/.gradle/wrapper/dists/gradle-3.3-all/55gk2rcmfc6p2dg9u9ohc3hw9/gradle-3.3/lib/gradle-model-core-3.3.jar
7efc48027000-7efc48028000 r--s 00002000 08:03 2361842                    /home/mann/.gradle/wrapper/dists/gradle-3.3-all/55gk2rcmfc6p2dg9u9ohc3hw9/gradle-3.3/lib/gradle-docs-3.3.jar
7efc48028000-7efc48029000 r--s 00000000 08:03 2361838                    /home/mann/.gradle/wrapper/dists/gradle-3.3-all/55gk2rcmfc6p2dg9u9ohc3hw9/gradle-3.3/lib/javax.inject-1.jar
7efc48029000-7efc4802a000 r--s 00000000 08:03 2361837                    /home/mann/.gradle/wrapper/dists/gradle-3.3-all/55gk2rcmfc6p2dg9u9ohc3hw9/gradle-3.3/lib/jcip-annotations-1.0.jar
7efc4802a000-7efc4802e000 r--s 00027000 08:03 2361836                    /home/mann/.gradle/wrapper/dists/gradle-3.3-all/55gk2rcmfc6p2dg9u9ohc3hw9/gradle-3.3/lib/commons-io-2.2.jar
7efc4802e000-7efc4803b000 r--s 00083000 08:03 2361835                    /home/mann/.gradle/wrapper/dists/gradle-3.3-all/55gk2rcmfc6p2dg9u9ohc3hw9/gradle-3.3/lib/commons-collections-3.2.2.jar
7efc4803b000-7efc48040000 r--s 00038000 08:03 2361833                    /home/mann/.gradle/wrapper/dists/gradle-3.3-all/55gk2rcmfc6p2dg9u9ohc3hw9/gradle-3.3/lib/asm-all-5.1.jar
7efc48040000-7efc480b0000 r--s 00641000 08:03 2361830                    /home/mann/.gradle/wrapper/dists/gradle-3.3-all/55gk2rcmfc6p2dg9u9ohc3hw9/gradle-3.3/lib/groovy-all-2.4.7.jar
7efc480b0000-7efc480b2000 r--s 00000000 08:03 2361819                    /home/mann/.gradle/wrapper/dists/gradle-3.3-all/55gk2rcmfc6p2dg9u9ohc3hw9/gradle-3.3/lib/gradle-jvm-services-3.3.jar
7efc480b2000-7efc480da000 r--s 001cf000 08:03 2361827                    /home/mann/.gradle/wrapper/dists/gradle-3.3-all/55gk2rcmfc6p2dg9u9ohc3hw9/gradle-3.3/lib/guava-jdk5-17.0.jar
7efc480da000-7efc480f9000 r--s 001d1000 08:03 2361834                    /home/mann/.gradle/wrapper/dists/gradle-3.3-all/55gk2rcmfc6p2dg9u9ohc3hw9/gradle-3.3/lib/ant-1.9.6.jar
7efc480f9000-7efc49000000 rw-p 00000000 00:00 0 
7efc49000000-7efc4a6e0000 rwxp 00000000 00:00 0 
7efc4a6e0000-7efc58000000 ---p 00000000 00:00 0 
7efc58000000-7efc58d40000 rw-p 00000000 00:00 0 
7efc58d40000-7efc5c000000 ---p 00000000 00:00 0 
7efc5c000000-7efc5c005000 r--s 00041000 08:03 2361828                    /home/mann/.gradle/wrapper/dists/gradle-3.3-all/55gk2rcmfc6p2dg9u9ohc3hw9/gradle-3.3/lib/commons-lang-2.6.jar
7efc5c005000-7efc5c042000 r--s 001f8000 08:03 2361820                    /home/mann/.gradle/wrapper/dists/gradle-3.3-all/55gk2rcmfc6p2dg9u9ohc3hw9/gradle-3.3/lib/gradle-core-3.3.jar
7efc5c042000-7efc5c04f000 r--s 0005c000 08:03 2361815                    /home/mann/.gradle/wrapper/dists/gradle-3.3-all/55gk2rcmfc6p2dg9u9ohc3hw9/gradle-3.3/lib/gradle-launcher-3.3.jar
7efc5c04f000-7efc5c302000 rw-p 00000000 00:00 0 
7efc5c302000-7efc5c4d1000 r--s 03c1b000 08:03 1311672                    /opt/android-studio/jre/jre/lib/rt.jar
7efc5c4d1000-7efc5c847000 rw-p 00000000 00:00 0 
7efc5c847000-7efc5c848000 ---p 00000000 00:00 0 
7efc5c848000-7efc5c948000 rw-p 00000000 00:00 0 
7efc5c948000-7efc5c949000 ---p 00000000 00:00 0 
7efc5c949000-7efc5ca49000 rw-p 00000000 00:00 0 
7efc5ca49000-7efc5ca4a000 ---p 00000000 00:00 0 
7efc5ca4a000-7efc5cb4a000 rw-p 00000000 00:00 0 
7efc5cb4a000-7efc5cb4b000 ---p 00000000 00:00 0 
7efc5cb4b000-7efc5cc69000 rw-p 00000000 00:00 0 
7efc5cc69000-7efc5ce4b000 ---p 00000000 00:00 0 
7efc5ce4b000-7efc5ce69000 rw-p 00000000 00:00 0 
7efc5ce69000-7efc5d04b000 ---p 00000000 00:00 0 
7efc5d04b000-7efc5d0b8000 rw-p 00000000 00:00 0 
7efc5d0b8000-7efc5d14b000 ---p 00000000 00:00 0 
7efc5d14b000-7efc5d1a8000 rw-p 00000000 00:00 0 
7efc5d1a8000-7efc5d50c000 ---p 00000000 00:00 0 
7efc5d50c000-7efc5d526000 r-xp 00000000 08:03 1311689                    /opt/android-studio/jre/jre/lib/amd64/libzip.so
7efc5d526000-7efc5d726000 ---p 0001a000 08:03 1311689                    /opt/android-studio/jre/jre/lib/amd64/libzip.so
7efc5d726000-7efc5d727000 r--p 0001a000 08:03 1311689                    /opt/android-studio/jre/jre/lib/amd64/libzip.so
7efc5d727000-7efc5d728000 rw-p 0001b000 08:03 1311689                    /opt/android-studio/jre/jre/lib/amd64/libzip.so
7efc5d728000-7efc5d733000 r-xp 00000000 08:03 7079992                    /usr/lib/libnss_files-2.25.so
7efc5d733000-7efc5d932000 ---p 0000b000 08:03 7079992                    /usr/lib/libnss_files-2.25.so
7efc5d932000-7efc5d933000 r--p 0000a000 08:03 7079992                    /usr/lib/libnss_files-2.25.so
7efc5d933000-7efc5d934000 rw-p 0000b000 08:03 7079992                    /usr/lib/libnss_files-2.25.so
7efc5d934000-7efc5d93a000 rw-p 00000000 00:00 0 
7efc5d93a000-7efc5d945000 r-xp 00000000 08:03 7079990                    /usr/lib/libnss_nis-2.25.so
7efc5d945000-7efc5db44000 ---p 0000b000 08:03 7079990                    /usr/lib/libnss_nis-2.25.so
7efc5db44000-7efc5db45000 r--p 0000a000 08:03 7079990                    /usr/lib/libnss_nis-2.25.so
7efc5db45000-7efc5db46000 rw-p 0000b000 08:03 7079990                    /usr/lib/libnss_nis-2.25.so
7efc5db46000-7efc5db5b000 r-xp 00000000 08:03 7079986                    /usr/lib/libnsl-2.25.so
7efc5db5b000-7efc5dd5a000 ---p 00015000 08:03 7079986                    /usr/lib/libnsl-2.25.so
7efc5dd5a000-7efc5dd5b000 r--p 00014000 08:03 7079986                    /usr/lib/libnsl-2.25.so
7efc5dd5b000-7efc5dd5c000 rw-p 00015000 08:03 7079986                    /usr/lib/libnsl-2.25.so
7efc5dd5c000-7efc5dd5e000 rw-p 00000000 00:00 0 
7efc5dd5e000-7efc5dd65000 r-xp 00000000 08:03 7079995                    /usr/lib/libnss_compat-2.25.so
7efc5dd65000-7efc5df64000 ---p 00007000 08:03 7079995                    /usr/lib/libnss_compat-2.25.so
7efc5df64000-7efc5df65000 r--p 00006000 08:03 7079995                    /usr/lib/libnss_compat-2.25.so
7efc5df65000-7efc5df66000 rw-p 00007000 08:03 7079995                    /usr/lib/libnss_compat-2.25.so
7efc5df66000-7efc5df93000 r-xp 00000000 08:03 1311707                    /opt/android-studio/jre/jre/lib/amd64/libjava.so
7efc5df93000-7efc5e192000 ---p 0002d000 08:03 1311707                    /opt/android-studio/jre/jre/lib/amd64/libjava.so
7efc5e192000-7efc5e193000 r--p 0002c000 08:03 1311707                    /opt/android-studio/jre/jre/lib/amd64/libjava.so
7efc5e193000-7efc5e195000 rw-p 0002d000 08:03 1311707                    /opt/android-studio/jre/jre/lib/amd64/libjava.so
7efc5e195000-7efc5e1a5000 r-xp 00000000 08:03 1311678                    /opt/android-studio/jre/jre/lib/amd64/libverify.so
7efc5e1a5000-7efc5e3a4000 ---p 00010000 08:03 1311678                    /opt/android-studio/jre/jre/lib/amd64/libverify.so
7efc5e3a4000-7efc5e3a6000 r--p 0000f000 08:03 1311678                    /opt/android-studio/jre/jre/lib/amd64/libverify.so
7efc5e3a6000-7efc5e3a7000 rw-p 00011000 08:03 1311678                    /opt/android-studio/jre/jre/lib/amd64/libverify.so
7efc5e3a7000-7efc5e3ae000 r-xp 00000000 08:03 7079984                    /usr/lib/librt-2.25.so
7efc5e3ae000-7efc5e5ad000 ---p 00007000 08:03 7079984                    /usr/lib/librt-2.25.so
7efc5e5ad000-7efc5e5ae000 r--p 00006000 08:03 7079984                    /usr/lib/librt-2.25.so
7efc5e5ae000-7efc5e5af000 rw-p 00007000 08:03 7079984                    /usr/lib/librt-2.25.so
7efc5e5af000-7efc5e6c1000 r-xp 00000000 08:03 7079987                    /usr/lib/libm-2.25.so
7efc5e6c1000-7efc5e8c0000 ---p 00112000 08:03 7079987                    /usr/lib/libm-2.25.so
7efc5e8c0000-7efc5e8c1000 r--p 00111000 08:03 7079987                    /usr/lib/libm-2.25.so
7efc5e8c1000-7efc5e8c2000 rw-p 00112000 08:03 7079987                    /usr/lib/libm-2.25.so
7efc5e8c2000-7efc5f4b3000 r-xp 00000000 08:03 1311687                    /opt/android-studio/jre/jre/lib/amd64/server/libjvm.so
7efc5f4b3000-7efc5f6b3000 ---p 00bf1000 08:03 1311687                    /opt/android-studio/jre/jre/lib/amd64/server/libjvm.so
7efc5f6b3000-7efc5f752000 r--p 00bf1000 08:03 1311687                    /opt/android-studio/jre/jre/lib/amd64/server/libjvm.so
7efc5f752000-7efc5f77b000 rw-p 00c90000 08:03 1311687                    /opt/android-studio/jre/jre/lib/amd64/server/libjvm.so
7efc5f77b000-7efc5f7bf000 rw-p 00000000 00:00 0 
7efc5f7bf000-7efc5f7d8000 r-xp 00000000 08:03 7080061                    /usr/lib/libpthread-2.25.so
7efc5f7d8000-7efc5f9d7000 ---p 00019000 08:03 7080061                    /usr/lib/libpthread-2.25.so
7efc5f9d7000-7efc5f9d8000 r--p 00018000 08:03 7080061                    /usr/lib/libpthread-2.25.so
7efc5f9d8000-7efc5f9d9000 rw-p 00019000 08:03 7080061                    /usr/lib/libpthread-2.25.so
7efc5f9d9000-7efc5f9dd000 rw-p 00000000 00:00 0 
7efc5f9dd000-7efc5f9e0000 r-xp 00000000 08:03 7079988                    /usr/lib/libdl-2.25.so
7efc5f9e0000-7efc5fbdf000 ---p 00003000 08:03 7079988                    /usr/lib/libdl-2.25.so
7efc5fbdf000-7efc5fbe0000 r--p 00002000 08:03 7079988                    /usr/lib/libdl-2.25.so
7efc5fbe0000-7efc5fbe1000 rw-p 00003000 08:03 7079988                    /usr/lib/libdl-2.25.so
7efc5fbe1000-7efc5fd7c000 r-xp 00000000 08:03 7080042                    /usr/lib/libc-2.25.so
7efc5fd7c000-7efc5ff7b000 ---p 0019b000 08:03 7080042                    /usr/lib/libc-2.25.so
7efc5ff7b000-7efc5ff7f000 r--p 0019a000 08:03 7080042                    /usr/lib/libc-2.25.so
7efc5ff7f000-7efc5ff81000 rw-p 0019e000 08:03 7080042                    /usr/lib/libc-2.25.so
7efc5ff81000-7efc5ff85000 rw-p 00000000 00:00 0 
7efc5ff85000-7efc5ff9b000 r-xp 00000000 08:03 1311628                    /opt/android-studio/jre/lib/amd64/jli/libjli.so
7efc5ff9b000-7efc6019a000 ---p 00016000 08:03 1311628                    /opt/android-studio/jre/lib/amd64/jli/libjli.so
7efc6019a000-7efc6019b000 r--p 00015000 08:03 1311628                    /opt/android-studio/jre/lib/amd64/jli/libjli.so
7efc6019b000-7efc6019c000 rw-p 00016000 08:03 1311628                    /opt/android-studio/jre/lib/amd64/jli/libjli.so
7efc6019c000-7efc601bf000 r-xp 00000000 08:03 7080043                    /usr/lib/ld-2.25.so
7efc601bf000-7efc601c8000 r--s 00042000 08:03 2361818                    /home/mann/.gradle/wrapper/dists/gradle-3.3-all/55gk2rcmfc6p2dg9u9ohc3hw9/gradle-3.3/lib/gradle-base-services-3.3.jar
7efc601c8000-7efc6028d000 rw-p 00000000 00:00 0 
7efc6028d000-7efc60290000 ---p 00000000 00:00 0 
7efc60290000-7efc60390000 rw-p 00000000 00:00 0 
7efc60390000-7efc60391000 r--s 00001000 08:03 2361829                    /home/mann/.gradle/wrapper/dists/gradle-3.3-all/55gk2rcmfc6p2dg9u9ohc3hw9/gradle-3.3/lib/gradle-process-services-3.3.jar
7efc60391000-7efc60392000 r--s 00000000 08:03 2361984                    /home/mann/.gradle/wrapper/dists/gradle-3.3-all/55gk2rcmfc6p2dg9u9ohc3hw9/gradle-3.3/lib/gradle-version-info-3.3.jar
7efc60392000-7efc60393000 r--s 00007000 08:03 2361826                    /home/mann/.gradle/wrapper/dists/gradle-3.3-all/55gk2rcmfc6p2dg9u9ohc3hw9/gradle-3.3/lib/slf4j-api-1.7.10.jar
7efc60393000-7efc60394000 r--s 00004000 08:03 2361851                    /home/mann/.gradle/wrapper/dists/gradle-3.3-all/55gk2rcmfc6p2dg9u9ohc3hw9/gradle-3.3/lib/ant-launcher-1.9.6.jar
7efc60394000-7efc603b2000 rw-p 00000000 00:00 0 
7efc603b2000-7efc603ba000 rw-s 00000000 00:23 49777                      /tmp/hsperfdata_mann/2889
7efc603ba000-7efc603bb000 rw-p 00000000 00:00 0 
7efc603bb000-7efc603bc000 ---p 00000000 00:00 0 
7efc603bc000-7efc603be000 rw-p 00000000 00:00 0 
7efc603be000-7efc603bf000 r--p 00022000 08:03 7080043                    /usr/lib/ld-2.25.so
7efc603bf000-7efc603c0000 rw-p 00023000 08:03 7080043                    /usr/lib/ld-2.25.so
7efc603c0000-7efc603c1000 rw-p 00000000 00:00 0 
7ffccc26f000-7ffccc290000 rw-p 00000000 00:00 0                          [stack]
7ffccc3b8000-7ffccc3ba000 r--p 00000000 00:00 0                          [vvar]
7ffccc3ba000-7ffccc3bc000 r-xp 00000000 00:00 0                          [vdso]
ffffffffff600000-ffffffffff601000 r-xp 00000000 00:00 0                  [vsyscall]

VM Arguments:
jvm_args: -Xmx1536m -Dfile.encoding=UTF-8 -Duser.country=US -Duser.language=en -Duser.variant 
java_command: org.gradle.launcher.daemon.bootstrap.GradleDaemon 3.3
java_class_path (initial): /home/mann/.gradle/wrapper/dists/gradle-3.3-all/55gk2rcmfc6p2dg9u9ohc3hw9/gradle-3.3/lib/gradle-launcher-3.3.jar
Launcher Type: SUN_STANDARD

Environment Variables:
JAVA_HOME=/opt/java
PATH=/usr/local/sbin:/usr/local/bin:/usr/bin:/opt/java/bin:/usr/lib/jvm/default/bin:/usr/bin/site_perl:/usr/bin/vendor_perl:/usr/bin/core_perl
USERNAME=mann
LD_LIBRARY_PATH=/opt/android-studio/bin:
SHELL=/bin/bash
DISPLAY=:0

Signal Handlers:
SIGSEGV: [libjvm.so+0x9e5150], sa_mask[0]=11111111011111111101111111111110, sa_flags=SA_RESTART|SA_SIGINFO
SIGBUS: [libjvm.so+0x9e5150], sa_mask[0]=11111111011111111101111111111110, sa_flags=SA_RESTART|SA_SIGINFO
SIGFPE: [libjvm.so+0x848450], sa_mask[0]=11111111011111111101111111111110, sa_flags=SA_RESTART|SA_SIGINFO
SIGPIPE: [libjvm.so+0x848450], sa_mask[0]=11111111011111111101111111111110, sa_flags=SA_RESTART|SA_SIGINFO
SIGXFSZ: [libjvm.so+0x848450], sa_mask[0]=11111111011111111101111111111110, sa_flags=SA_RESTART|SA_SIGINFO
SIGILL: [libjvm.so+0x848450], sa_mask[0]=11111111011111111101111111111110, sa_flags=SA_RESTART|SA_SIGINFO
SIGUSR1: SIG_DFL, sa_mask[0]=00000000000000000000000000000000, sa_flags=none
SIGUSR2: [libjvm.so+0x848320], sa_mask[0]=00100000000000000000000000000000, sa_flags=SA_RESTART|SA_SIGINFO
SIGHUP: [libjvm.so+0x848510], sa_mask[0]=11111111011111111101111111111110, sa_flags=SA_RESTART|SA_SIGINFO
SIGINT: [libjvm.so+0x848510], sa_mask[0]=11111111011111111101111111111110, sa_flags=SA_RESTART|SA_SIGINFO
SIGTERM: [libjvm.so+0x848510], sa_mask[0]=11111111011111111101111111111110, sa_flags=SA_RESTART|SA_SIGINFO
SIGQUIT: [libjvm.so+0x848510], sa_mask[0]=11111111011111111101111111111110, sa_flags=SA_RESTART|SA_SIGINFO


---------------  S Y S T E M  ---------------

OS:NAME="Arch Linux"
PRETTY_NAME="Arch Linux"
ID=arch
ID_LIKE=archlinux
ANSI_COLOR="0;36"
HOME_URL="https://www.archlinux.org/"
SUPPORT_URL="https://bbs.archlinux.org/"
BUG_REPORT_URL="https://bugs.archlinux.org/"


uname:Linux 4.10.11-1-ARCH #1 SMP PREEMPT Tue Apr 18 08:39:42 CEST 2017 x86_64
libc:glibc 2.25 NPTL 2.25 
rlimit: STACK 8192k, CORE infinity, NPROC 15502, NOFILE 4096, AS infinity
load average:7.71 4.07 2.39

/proc/meminfo:
MemTotal:        3977632 kB
MemFree:           88968 kB
MemAvailable:       5392 kB
Buffers:            2952 kB
Cached:           304300 kB
SwapCached:            0 kB
Active:          3406900 kB
Inactive:         282264 kB
Active(anon):    3383364 kB
Inactive(anon):   263852 kB
Active(file):      23536 kB
Inactive(file):    18412 kB
Unevictable:           0 kB
Mlocked:               0 kB
SwapTotal:             0 kB
SwapFree:              0 kB
Dirty:                 8 kB
Writeback:          2420 kB
AnonPages:       3382460 kB
Mapped:            82244 kB
Shmem:            264628 kB
Slab:              73628 kB
SReclaimable:      36160 kB
SUnreclaim:        37468 kB
KernelStack:       11744 kB
PageTables:        48684 kB
NFS_Unstable:          0 kB
Bounce:                0 kB
WritebackTmp:          0 kB
CommitLimit:     1988816 kB
Committed_AS:    7892244 kB
VmallocTotal:   34359738367 kB
VmallocUsed:           0 kB
VmallocChunk:          0 kB
HardwareCorrupted:     0 kB
AnonHugePages:    796672 kB
ShmemHugePages:        0 kB
ShmemPmdMapped:        0 kB
HugePages_Total:       0
HugePages_Free:        0
HugePages_Rsvd:        0
HugePages_Surp:        0
Hugepagesize:       2048 kB
DirectMap4k:      125696 kB
DirectMap2M:     3995648 kB
DirectMap1G:     1048576 kB


CPU:total 4 (2 cores per cpu, 2 threads per core) family 6 model 69 stepping 1, cmov, cx8, fxsr, mmx, sse, sse2, sse3, ssse3, sse4.1, sse4.2, popcnt, avx, avx2, aes, clmul, erms, lzcnt, ht, tsc, tscinvbit, bmi1, bmi2

/proc/cpuinfo:
processor	: 0
vendor_id	: GenuineIntel
cpu family	: 6
model		: 69
model name	: Intel(R) Core(TM) i3-4030U CPU @ 1.90GHz
stepping	: 1
microcode	: 0x17
cpu MHz		: 1777.307
cache size	: 3072 KB
physical id	: 0
siblings	: 4
core id		: 0
cpu cores	: 2
apicid		: 0
initial apicid	: 0
fpu		: yes
fpu_exception	: yes
cpuid level	: 13
wp		: yes
flags		: fpu vme de pse tsc msr pae mce cx8 apic sep mtrr pge mca cmov pat pse36 clflush dts acpi mmx fxsr sse sse2 ss ht tm pbe syscall nx pdpe1gb rdtscp lm constant_tsc arch_perfmon pebs bts rep_good nopl xtopology nonstop_tsc aperfmperf pni pclmulqdq dtes64 monitor ds_cpl vmx est tm2 ssse3 sdbg fma cx16 xtpr pdcm pcid sse4_1 sse4_2 x2apic movbe popcnt tsc_deadline_timer aes xsave avx f16c rdrand lahf_lm abm epb tpr_shadow vnmi flexpriority ept vpid fsgsbase tsc_adjust bmi1 avx2 smep bmi2 erms invpcid xsaveopt dtherm arat pln pts
bugs		:
bogomips	: 3792.91
clflush size	: 64
cache_alignment	: 64
address sizes	: 39 bits physical, 48 bits virtual
power management:

processor	: 1
vendor_id	: GenuineIntel
cpu family	: 6
model		: 69
model name	: Intel(R) Core(TM) i3-4030U CPU @ 1.90GHz
stepping	: 1
microcode	: 0x17
cpu MHz		: 1731.036
cache size	: 3072 KB
physical id	: 0
siblings	: 4
core id		: 0
cpu cores	: 2
apicid		: 1
initial apicid	: 1
fpu		: yes
fpu_exception	: yes
cpuid level	: 13
wp		: yes
flags		: fpu vme de pse tsc msr pae mce cx8 apic sep mtrr pge mca cmov pat pse36 clflush dts acpi mmx fxsr sse sse2 ss ht tm pbe syscall nx pdpe1gb rdtscp lm constant_tsc arch_perfmon pebs bts rep_good nopl xtopology nonstop_tsc aperfmperf pni pclmulqdq dtes64 monitor ds_cpl vmx est tm2 ssse3 sdbg fma cx16 xtpr pdcm pcid sse4_1 sse4_2 x2apic movbe popcnt tsc_deadline_timer aes xsave avx f16c rdrand lahf_lm abm epb tpr_shadow vnmi flexpriority ept vpid fsgsbase tsc_adjust bmi1 avx2 smep bmi2 erms invpcid xsaveopt dtherm arat pln pts
bugs		:
bogomips	: 3794.92
clflush size	: 64
cache_alignment	: 64
address sizes	: 39 bits physical, 48 bits virtual
power management:

processor	: 2
vendor_id	: GenuineIntel
cpu family	: 6
model		: 69
model name	: Intel(R) Core(TM) i3-4030U CPU @ 1.90GHz
stepping	: 1
microcode	: 0x17
cpu MHz		: 1605.908
cache size	: 3072 KB
physical id	: 0
siblings	: 4
core id		: 1
cpu cores	: 2
apicid		: 2
initial apicid	: 2
fpu		: yes
fpu_exception	: yes
cpuid level	: 13
wp		: yes
flags		: fpu vme de pse tsc msr pae mce cx8 apic sep mtrr pge mca cmov pat pse36 clflush dts acpi mmx fxsr sse sse2 ss ht tm pbe syscall nx pdpe1gb rdtscp lm constant_tsc arch_perfmon pebs bts rep_good nopl xtopology nonstop_tsc aperfmperf pni pclmulqdq dtes64 monitor ds_cpl vmx est tm2 ssse3 sdbg fma cx16 xtpr pdcm pcid sse4_1 sse4_2 x2apic movbe popcnt tsc_deadline_timer aes xsave avx f16c rdrand lahf_lm abm epb tpr_shadow vnmi flexpriority ept vpid fsgsbase tsc_adjust bmi1 avx2 smep bmi2 erms invpcid xsaveopt dtherm arat pln pts
bugs		:
bogomips	: 3794.79
clflush size	: 64
cache_alignment	: 64
address sizes	: 39 bits physical, 48 bits virtual
power management:

processor	: 3
vendor_id	: GenuineIntel
cpu family	: 6
model		: 69
model name	: Intel(R) Core(TM) i3-4030U CPU @ 1.90GHz
stepping	: 1
microcode	: 0x17
cpu MHz		: 1800.152
cache size	: 3072 KB
physical id	: 0
siblings	: 4
core id		: 1
cpu cores	: 2
apicid		: 3
initial apicid	: 3
fpu		: yes
fpu_exception	: yes
cpuid level	: 13
wp		: yes
flags		: fpu vme de pse tsc msr pae mce cx8 apic sep mtrr pge mca cmov pat pse36 clflush dts acpi mmx fxsr sse sse2 ss ht tm pbe syscall nx pdpe1gb rdtscp lm constant_tsc arch_perfmon pebs bts rep_good nopl xtopology nonstop_tsc aperfmperf pni pclmulqdq dtes64 monitor ds_cpl vmx est tm2 ssse3 sdbg fma cx16 xtpr pdcm pcid sse4_1 sse4_2 x2apic movbe popcnt tsc_deadline_timer aes xsave avx f16c rdrand lahf_lm abm epb tpr_shadow vnmi flexpriority ept vpid fsgsbase tsc_adjust bmi1 avx2 smep bmi2 erms invpcid xsaveopt dtherm arat pln pts
bugs		:
bogomips	: 3793.36
clflush size	: 64
cache_alignment	: 64
address sizes	: 39 bits physical, 48 bits virtual
power management:



Memory: 4k page, physical 3977632k(88968k free), swap 0k(0k free)

vm_info: OpenJDK 64-Bit Server VM (25.112-b06) for linux-amd64 JRE (1.8.0_112-release-b06), built on Dec  6 2016 12:11:18 by "builder" with gcc 4.8.4

time: Wed May  3 10:35:44 2017
elapsed time: 163 seconds (0d 0h 2m 43s)

