#
# There is insufficient memory for the Java Runtime Environment to continue.
# Native memory allocation (mmap) failed to map 58195968 bytes for committing reserved memory.
# Possible reasons:
#   The system is out of physical RAM or swap space
#   In 32 bit mode, the process size limit was hit
# Possible solutions:
#   Reduce memory load on the system
#   Increase physical memory or swap space
#   Check if swap backing store is full
#   Use 64 bit Java on a 64 bit OS
#   Decrease Java heap size (-Xmx/-Xms)
#   Decrease number of Java threads
#   Decrease Java thread stack sizes (-Xss)
#   Set larger code cache with -XX:ReservedCodeCacheSize=
# This output file may be truncated or incomplete.
#
#  Out of Memory Error (os_linux.cpp:2627), pid=3184, tid=0x00007fd8c07d6700
#
# JRE version: OpenJDK Runtime Environment (8.0_112-b06) (build 1.8.0_112-release-b06)
# Java VM: OpenJDK 64-Bit Server VM (25.112-b06 mixed mode linux-amd64 compressed oops)
# Core dump written. Default location: /home/mann/AndroidStudioProjects/Store2/core or core.3184
#

---------------  T H R E A D  ---------------

Current thread (0x00007fd8e4077800):  VMThread [stack: 0x00007fd8c06d6000,0x00007fd8c07d7000] [id=3192]

Stack: [0x00007fd8c06d6000,0x00007fd8c07d7000],  sp=0x00007fd8c07d54c0,  free space=1021k
Native frames: (J=compiled Java code, j=interpreted, Vv=VM code, C=native code)
V  [libjvm.so+0x9e465d]  VMError::report_and_die()+0x15d
V  [libjvm.so+0x4b6ada]  report_vm_out_of_memory(char const*, int, unsigned long, VMErrorType, char const*)+0x8a
V  [libjvm.so+0x84c860]  os::pd_commit_memory(char*, unsigned long, unsigned long, bool)+0xf0
V  [libjvm.so+0x84737f]  os::commit_memory(char*, unsigned long, unsigned long, bool)+0x1f
V  [libjvm.so+0x8bd3db]  PSVirtualSpace::expand_by(unsigned long)+0x5b
V  [libjvm.so+0x8ae1bb]  PSOldGen::expand_by(unsigned long) [clone .part.109]+0x1b
V  [libjvm.so+0x8ae37b]  PSOldGen::expand(unsigned long) [clone .part.111]+0xdb
V  [libjvm.so+0x8aec58]  PSOldGen::resize(unsigned long)+0x188
V  [libjvm.so+0x8b426c]  PSParallelCompact::invoke_no_policy(bool)+0x97c
V  [libjvm.so+0x8bb37d]  PSScavenge::invoke()+0x17d
V  [libjvm.so+0x86fcf3]  ParallelScavengeHeap::failed_mem_allocate(unsigned long)+0x63
V  [libjvm.so+0x9e6124]  VM_ParallelGCFailedAllocation::doit()+0x84
V  [libjvm.so+0x9ea537]  VM_Operation::evaluate()+0x47
V  [libjvm.so+0x9e8ff8]  VMThread::evaluate_operation(VM_Operation*)+0x2c8
V  [libjvm.so+0x9e94ba]  VMThread::loop()+0x25a
V  [libjvm.so+0x9e98c2]  VMThread::run()+0x72
V  [libjvm.so+0x849c82]  java_start(Thread*)+0xf2

VM_Operation (0x00007fd8699d5f50): ParallelGCFailedAllocation, mode: safepoint, requested by thread 0x00007fd85400f800


---------------  P R O C E S S  ---------------

Java Threads: ( => current thread )
  0x00007fd858059000 JavaThread "pool-21-thread-4" [_thread_blocked, id=3263, stack(0x00007fd86a3e2000,0x00007fd86a4e3000)]
  0x00007fd858057000 JavaThread "pool-21-thread-3" [_thread_blocked, id=3262, stack(0x00007fd86a4e3000,0x00007fd86a5e4000)]
  0x00007fd85805e000 JavaThread "pool-21-thread-2" [_thread_blocked, id=3261, stack(0x00007fd869fde000,0x00007fd86a0df000)]
  0x00007fd858056000 JavaThread "pool-22-thread-1" [_thread_blocked, id=3260, stack(0x00007fd86a8e7000,0x00007fd86a9e8000)]
  0x00007fd858063800 JavaThread "pool-21-thread-1" [_thread_blocked, id=3259, stack(0x00007fd86a5e4000,0x00007fd86a6e5000)]
  0x00007fd84c01c800 JavaThread "pool-10-thread-1" [_thread_blocked, id=3258, stack(0x00007fd86a1e0000,0x00007fd86a2e1000)]
  0x00007fd85400f800 JavaThread "pool-14-thread-4" [_thread_blocked, id=3255, stack(0x00007fd8698d7000,0x00007fd8699d8000)]
  0x00007fd85400d800 JavaThread "pool-14-thread-3" [_thread_blocked, id=3254, stack(0x00007fd8699d8000,0x00007fd869ad9000)]
  0x00007fd85400c000 JavaThread "pool-14-thread-2" [_thread_blocked, id=3253, stack(0x00007fd869ad9000,0x00007fd869bda000)]
  0x00007fd85400a000 JavaThread "pool-18-thread-1" [_thread_blocked, id=3245, stack(0x00007fd86a2e1000,0x00007fd86a3e2000)]
  0x00007fd854008800 JavaThread "pool-14-thread-1" [_thread_blocked, id=3238, stack(0x00007fd86a9e8000,0x00007fd86aae9000)]
  0x00007fd85c004800 JavaThread "pool-7-thread-4" [_thread_blocked, id=3237, stack(0x00007fd86afec000,0x00007fd86b0ed000)]
  0x00007fd854001800 JavaThread "pool-7-thread-1" [_thread_blocked, id=3236, stack(0x00007fd86aeeb000,0x00007fd86afec000)]
  0x00007fd860009800 JavaThread "pool-7-thread-3" [_thread_blocked, id=3235, stack(0x00007fd86ace9000,0x00007fd86adea000)]
  0x00007fd880006800 JavaThread "pool-7-thread-2" [_thread_blocked, id=3234, stack(0x00007fd86adea000,0x00007fd86aeeb000)]
  0x00007fd888dd1800 JavaThread "pool-3-thread-4" [_thread_blocked, id=3233, stack(0x00007fd86b0ed000,0x00007fd86b1ee000)]
  0x00007fd888dd0800 JavaThread "pool-3-thread-3" [_thread_blocked, id=3232, stack(0x00007fd86b1ee000,0x00007fd86b2ef000)]
  0x00007fd888dcc000 JavaThread "pool-3-thread-2" [_thread_blocked, id=3231, stack(0x00007fd8a9d24000,0x00007fd8a9e25000)]
  0x00007fd888438800 JavaThread "pool-3-thread-1" [_thread_blocked, id=3222, stack(0x00007fd86b6ff000,0x00007fd86b800000)]
  0x00007fd888caa000 JavaThread "Cache update executor" [_thread_blocked, id=3221, stack(0x00007fd8a80ab000,0x00007fd8a81ac000)]
  0x00007fd888233000 JavaThread "pool-2-thread-1" [_thread_blocked, id=3218, stack(0x00007fd8a87ac000,0x00007fd8a88ad000)]
  0x00007fd8888ad800 JavaThread "File lock request listener" [_thread_in_native, id=3217, stack(0x00007fd8a92a9000,0x00007fd8a93aa000)]
  0x00007fd8887c4000 JavaThread "process reaper" daemon [_thread_blocked, id=3216, stack(0x00007fd8a8ead000,0x00007fd8a8ee6000)]
  0x00007fd8e4cef800 JavaThread "pool-1-thread-1" [_thread_blocked, id=3213, stack(0x00007fd8a9c23000,0x00007fd8a9d24000)]
  0x00007fd88800a000 JavaThread "Asynchronous log dispatcher for DefaultDaemonConnection: socket connection from /127.0.0.1:35977 to /127.0.0.1:42896" [_thread_blocked, id=3211, stack(0x00007fd8a9e25000,0x00007fd8a9f26000)]
  0x00007fd88c008000 JavaThread "Daemon worker" [_thread_blocked, id=3208, stack(0x00007fd8a9f26000,0x00007fd8aa027000)]
  0x00007fd88c006800 JavaThread "Cancel handler" [_thread_blocked, id=3207, stack(0x00007fd8aa027000,0x00007fd8aa128000)]
  0x00007fd88c005800 JavaThread "Handler for socket connection from /127.0.0.1:35977 to /127.0.0.1:42896" [_thread_in_native, id=3206, stack(0x00007fd8aa328000,0x00007fd8aa429000)]
  0x00007fd898033000 JavaThread "Daemon" [_thread_blocked, id=3205, stack(0x00007fd8aa429000,0x00007fd8aa52a000)]
  0x00007fd8e44c7800 JavaThread "Incoming local TCP Connector on port 35977" [_thread_in_native, id=3204, stack(0x00007fd8aa72a000,0x00007fd8aa82b000)]
  0x00007fd8e40e1800 JavaThread "Service Thread" daemon [_thread_blocked, id=3199, stack(0x00007fd8abcfd000,0x00007fd8abdfe000)]
  0x00007fd8e40bc800 JavaThread "C1 CompilerThread2" daemon [_thread_blocked, id=3198, stack(0x00007fd8abdfe000,0x00007fd8abeff000)]
  0x00007fd8e40ba800 JavaThread "C2 CompilerThread1" daemon [_thread_blocked, id=3197, stack(0x00007fd8abeff000,0x00007fd8ac000000)]
  0x00007fd8e40b7800 JavaThread "C2 CompilerThread0" daemon [_thread_blocked, id=3196, stack(0x00007fd8c0009000,0x00007fd8c010a000)]
  0x00007fd8e40b6000 JavaThread "Signal Dispatcher" daemon [_thread_blocked, id=3195, stack(0x00007fd8c010a000,0x00007fd8c020b000)]
  0x00007fd8e4083800 JavaThread "Finalizer" daemon [_thread_blocked, id=3194, stack(0x00007fd8c04d4000,0x00007fd8c05d5000)]
  0x00007fd8e407f000 JavaThread "Reference Handler" daemon [_thread_blocked, id=3193, stack(0x00007fd8c05d5000,0x00007fd8c06d6000)]
  0x00007fd8e400a000 JavaThread "main" [_thread_blocked, id=3187, stack(0x00007fd8ebf3f000,0x00007fd8ec040000)]

Other Threads:
=>0x00007fd8e4077800 VMThread [stack: 0x00007fd8c06d6000,0x00007fd8c07d7000] [id=3192]
  0x00007fd8e40e4000 WatcherThread [stack: 0x00007fd8abbfc000,0x00007fd8abcfd000] [id=3200]

VM state:at safepoint (normal execution)

VM Mutex/Monitor currently owned by a thread:  ([mutex/lock_event])
[0x00007fd8e4005bd0] ExpandHeap_lock - owner thread: 0x00007fd8e4077800
[0x00007fd8e4006250] Threads_lock - owner thread: 0x00007fd8e4077800
[0x00007fd8e4006750] Heap_lock - owner thread: 0x00007fd85400f800

Heap:
 PSYoungGen      total 90624K, used 2528K [0x00000000e0000000, 0x00000000e7f80000, 0x0000000100000000)
  eden space 76800K, 0% used [0x00000000e0000000,0x00000000e0000000,0x00000000e4b00000)
  from space 13824K, 18% used [0x00000000e4b00000,0x00000000e4d78108,0x00000000e5880000)
  to   space 19968K, 0% used [0x00000000e6c00000,0x00000000e6c00000,0x00000000e7f80000)
 ParOldGen       total 51200K, used 50783K [0x00000000a0000000, 0x00000000a3200000, 0x00000000e0000000)
  object space 51200K, 99% used [0x00000000a0000000,0x00000000a3197eb0,0x00000000a3200000)
 Metaspace       used 55208K, capacity 57070K, committed 57216K, reserved 1099776K
  class space    used 7383K, capacity 7790K, committed 7808K, reserved 1048576K

Card table byte_map: [0x00007fd8e8afd000,0x00007fd8e8dfe000] byte_map_base: 0x00007fd8e85fd000

Marking Bits: (ParMarkBitMap*) 0x00007fd8eb442340
 Begin Bits: [0x00007fd8c1000000, 0x00007fd8c2800000)
 End Bits:   [0x00007fd8c2800000, 0x00007fd8c4000000)

Polling page: 0x00007fd8ec06d000

CodeCache: size=245760Kb used=23306Kb max_used=23306Kb free=222453Kb
 bounds [0x00007fd8d5000000, 0x00007fd8d66f0000, 0x00007fd8e4000000]
 total_blobs=7849 nmethods=7089 adapters=671
 compilation: enabled

Compilation events (10 events):
Event: 74.006 Thread 0x00007fd8e40bc800 nmethod 8596 0x00007fd8d66d9090 code [0x00007fd8d66d9220, 0x00007fd8d66d95e8]
Event: 74.006 Thread 0x00007fd8e40bc800 8611       2       com.android.dx.util.LabeledList::getMaxLabel (47 bytes)
Event: 74.006 Thread 0x00007fd8e40bc800 nmethod 8611 0x00007fd8d66d97d0 code [0x00007fd8d66d9960, 0x00007fd8d66d9b98]
Event: 74.006 Thread 0x00007fd8e40bc800 8598       2       com.android.dx.util.ListIntSet::iterator (9 bytes)
Event: 74.007 Thread 0x00007fd8e40bc800 nmethod 8598 0x00007fd8d66d9d10 code [0x00007fd8d66d9e80, 0x00007fd8d66da030]
Event: 74.007 Thread 0x00007fd8e40bc800 8599       2       com.android.dx.util.ListIntSet$1::<init> (15 bytes)
Event: 74.007 Thread 0x00007fd8e40bc800 nmethod 8599 0x00007fd8d66da0d0 code [0x00007fd8d66da220, 0x00007fd8d66da390]
Event: 74.007 Thread 0x00007fd8e40bc800 8600       2       com.android.dx.util.ListIntSet$1::next (37 bytes)
Event: 74.008 Thread 0x00007fd8e40bc800 nmethod 8600 0x00007fd8d66da410 code [0x00007fd8d66da5a0, 0x00007fd8d66da7f8]
Event: 74.008 Thread 0x00007fd8e40bc800 8616 %     3       com.android.dx.ssa.Dominators::run @ 283 (506 bytes)

GC Heap History (10 events):
Event: 29.848 GC heap after
Heap after GC invocations=21 (full 2):
 PSYoungGen      total 69632K, used 7144K [0x00000000e0000000, 0x00000000e5800000, 0x0000000100000000)
  eden space 62464K, 0% used [0x00000000e0000000,0x00000000e0000000,0x00000000e3d00000)
  from space 7168K, 99% used [0x00000000e3d00000,0x00000000e43fa200,0x00000000e4400000)
  to   space 8704K, 0% used [0x00000000e4f80000,0x00000000e4f80000,0x00000000e5800000)
 ParOldGen       total 51200K, used 20892K [0x00000000a0000000, 0x00000000a3200000, 0x00000000e0000000)
  object space 51200K, 40% used [0x00000000a0000000,0x00000000a14673d8,0x00000000a3200000)
 Metaspace       used 46357K, capacity 47702K, committed 47872K, reserved 1091584K
  class space    used 6308K, capacity 6626K, committed 6656K, reserved 1048576K
}
Event: 36.791 GC heap before
{Heap before GC invocations=22 (full 2):
 PSYoungGen      total 69632K, used 69608K [0x00000000e0000000, 0x00000000e5800000, 0x0000000100000000)
  eden space 62464K, 100% used [0x00000000e0000000,0x00000000e3d00000,0x00000000e3d00000)
  from space 7168K, 99% used [0x00000000e3d00000,0x00000000e43fa200,0x00000000e4400000)
  to   space 8704K, 0% used [0x00000000e4f80000,0x00000000e4f80000,0x00000000e5800000)
 ParOldGen       total 51200K, used 20892K [0x00000000a0000000, 0x00000000a3200000, 0x00000000e0000000)
  object space 51200K, 40% used [0x00000000a0000000,0x00000000a14673d8,0x00000000a3200000)
 Metaspace       used 50343K, capacity 51870K, committed 51968K, reserved 1093632K
  class space    used 6836K, capacity 7140K, committed 7168K, reserved 1048576K
Event: 36.831 GC heap after
Heap after GC invocations=22 (full 2):
 PSYoungGen      total 77312K, used 8693K [0x00000000e0000000, 0x00000000e5f80000, 0x0000000100000000)
  eden space 68608K, 0% used [0x00000000e0000000,0x00000000e0000000,0x00000000e4300000)
  from space 8704K, 99% used [0x00000000e4f80000,0x00000000e57fd7b8,0x00000000e5800000)
  to   space 12800K, 0% used [0x00000000e4300000,0x00000000e4300000,0x00000000e4f80000)
 ParOldGen       total 51200K, used 28512K [0x00000000a0000000, 0x00000000a3200000, 0x00000000e0000000)
  object space 51200K, 55% used [0x00000000a0000000,0x00000000a1bd8050,0x00000000a3200000)
 Metaspace       used 50343K, capacity 51870K, committed 51968K, reserved 1093632K
  class space    used 6836K, capacity 7140K, committed 7168K, reserved 1048576K
}
Event: 56.954 GC heap before
{Heap before GC invocations=23 (full 2):
 PSYoungGen      total 77312K, used 77301K [0x00000000e0000000, 0x00000000e5f80000, 0x0000000100000000)
  eden space 68608K, 100% used [0x00000000e0000000,0x00000000e4300000,0x00000000e4300000)
  from space 8704K, 99% used [0x00000000e4f80000,0x00000000e57fd7b8,0x00000000e5800000)
  to   space 12800K, 0% used [0x00000000e4300000,0x00000000e4300000,0x00000000e4f80000)
 ParOldGen       total 51200K, used 28512K [0x00000000a0000000, 0x00000000a3200000, 0x00000000e0000000)
  object space 51200K, 55% used [0x00000000a0000000,0x00000000a1bd8050,0x00000000a3200000)
 Metaspace       used 51984K, capacity 53570K, committed 53760K, reserved 1095680K
  class space    used 7043K, capacity 7404K, committed 7424K, reserved 1048576K
Event: 57.053 GC heap after
Heap after GC invocations=23 (full 2):
 PSYoungGen      total 81408K, used 2665K [0x00000000e0000000, 0x00000000e6500000, 0x0000000100000000)
  eden space 68608K, 0% used [0x00000000e0000000,0x00000000e0000000,0x00000000e4300000)
  from space 12800K, 20% used [0x00000000e4300000,0x00000000e459a608,0x00000000e4f80000)
  to   space 12800K, 0% used [0x00000000e5880000,0x00000000e5880000,0x00000000e6500000)
 ParOldGen       total 51200K, used 32607K [0x00000000a0000000, 0x00000000a3200000, 0x00000000e0000000)
  object space 51200K, 63% used [0x00000000a0000000,0x00000000a1fd7fc0,0x00000000a3200000)
 Metaspace       used 51984K, capacity 53570K, committed 53760K, reserved 1095680K
  class space    used 7043K, capacity 7404K, committed 7424K, reserved 1048576K
}
Event: 72.820 GC heap before
{Heap before GC invocations=24 (full 2):
 PSYoungGen      total 81408K, used 71273K [0x00000000e0000000, 0x00000000e6500000, 0x0000000100000000)
  eden space 68608K, 100% used [0x00000000e0000000,0x00000000e4300000,0x00000000e4300000)
  from space 12800K, 20% used [0x00000000e4300000,0x00000000e459a608,0x00000000e4f80000)
  to   space 12800K, 0% used [0x00000000e5880000,0x00000000e5880000,0x00000000e6500000)
 ParOldGen       total 51200K, used 32607K [0x00000000a0000000, 0x00000000a3200000, 0x00000000e0000000)
  object space 51200K, 63% used [0x00000000a0000000,0x00000000a1fd7fc0,0x00000000a3200000)
 Metaspace       used 54899K, capacity 56842K, committed 56960K, reserved 1097728K
  class space    used 7370K, capacity 7796K, committed 7808K, reserved 1048576K
Event: 72.974 GC heap after
Heap after GC invocations=24 (full 2):
 PSYoungGen      total 89600K, used 9572K [0x00000000e0000000, 0x00000000e6680000, 0x0000000100000000)
  eden space 76800K, 0% used [0x00000000e0000000,0x00000000e0000000,0x00000000e4b00000)
  from space 12800K, 74% used [0x00000000e5880000,0x00000000e61d9148,0x00000000e6500000)
  to   space 13824K, 0% used [0x00000000e4b00000,0x00000000e4b00000,0x00000000e5880000)
 ParOldGen       total 51200K, used 32615K [0x00000000a0000000, 0x00000000a3200000, 0x00000000e0000000)
  object space 51200K, 63% used [0x00000000a0000000,0x00000000a1fd9fc0,0x00000000a3200000)
 Metaspace       used 54899K, capacity 56842K, committed 56960K, reserved 1097728K
  class space    used 7370K, capacity 7796K, committed 7808K, reserved 1048576K
}
Event: 74.022 GC heap before
{Heap before GC invocations=25 (full 2):
 PSYoungGen      total 89600K, used 86372K [0x00000000e0000000, 0x00000000e6680000, 0x0000000100000000)
  eden space 76800K, 100% used [0x00000000e0000000,0x00000000e4b00000,0x00000000e4b00000)
  from space 12800K, 74% used [0x00000000e5880000,0x00000000e61d9148,0x00000000e6500000)
  to   space 13824K, 0% used [0x00000000e4b00000,0x00000000e4b00000,0x00000000e5880000)
 ParOldGen       total 51200K, used 32615K [0x00000000a0000000, 0x00000000a3200000, 0x00000000e0000000)
  object space 51200K, 63% used [0x00000000a0000000,0x00000000a1fd9fc0,0x00000000a3200000)
 Metaspace       used 55220K, capacity 57100K, committed 57216K, reserved 1099776K
  class space    used 7386K, capacity 7797K, committed 7808K, reserved 1048576K
Event: 74.056 GC heap after
Heap after GC invocations=25 (full 2):
 PSYoungGen      total 90624K, used 13807K [0x00000000e0000000, 0x00000000e7f80000, 0x0000000100000000)
  eden space 76800K, 0% used [0x00000000e0000000,0x00000000e0000000,0x00000000e4b00000)
  from space 13824K, 99% used [0x00000000e4b00000,0x00000000e587bfa0,0x00000000e5880000)
  to   space 19968K, 0% used [0x00000000e6c00000,0x00000000e6c00000,0x00000000e7f80000)
 ParOldGen       total 51200K, used 43755K [0x00000000a0000000, 0x00000000a3200000, 0x00000000e0000000)
  object space 51200K, 85% used [0x00000000a0000000,0x00000000a2abafc0,0x00000000a3200000)
 Metaspace       used 55220K, capacity 57100K, committed 57216K, reserved 1099776K
  class space    used 7386K, capacity 7797K, committed 7808K, reserved 1048576K
}
Event: 74.056 GC heap before
{Heap before GC invocations=26 (full 3):
 PSYoungGen      total 90624K, used 13807K [0x00000000e0000000, 0x00000000e7f80000, 0x0000000100000000)
  eden space 76800K, 0% used [0x00000000e0000000,0x00000000e0000000,0x00000000e4b00000)
  from space 13824K, 99% used [0x00000000e4b00000,0x00000000e587bfa0,0x00000000e5880000)
  to   space 19968K, 0% used [0x00000000e6c00000,0x00000000e6c00000,0x00000000e7f80000)
 ParOldGen       total 51200K, used 43755K [0x00000000a0000000, 0x00000000a3200000, 0x00000000e0000000)
  object space 51200K, 85% used [0x00000000a0000000,0x00000000a2abafc0,0x00000000a3200000)
 Metaspace       used 55220K, capacity 57100K, committed 57216K, reserved 1099776K
  class space    used 7386K, capacity 7797K, committed 7808K, reserved 1048576K

Deoptimization events (10 events):
Event: 72.533 Thread 0x00007fd84c01c800 Uncommon trap: reason=unstable_if action=reinterpret pc=0x00007fd8d52f7e38 method=java.util.BitSet.ensureCapacity(I)V @ 6
Event: 72.613 Thread 0x00007fd84c015800 Uncommon trap: reason=unstable_if action=reinterpret pc=0x00007fd8d61cb9c4 method=java.util.concurrent.ConcurrentHashMap.addCount(JI)V @ 110
Event: 73.001 Thread 0x00007fd84c015800 Uncommon trap: reason=unstable_if action=reinterpret pc=0x00007fd8d544201c method=com.android.dx.rop.cst.Constant.compareTo(Lcom/android/dx/rop/cst/Constant;)I @ 12
Event: 73.142 Thread 0x00007fd84c01a000 Uncommon trap: reason=class_check action=maybe_recompile pc=0x00007fd8d629fad4 method=com.android.dx.ssa.NormalSsaInsn.accept(Lcom/android/dx/ssa/SsaInsn$Visitor;)V @ 9
Event: 73.142 Thread 0x00007fd84c01a000 Uncommon trap: reason=class_check action=maybe_recompile pc=0x00007fd8d629fad4 method=com.android.dx.ssa.NormalSsaInsn.accept(Lcom/android/dx/ssa/SsaInsn$Visitor;)V @ 9
Event: 73.142 Thread 0x00007fd84c01a000 Uncommon trap: reason=class_check action=maybe_recompile pc=0x00007fd8d629fad4 method=com.android.dx.ssa.NormalSsaInsn.accept(Lcom/android/dx/ssa/SsaInsn$Visitor;)V @ 9
Event: 73.142 Thread 0x00007fd84c01a000 Uncommon trap: reason=class_check action=maybe_recompile pc=0x00007fd8d629fad4 method=com.android.dx.ssa.NormalSsaInsn.accept(Lcom/android/dx/ssa/SsaInsn$Visitor;)V @ 9
Event: 73.143 Thread 0x00007fd84c01a000 Uncommon trap: reason=class_check action=maybe_recompile pc=0x00007fd8d5139880 method=com.android.dx.ssa.NormalSsaInsn.accept(Lcom/android/dx/ssa/SsaInsn$Visitor;)V @ 9
Event: 73.159 Thread 0x00007fd84c015800 Uncommon trap: reason=unstable_if action=reinterpret pc=0x00007fd8d5a51648 method=com.android.dx.rop.code.RegisterSpec.equals(ILcom/android/dx/rop/type/TypeBearer;Lcom/android/dx/rop/code/LocalItem;)Z @ 42
Event: 73.374 Thread 0x00007fd84c018800 Uncommon trap: reason=unstable_if action=reinterpret pc=0x00007fd8d578e95c method=java.util.concurrent.locks.AbstractQueuedSynchronizer$ConditionObject.addConditionWaiter()Ljava/util/concurrent/locks/AbstractQueuedSynchronizer$Node; @ 15

Internal exceptions (10 events):
Event: 70.406 Thread 0x00007fd888dcc000 Exception <a 'sun/nio/fs/UnixException'> (0x00000000e24565b0) thrown at [/ssd/Android/AOSP-openjdk/external/jetbrains/jdk/hotspot/src/share/vm/prims/jni.cpp, line 709]
Event: 70.406 Thread 0x00007fd888dd1800 Exception <a 'sun/nio/fs/UnixException'> (0x00000000e24c5360) thrown at [/ssd/Android/AOSP-openjdk/external/jetbrains/jdk/hotspot/src/share/vm/prims/jni.cpp, line 709]
Event: 70.406 Thread 0x00007fd888438800 Exception <a 'sun/nio/fs/UnixException'> (0x00000000e2508d00) thrown at [/ssd/Android/AOSP-openjdk/external/jetbrains/jdk/hotspot/src/share/vm/prims/jni.cpp, line 709]
Event: 70.406 Thread 0x00007fd888dd0800 Exception <a 'sun/nio/fs/UnixException'> (0x00000000e2480070) thrown at [/ssd/Android/AOSP-openjdk/external/jetbrains/jdk/hotspot/src/share/vm/prims/jni.cpp, line 709]
Event: 70.765 Thread 0x00007fd888438800 Exception <a 'sun/nio/fs/UnixException'> (0x00000000e256f7e0) thrown at [/ssd/Android/AOSP-openjdk/external/jetbrains/jdk/hotspot/src/share/vm/prims/jni.cpp, line 709]
Event: 70.793 Thread 0x00007fd888dd0800 Exception <a 'sun/nio/fs/UnixException'> (0x00000000e24a0d40) thrown at [/ssd/Android/AOSP-openjdk/external/jetbrains/jdk/hotspot/src/share/vm/prims/jni.cpp, line 709]
Event: 70.865 Thread 0x00007fd888dd1800 Exception <a 'sun/nio/fs/UnixException'> (0x00000000e24e74d0) thrown at [/ssd/Android/AOSP-openjdk/external/jetbrains/jdk/hotspot/src/share/vm/prims/jni.cpp, line 709]
Event: 70.914 Thread 0x00007fd888438800 Exception <a 'sun/nio/fs/UnixException'> (0x00000000e25d5ce8) thrown at [/ssd/Android/AOSP-openjdk/external/jetbrains/jdk/hotspot/src/share/vm/prims/jni.cpp, line 709]
Event: 70.956 Thread 0x00007fd888dd1800 Exception <a 'sun/nio/fs/UnixException'> (0x00000000e25a3cd0) thrown at [/ssd/Android/AOSP-openjdk/external/jetbrains/jdk/hotspot/src/share/vm/prims/jni.cpp, line 709]
Event: 70.969 Thread 0x00007fd888dd0800 Exception <a 'sun/nio/fs/UnixException'> (0x00000000e2613a48) thrown at [/ssd/Android/AOSP-openjdk/external/jetbrains/jdk/hotspot/src/share/vm/prims/jni.cpp, line 709]

Events (10 events):
Event: 73.965 Executing VM operation: Deoptimize done
Event: 73.983 loading class com/android/dx/util/ListIntSet$1
Event: 73.983 loading class com/android/dx/util/ListIntSet$1 done
Event: 74.008 Thread 0x00007fd85400d800 DEOPT PACKING pc=0x00007fd8d543614b sp=0x00007fd869ad70d0
Event: 74.008 Thread 0x00007fd85400d800 DEOPT UNPACKING pc=0x00007fd8d5047373 sp=0x00007fd869ad6e48 mode 0
Event: 74.012 Thread 0x00007fd854008800 DEOPT PACKING pc=0x00007fd8d669524b sp=0x00007fd86aae70c0
Event: 74.012 Thread 0x00007fd854008800 DEOPT UNPACKING pc=0x00007fd8d5047373 sp=0x00007fd86aae6e78 mode 0
Event: 74.013 Thread 0x00007fd858057000 Thread added: 0x00007fd858057000
Event: 74.017 Executing VM operation: RevokeBias
Event: 74.022 Thread 0x00007fd858059000 Thread added: 0x00007fd858059000


Dynamic libraries:
00400000-00401000 r-xp 00000000 08:03 1311612                            /opt/android-studio/jre/bin/java
00600000-00601000 r--p 00000000 08:03 1311612                            /opt/android-studio/jre/bin/java
00601000-00602000 rw-p 00001000 08:03 1311612                            /opt/android-studio/jre/bin/java
00f93000-00fb4000 rw-p 00000000 00:00 0                                  [heap]
a0000000-a3200000 rw-p 00000000 00:00 0 
a6980000-e0000000 ---p 00000000 00:00 0 
e0000000-e7f80000 rw-p 00000000 00:00 0 
e7f80000-100000000 ---p 00000000 00:00 0 
100000000-1007a0000 rw-p 00000000 00:00 0 
1007a0000-140000000 ---p 00000000 00:00 0 
7fd84c000000-7fd84c02c000 rw-p 00000000 00:00 0 
7fd84c02c000-7fd850000000 ---p 00000000 00:00 0 
7fd854000000-7fd85403d000 rw-p 00000000 00:00 0 
7fd85403d000-7fd858000000 ---p 00000000 00:00 0 
7fd858000000-7fd858070000 rw-p 00000000 00:00 0 
7fd858070000-7fd85c000000 ---p 00000000 00:00 0 
7fd85c000000-7fd85c021000 rw-p 00000000 00:00 0 
7fd85c021000-7fd860000000 ---p 00000000 00:00 0 
7fd860000000-7fd86004c000 rw-p 00000000 00:00 0 
7fd86004c000-7fd864000000 ---p 00000000 00:00 0 
7fd864000000-7fd864021000 rw-p 00000000 00:00 0 
7fd864021000-7fd868000000 ---p 00000000 00:00 0 
7fd8696d7000-7fd869717000 rw-p 00000000 00:00 0 
7fd869717000-7fd8698d7000 ---p 00000000 00:00 0 
7fd8698d7000-7fd8698da000 ---p 00000000 00:00 0 
7fd8698da000-7fd8699d8000 rw-p 00000000 00:00 0 
7fd8699d8000-7fd8699db000 ---p 00000000 00:00 0 
7fd8699db000-7fd869ad9000 rw-p 00000000 00:00 0 
7fd869ad9000-7fd869adc000 ---p 00000000 00:00 0 
7fd869adc000-7fd869bda000 rw-p 00000000 00:00 0 
7fd869bda000-7fd869bdd000 ---p 00000000 00:00 0 
7fd869bdd000-7fd869cdb000 rw-p 00000000 00:00 0 
7fd869cdb000-7fd869cde000 ---p 00000000 00:00 0 
7fd869cde000-7fd869ddc000 rw-p 00000000 00:00 0 
7fd869ddc000-7fd869ddf000 ---p 00000000 00:00 0 
7fd869ddf000-7fd869edd000 rw-p 00000000 00:00 0 
7fd869edd000-7fd869ee0000 ---p 00000000 00:00 0 
7fd869ee0000-7fd869fde000 rw-p 00000000 00:00 0 
7fd869fde000-7fd869fe1000 ---p 00000000 00:00 0 
7fd869fe1000-7fd86a0df000 rw-p 00000000 00:00 0 
7fd86a0df000-7fd86a0e2000 ---p 00000000 00:00 0 
7fd86a0e2000-7fd86a1e0000 rw-p 00000000 00:00 0 
7fd86a1e0000-7fd86a1e3000 ---p 00000000 00:00 0 
7fd86a1e3000-7fd86a2e1000 rw-p 00000000 00:00 0 
7fd86a2e1000-7fd86a2e4000 ---p 00000000 00:00 0 
7fd86a2e4000-7fd86a3e2000 rw-p 00000000 00:00 0 
7fd86a3e2000-7fd86a3e5000 ---p 00000000 00:00 0 
7fd86a3e5000-7fd86a4e3000 rw-p 00000000 00:00 0 
7fd86a4e3000-7fd86a4e6000 ---p 00000000 00:00 0 
7fd86a4e6000-7fd86a5e4000 rw-p 00000000 00:00 0 
7fd86a5e4000-7fd86a5e7000 ---p 00000000 00:00 0 
7fd86a5e7000-7fd86a6e5000 rw-p 00000000 00:00 0 
7fd86a6e5000-7fd86a6e8000 ---p 00000000 00:00 0 
7fd86a6e8000-7fd86a7e6000 rw-p 00000000 00:00 0 
7fd86a7e6000-7fd86a7e9000 ---p 00000000 00:00 0 
7fd86a7e9000-7fd86a8e7000 rw-p 00000000 00:00 0 
7fd86a8e7000-7fd86a8ea000 ---p 00000000 00:00 0 
7fd86a8ea000-7fd86a9e8000 rw-p 00000000 00:00 0 
7fd86a9e8000-7fd86a9eb000 ---p 00000000 00:00 0 
7fd86a9eb000-7fd86ace9000 rw-p 00000000 00:00 0 
7fd86ace9000-7fd86acec000 ---p 00000000 00:00 0 
7fd86acec000-7fd86adea000 rw-p 00000000 00:00 0 
7fd86adea000-7fd86aded000 ---p 00000000 00:00 0 
7fd86aded000-7fd86aeeb000 rw-p 00000000 00:00 0 
7fd86aeeb000-7fd86aeee000 ---p 00000000 00:00 0 
7fd86aeee000-7fd86afec000 rw-p 00000000 00:00 0 
7fd86afec000-7fd86afef000 ---p 00000000 00:00 0 
7fd86afef000-7fd86b0ed000 rw-p 00000000 00:00 0 
7fd86b0ed000-7fd86b0f0000 ---p 00000000 00:00 0 
7fd86b0f0000-7fd86b1ee000 rw-p 00000000 00:00 0 
7fd86b1ee000-7fd86b1f1000 ---p 00000000 00:00 0 
7fd86b1f1000-7fd86b4ef000 rw-p 00000000 00:00 0 
7fd86b4ef000-7fd86b6ef000 rw-p 00000000 00:00 0 
7fd86b6ff000-7fd86b702000 ---p 00000000 00:00 0 
7fd86b702000-7fd86ba00000 rw-p 00000000 00:00 0 
7fd86ba00000-7fd86bc00000 rw-p 00000000 00:00 0 
7fd86bc00000-7fd86be00000 rw-p 00000000 00:00 0 
7fd86be00000-7fd86c000000 rw-p 00000000 00:00 0 
7fd86c000000-7fd86c021000 rw-p 00000000 00:00 0 
7fd86c021000-7fd870000000 ---p 00000000 00:00 0 
7fd870000000-7fd870021000 rw-p 00000000 00:00 0 
7fd870021000-7fd874000000 ---p 00000000 00:00 0 
7fd874000000-7fd874021000 rw-p 00000000 00:00 0 
7fd874021000-7fd878000000 ---p 00000000 00:00 0 
7fd878000000-7fd878021000 rw-p 00000000 00:00 0 
7fd878021000-7fd87c000000 ---p 00000000 00:00 0 
7fd87c000000-7fd87c021000 rw-p 00000000 00:00 0 
7fd87c021000-7fd880000000 ---p 00000000 00:00 0 
7fd880000000-7fd880021000 rw-p 00000000 00:00 0 
7fd880021000-7fd884000000 ---p 00000000 00:00 0 
7fd884000000-7fd884021000 rw-p 00000000 00:00 0 
7fd884021000-7fd888000000 ---p 00000000 00:00 0 
7fd888000000-7fd889144000 rw-p 00000000 00:00 0 
7fd889144000-7fd88c000000 ---p 00000000 00:00 0 
7fd88c000000-7fd88c021000 rw-p 00000000 00:00 0 
7fd88c021000-7fd890000000 ---p 00000000 00:00 0 
7fd890000000-7fd890021000 rw-p 00000000 00:00 0 
7fd890021000-7fd894000000 ---p 00000000 00:00 0 
7fd894000000-7fd894021000 rw-p 00000000 00:00 0 
7fd894021000-7fd898000000 ---p 00000000 00:00 0 
7fd898000000-7fd898069000 rw-p 00000000 00:00 0 
7fd898069000-7fd89c000000 ---p 00000000 00:00 0 
7fd89c000000-7fd89cb9d000 rw-p 00000000 00:00 0 
7fd89cb9d000-7fd8a0000000 ---p 00000000 00:00 0 
7fd8a0000000-7fd8a0021000 rw-p 00000000 00:00 0 
7fd8a0021000-7fd8a4000000 ---p 00000000 00:00 0 
7fd8a4000000-7fd8a661d000 rw-p 00000000 00:00 0 
7fd8a661d000-7fd8a8000000 ---p 00000000 00:00 0 
7fd8a80ab000-7fd8a80ae000 ---p 00000000 00:00 0 
7fd8a80ae000-7fd8a83ac000 rw-p 00000000 00:00 0 
7fd8a83ac000-7fd8a85ac000 rw-p 00000000 00:00 0 
7fd8a85ac000-7fd8a87ac000 rw-p 00000000 00:00 0 
7fd8a87ac000-7fd8a87af000 ---p 00000000 00:00 0 
7fd8a87af000-7fd8a8aad000 rw-p 00000000 00:00 0 
7fd8a8aad000-7fd8a8cad000 rw-p 00000000 00:00 0 
7fd8a8cad000-7fd8a8ead000 rw-p 00000000 00:00 0 
7fd8a8ead000-7fd8a8eb0000 ---p 00000000 00:00 0 
7fd8a8eb0000-7fd8a8ee6000 rw-p 00000000 00:00 0 
7fd8a8ee6000-7fd8a8ee7000 r--p 00000000 00:00 0 
7fd8a8ee7000-7fd8a90e7000 rw-p 00000000 00:00 0 
7fd8a90ee000-7fd8a9101000 r--s 00344000 08:03 1311718                    /opt/android-studio/jre/jre/lib/resources.jar
7fd8a9101000-7fd8a9102000 r--s 00001000 08:03 2366774                    /home/mann/.gradle/caches/jars-2/e7ciphpsk2l5j93dcs6850515edzr48/annotations-25.3.1.jar
7fd8a9102000-7fd8a910a000 r--s 000a8000 08:03 2884099                    /home/mann/.gradle/caches/jars-2/lp0h431tl0554nh1vx6zomcvteflkp/lombok-ast-0.2.3.jar
7fd8a910a000-7fd8a911e000 r--s 000b4000 08:03 2366772                    /home/mann/.gradle/caches/jars-2/hgvw6szzawm3evod5l2d6iutfug31w0/uast-162.2228.14.jar
7fd8a911e000-7fd8a9120000 r--s 0000d000 08:03 2884095                    /home/mann/.gradle/caches/jars-2/7pwz1bowgakb1eux9ezb56jlturgsyi/commons-codec-1.4.jar
7fd8a9120000-7fd8a9122000 r--s 0000d000 08:03 2884093                    /home/mann/.gradle/caches/jars-2/9dj1m0eyooi5qt13735vz8fpkl3cnfy/commons-logging-1.1.1.jar
7fd8a9122000-7fd8a9127000 r--s 00028000 08:03 2884091                    /home/mann/.gradle/caches/jars-2/62lv0fe9b3xbqe57f6ljy5upwi7mf6k/httpcore-4.1.jar
7fd8a9127000-7fd8a912b000 r--s 0002f000 08:03 2884089                    /home/mann/.gradle/caches/jars-2/gsg5n52frsvw6sx0swqqe2hwijwdcf0/jimfs-1.1.jar
7fd8a912b000-7fd8a912c000 r--s 00004000 08:03 2884087                    /home/mann/.gradle/caches/jars-2/lxs252id0979odjrerlctkb26c2vj95/annotations-12.0.jar
7fd8a912c000-7fd8a912d000 r--s 00004000 08:03 2884085                    /home/mann/.gradle/caches/jars-2/9kn99dr0rulyl67sct1ephwcop56l61/asm-analysis-5.0.4.jar
7fd8a912d000-7fd8a9131000 r--s 00040000 08:03 2366770                    /home/mann/.gradle/caches/jars-2/jv75gzi0rbej3i38160kterhdw6zdd8/lint-api-25.3.1.jar
7fd8a9131000-7fd8a9132000 r--s 0000a000 08:03 2884081                    /home/mann/.gradle/caches/jars-2/nwyg9io65lv6jvmwit2wq82xnnxd7ia/kxml2-2.3.0.jar
7fd8a9132000-7fd8a9134000 r--s 00005000 08:03 2884079                    /home/mann/.gradle/caches/jars-2/i6hc1uuj8e9ck59slmzdyz78ydn8sr6/httpmime-4.1.jar
7fd8a9134000-7fd8a913c000 r--s 0004e000 08:03 2884077                    /home/mann/.gradle/caches/jars-2/7503wa5irssz0xxahv1xb82p2dl7rr2/httpclient-4.1.1.jar
7fd8a913c000-7fd8a9143000 r--s 00053000 08:03 2884075                    /home/mann/.gradle/caches/jars-2/jgkfvs4eqggj7qsyw1f5d3up57hanj1/commons-compress-1.8.1.jar
7fd8a9143000-7fd8a9148000 r--s 0002a000 08:03 2884073                    /home/mann/.gradle/caches/jars-2/je8f027qcr1z1egw08byp1ybxbp9kko/gson-2.2.4.jar
7fd8a9148000-7fd8a914d000 r--s 0002e000 08:03 2366768                    /home/mann/.gradle/caches/jars-2/gzyprqdcro9z5wb2kdwh4yubk8ssibh/repository-25.3.1.jar
7fd8a914d000-7fd8a914e000 r--s 00005000 08:03 2366766                    /home/mann/.gradle/caches/jars-2/elnlyharob6vofn6fi63evkdzfkac5c/dvlib-25.3.1.jar
7fd8a914e000-7fd8a9151000 r--s 00012000 08:03 2366764                    /home/mann/.gradle/caches/jars-2/g5ep1vx6xwdufr2dfvys3bevvs0qcgu/layoutlib-api-25.3.1.jar
7fd8a9151000-7fd8a9156000 r--s 00058000 08:03 2884065                    /home/mann/.gradle/caches/jars-2/st159835qgxm0l87oqrnhayxos4lc1n/asm-debug-all-5.0.1.jar
7fd8a9156000-7fd8a9166000 r--s 000d5000 08:03 2884063                    /home/mann/.gradle/caches/jars-2/qzf32gp9kej4w4hlbabft6tplu74cj3/proguard-base-5.3.2.jar
7fd8a9166000-7fd8a9169000 r--s 00033000 08:03 2884061                    /home/mann/.gradle/caches/jars-2/nz9sndmr8b4xbj4xulkaciy5kdbyfiz/juniversalchardet-1.0.3.jar
7fd8a9169000-7fd8a916d000 r--s 0002a000 08:03 2884059                    /home/mann/.gradle/caches/jars-2/krbpn9xjn1qymukyx8cc5l799ty1v3h/commons-io-2.4.jar
7fd8a916d000-7fd8a9184000 r--s 00154000 08:03 2884057                    /home/mann/.gradle/caches/jars-2/sfeivjswzitn6n0fnjx3ueszz8gv8o1/antlr4-4.5.3.jar
7fd8a9184000-7fd8a9186000 r--s 00002000 08:03 2366762                    /home/mann/.gradle/caches/jars-2/4gfpducxipz52n1p4zw9jpc8khazdnx/baseLibrary-2.3.1.jar
7fd8a9186000-7fd8a91b1000 r--s 001fc000 08:03 2884053                    /home/mann/.gradle/caches/jars-2/nxjrjftly2xksl8o0wqgivu5netfu2x/guava-18.0.jar
7fd8a91b1000-7fd8a91c4000 r--s 00241000 08:03 2884051                    /home/mann/.gradle/caches/jars-2/9yuekvg4qerfitq3xec0iyckuw3hwaq/ecj-4.6.1.jar
7fd8a91c4000-7fd8a91cb000 r--s 000d9000 08:03 2366760                    /home/mann/.gradle/caches/jars-2/oukj0edc56srbnco0khrhh4jk7trt96/lint-checks-25.3.1.jar
7fd8a91cb000-7fd8a91cd000 r--s 00006000 08:03 2884047                    /home/mann/.gradle/caches/jars-2/6phgj9ki3jl3p5epzkqoo8pr6kur40b/asm-tree-5.0.4.jar
7fd8a91cd000-7fd8a9200000 r--s 00203000 08:03 2884045                    /home/mann/.gradle/caches/jars-2/hj0bfvxu9cq7hkwmecvp0kg137or3hh/bcprov-jdk15on-1.48.jar
7fd8a9200000-7fd8a920e000 r--s 00081000 08:03 2884043                    /home/mann/.gradle/caches/jars-2/4r7xli0tz94y0wfjrdyjxlxar3g1pb9/bcpkix-jdk15on-1.48.jar
7fd8a920e000-7fd8a9210000 r--s 00002000 08:03 2884041                    /home/mann/.gradle/caches/jars-2/f32bh5uivuf69ecz2j8hl96ksnqdh7v/javawriter-2.5.0.jar
7fd8a9210000-7fd8a9212000 r--s 00004000 08:03 2366758                    /home/mann/.gradle/caches/jars-2/1mcw0zrwhdfqbog9odx81af9yu9ranr/tracker-25.3.1.jar
7fd8a9212000-7fd8a9213000 r--s 00005000 08:03 2366756                    /home/mann/.gradle/caches/jars-2/2iho1524xlua4iq3vua1l4ije5msm33/shared-25.3.1.jar
7fd8a9213000-7fd8a9221000 r--s 00147000 08:03 2366754                    /home/mann/.gradle/caches/jars-2/jwjwpxcix6das5xq3y2el6vytkca3ec/protos-25.3.1.jar
7fd8a9221000-7fd8a9222000 r--s 00001000 08:03 2366752                    /home/mann/.gradle/caches/jars-2/bqo69msswbvaagsh45hf1tq02v21sml/jill-api-0.10.0.jar
7fd8a9222000-7fd8a9224000 r--s 00003000 08:03 2366750                    /home/mann/.gradle/caches/jars-2/7pldadygbci34ql8thws797g29k1uhh/jack-api-0.13.0.jar
7fd8a9224000-7fd8a922a000 r--s 0004a000 08:03 2366748                    /home/mann/.gradle/caches/jars-2/cnza0v8do0o62kek4rozvxidhx9gllf/ddmlib-25.3.1.jar
7fd8a922a000-7fd8a922d000 r--s 00022000 08:03 2366746                    /home/mann/.gradle/caches/jars-2/91t0kzdyfxxgdzpyask2ixvahlhk06o/manifest-merger-25.3.1.jar
7fd8a922d000-7fd8a9230000 r--s 0001c000 08:03 2366744                    /home/mann/.gradle/caches/jars-2/8lu0c3aenc5saf4edi5f5s3bl3vnb2i/common-25.3.1.jar
7fd8a9230000-7fd8a9239000 r--s 00089000 08:03 2366742                    /home/mann/.gradle/caches/jars-2/ffqta29sy8rr9qszguhjpo6o0clog8h/sdk-common-25.3.1.jar
7fd8a9239000-7fd8a9243000 r--s 00098000 08:03 2366740                    /home/mann/.gradle/caches/jars-2/fw5xki3t6ll86qukhd8torml14d0yx6/sdklib-25.3.1.jar
7fd8a9243000-7fd8a9244000 r--s 00002000 08:03 2366738                    /home/mann/.gradle/caches/jars-2/1f8ga7ty5vyd6df3vpshe9o0bl60jez/builder-test-api-2.3.1.jar
7fd8a9244000-7fd8a9247000 r--s 00006000 08:03 2366736                    /home/mann/.gradle/caches/jars-2/1vc4hijyeiwrksdd0g1q3x1klhwiki7/builder-model-2.3.1.jar
7fd8a9247000-7fd8a9256000 r--s 00130000 08:03 2884015                    /home/mann/.gradle/caches/jars-2/cr6zkqpx14lor9zdtmo49qpc7y8r8p4/protobuf-java-3.0.0.jar
7fd8a9256000-7fd8a9258000 r--s 0000f000 08:03 2884013                    /home/mann/.gradle/caches/jars-2/rvfyugrlu5tbpz51p98og0qsxamjq4k/jopt-simple-4.9.jar
7fd8a9258000-7fd8a925c000 r--s 0001f000 08:03 2884011                    /home/mann/.gradle/caches/jars-2/nq3fzqkrrm37ob61z4iu5qdbh368uat/org.jacoco.report-0.7.5.201505241946.jar
7fd8a925c000-7fd8a9260000 r--s 0001d000 08:03 2884009                    /home/mann/.gradle/caches/jars-2/3kxkmcckmk40ron92zhbm0qjo9l4bkl/org.jacoco.core-0.7.5.201505241946.jar
7fd8a9260000-7fd8a9262000 r--s 00002000 08:03 2884007                    /home/mann/.gradle/caches/jars-2/m4m0pzb4gmaeh0in5g2xc4bxeuwt828/proguard-gradle-5.3.2.jar
7fd8a9262000-7fd8a9264000 r--s 00009000 08:03 2884005                    /home/mann/.gradle/caches/jars-2/ajvcvdu66lc9e3tvvipxtuq48i9bbkc/asm-commons-5.0.4.jar
7fd8a9264000-7fd8a9266000 r--s 0000c000 08:03 2884003                    /home/mann/.gradle/caches/jars-2/1laz1ygmxoc408r7nwqs1q8uk8r236d/asm-5.0.4.jar
7fd8a9266000-7fd8a926b000 r--s 0002c000 08:03 2366734                    /home/mann/.gradle/caches/jars-2/3g3xla7i5b1ed4tz29k2mgk3kpll78v/compilerCommon-2.3.1.jar
7fd8a926b000-7fd8a926c000 r--s 00002000 08:03 2366732                    /home/mann/.gradle/caches/jars-2/iatv11rm7n8kgc0trb7hqnzj950e9w6/gradle-api-2.3.1.jar
7fd8a926c000-7fd8a926d000 r--s 00000000 08:03 2366730                    /home/mann/.gradle/caches/jars-2/tlyajppf8woug00g686fx5mchf8iv3o/transform-api-2.0.0-deprecated-use-gradle-api.jar
7fd8a926d000-7fd8a9272000 r--s 0005e000 08:03 2366728                    /home/mann/.gradle/caches/jars-2/2qud2rd1vm8n8konhdspzdxq2sianbz/lint-25.3.1.jar
7fd8a9272000-7fd8a9288000 r--s 00163000 08:03 2366726                    /home/mann/.gradle/caches/jars-2/g6rpa218f3ehfgtm2rp33fyjlho7d9d/builder-2.3.1.jar
7fd8a9288000-7fd8a92a7000 r--s 001ca000 08:03 2366724                    /home/mann/.gradle/caches/jars-2/gulub68qrtflq1vhvxdmke7ucq3kbl8/gradle-core-2.3.1.jar
7fd8a92a7000-7fd8a92a9000 r--s 0000d000 08:03 2366722                    /home/mann/.gradle/caches/jars-2/or1mnptj2fs865ihc1d4fmrgfcmcuy/gradle-2.3.1.jar
7fd8a92a9000-7fd8a92ac000 ---p 00000000 00:00 0 
7fd8a92ac000-7fd8a95aa000 rw-p 00000000 00:00 0 
7fd8a95aa000-7fd8a97aa000 rw-p 00000000 00:00 0 
7fd8a97aa000-7fd8a99aa000 rw-p 00000000 00:00 0 
7fd8a99aa000-7fd8a9a23000 r--s 010ed000 08:03 1311622                    /opt/android-studio/jre/lib/tools.jar
7fd8a9a23000-7fd8a9c23000 rw-p 00000000 00:00 0 
7fd8a9c23000-7fd8a9c26000 ---p 00000000 00:00 0 
7fd8a9c26000-7fd8a9d24000 rw-p 00000000 00:00 0 
7fd8a9d24000-7fd8a9d27000 ---p 00000000 00:00 0 
7fd8a9d27000-7fd8a9e25000 rw-p 00000000 00:00 0 
7fd8a9e25000-7fd8a9e28000 ---p 00000000 00:00 0 
7fd8a9e28000-7fd8a9f26000 rw-p 00000000 00:00 0 
7fd8a9f26000-7fd8a9f29000 ---p 00000000 00:00 0 
7fd8a9f29000-7fd8aa027000 rw-p 00000000 00:00 0 
7fd8aa027000-7fd8aa02a000 ---p 00000000 00:00 0 
7fd8aa02a000-7fd8aa328000 rw-p 00000000 00:00 0 
7fd8aa328000-7fd8aa32b000 ---p 00000000 00:00 0 
7fd8aa32b000-7fd8aa429000 rw-p 00000000 00:00 0 
7fd8aa429000-7fd8aa42c000 ---p 00000000 00:00 0 
7fd8aa42c000-7fd8aa72a000 rw-p 00000000 00:00 0 
7fd8aa72a000-7fd8aa72d000 ---p 00000000 00:00 0 
7fd8aa72d000-7fd8aa82b000 rw-p 00000000 00:00 0 
7fd8aa82b000-7fd8aa834000 r-xp 00000000 08:03 1311708                    /opt/android-studio/jre/jre/lib/amd64/libmanagement.so
7fd8aa834000-7fd8aaa33000 ---p 00009000 08:03 1311708                    /opt/android-studio/jre/jre/lib/amd64/libmanagement.so
7fd8aaa33000-7fd8aaa34000 r--p 00008000 08:03 1311708                    /opt/android-studio/jre/jre/lib/amd64/libmanagement.so
7fd8aaa34000-7fd8aaa35000 rw-p 00009000 08:03 1311708                    /opt/android-studio/jre/jre/lib/amd64/libmanagement.so
7fd8aaa35000-7fd8aaa3a000 r--s 00098000 08:03 1311669                    /opt/android-studio/jre/jre/lib/jsse.jar
7fd8aaa3a000-7fd8aaa3c000 r--s 00007000 08:03 2361909                    /home/mann/.gradle/wrapper/dists/gradle-3.3-all/55gk2rcmfc6p2dg9u9ohc3hw9/gradle-3.3/lib/plugins/gradle-tooling-api-builders-3.3.jar
7fd8aaa3c000-7fd8aaa3f000 r--s 00009000 08:03 2361902                    /home/mann/.gradle/wrapper/dists/gradle-3.3-all/55gk2rcmfc6p2dg9u9ohc3hw9/gradle-3.3/lib/plugins/gradle-testing-native-3.3.jar
7fd8aaa3f000-7fd8aaa45000 r--s 00033000 08:03 2361977                    /home/mann/.gradle/wrapper/dists/gradle-3.3-all/55gk2rcmfc6p2dg9u9ohc3hw9/gradle-3.3/lib/plugins/snakeyaml-1.6.jar
7fd8aaa45000-7fd8aaa47000 r--s 00006000 08:03 2361976                    /home/mann/.gradle/wrapper/dists/gradle-3.3-all/55gk2rcmfc6p2dg9u9ohc3hw9/gradle-3.3/lib/plugins/jcommander-1.12.jar
7fd8aaa47000-7fd8aaa4c000 r--s 00040000 08:03 2361975                    /home/mann/.gradle/wrapper/dists/gradle-3.3-all/55gk2rcmfc6p2dg9u9ohc3hw9/gradle-3.3/lib/plugins/bsh-2.0b4.jar
7fd8aaa4c000-7fd8aaa4e000 r--s 00009000 08:03 2361983                    /home/mann/.gradle/wrapper/dists/gradle-3.3-all/55gk2rcmfc6p2dg9u9ohc3hw9/gradle-3.3/lib/plugins/hamcrest-core-1.3.jar
7fd8aaa4e000-7fd8aaa57000 r--s 00089000 08:03 2361934                    /home/mann/.gradle/wrapper/dists/gradle-3.3-all/55gk2rcmfc6p2dg9u9ohc3hw9/gradle-3.3/lib/plugins/testng-6.3.1.jar
7fd8aaa57000-7fd8aaa5f000 r--s 00045000 08:03 2361933                    /home/mann/.gradle/wrapper/dists/gradle-3.3-all/55gk2rcmfc6p2dg9u9ohc3hw9/gradle-3.3/lib/plugins/junit-4.12.jar
7fd8aaa5f000-7fd8aaa65000 r--s 0002e000 08:03 2361903                    /home/mann/.gradle/wrapper/dists/gradle-3.3-all/55gk2rcmfc6p2dg9u9ohc3hw9/gradle-3.3/lib/plugins/gradle-testing-jvm-3.3.jar
7fd8aaa65000-7fd8aaa69000 r--s 00016000 08:03 2361901                    /home/mann/.gradle/wrapper/dists/gradle-3.3-all/55gk2rcmfc6p2dg9u9ohc3hw9/gradle-3.3/lib/plugins/gradle-testing-base-3.3.jar
7fd8aaa69000-7fd8aaa70000 r--s 00038000 08:03 2361928                    /home/mann/.gradle/wrapper/dists/gradle-3.3-all/55gk2rcmfc6p2dg9u9ohc3hw9/gradle-3.3/lib/plugins/bcpg-jdk15on-1.51.jar
7fd8aaa70000-7fd8aaa72000 r--s 0000c000 08:03 2361880                    /home/mann/.gradle/wrapper/dists/gradle-3.3-all/55gk2rcmfc6p2dg9u9ohc3hw9/gradle-3.3/lib/plugins/gradle-signing-3.3.jar
7fd8aaa72000-7fd8aaa74000 r--s 00007000 08:03 2361879                    /home/mann/.gradle/wrapper/dists/gradle-3.3-all/55gk2rcmfc6p2dg9u9ohc3hw9/gradle-3.3/lib/plugins/gradle-scala-3.3.jar
7fd8aaa74000-7fd8aaa75000 r--s 00004000 08:03 2361907                    /home/mann/.gradle/wrapper/dists/gradle-3.3-all/55gk2rcmfc6p2dg9u9ohc3hw9/gradle-3.3/lib/plugins/gradle-resources-sftp-3.3.jar
7fd8aaa75000-7fd8aaa85000 r--s 00088000 08:03 2361944                    /home/mann/.gradle/wrapper/dists/gradle-3.3-all/55gk2rcmfc6p2dg9u9ohc3hw9/gradle-3.3/lib/plugins/joda-time-2.8.2.jar
7fd8aaa85000-7fd8aaa96000 r--s 0010d000 08:03 2361943                    /home/mann/.gradle/wrapper/dists/gradle-3.3-all/55gk2rcmfc6p2dg9u9ohc3hw9/gradle-3.3/lib/plugins/jackson-databind-2.6.6.jar
7fd8aaa96000-7fd8aaa99000 r--s 00009000 08:03 2361942                    /home/mann/.gradle/wrapper/dists/gradle-3.3-all/55gk2rcmfc6p2dg9u9ohc3hw9/gradle-3.3/lib/plugins/jackson-annotations-2.6.6.jar
7fd8aaa99000-7fd8aaa9d000 r--s 0003c000 08:03 2361941                    /home/mann/.gradle/wrapper/dists/gradle-3.3-all/55gk2rcmfc6p2dg9u9ohc3hw9/gradle-3.3/lib/plugins/jackson-core-2.6.6.jar
7fd8aaa9d000-7fd8aaaab000 r--s 00087000 08:03 2361940                    /home/mann/.gradle/wrapper/dists/gradle-3.3-all/55gk2rcmfc6p2dg9u9ohc3hw9/gradle-3.3/lib/plugins/aws-java-sdk-core-1.11.6.jar
7fd8aaaab000-7fd8aaab2000 r--s 00057000 08:03 2361939                    /home/mann/.gradle/wrapper/dists/gradle-3.3-all/55gk2rcmfc6p2dg9u9ohc3hw9/gradle-3.3/lib/plugins/aws-java-sdk-kms-1.11.6.jar
7fd8aaab2000-7fd8aaabf000 r--s 0008e000 08:03 2361938                    /home/mann/.gradle/wrapper/dists/gradle-3.3-all/55gk2rcmfc6p2dg9u9ohc3hw9/gradle-3.3/lib/plugins/aws-java-sdk-s3-1.11.6.jar
7fd8aaabf000-7fd8aaac1000 r--s 00004000 08:03 2361908                    /home/mann/.gradle/wrapper/dists/gradle-3.3-all/55gk2rcmfc6p2dg9u9ohc3hw9/gradle-3.3/lib/plugins/gradle-resources-s3-3.3.jar
7fd8aaac1000-7fd8aaac3000 r--s 00005000 08:03 2361932                    /home/mann/.gradle/wrapper/dists/gradle-3.3-all/55gk2rcmfc6p2dg9u9ohc3hw9/gradle-3.3/lib/plugins/jatl-0.2.2.jar
7fd8aaac3000-7fd8aaac5000 r--s 0000f000 08:03 2361885                    /home/mann/.gradle/wrapper/dists/gradle-3.3-all/55gk2rcmfc6p2dg9u9ohc3hw9/gradle-3.3/lib/plugins/gradle-reporting-3.3.jar
7fd8aaac5000-7fd8aaac7000 r--s 00002000 08:03 2361886                    /home/mann/.gradle/wrapper/dists/gradle-3.3-all/55gk2rcmfc6p2dg9u9ohc3hw9/gradle-3.3/lib/plugins/gradle-publish-3.3.jar
7fd8aaac7000-7fd8aaac9000 r--s 00009000 08:03 2361915                    /home/mann/.gradle/wrapper/dists/gradle-3.3-all/55gk2rcmfc6p2dg9u9ohc3hw9/gradle-3.3/lib/plugins/commons-cli-1.2.jar
7fd8aaac9000-7fd8aaacf000 r--s 00031000 08:03 2361871                    /home/mann/.gradle/wrapper/dists/gradle-3.3-all/55gk2rcmfc6p2dg9u9ohc3hw9/gradle-3.3/lib/plugins/gradle-plugins-3.3.jar
7fd8aaacf000-7fd8aaad1000 r--s 00009000 08:03 2361904                    /home/mann/.gradle/wrapper/dists/gradle-3.3-all/55gk2rcmfc6p2dg9u9ohc3hw9/gradle-3.3/lib/plugins/gradle-plugin-development-3.3.jar
7fd8aaad1000-7fd8aaad7000 r--s 0002b000 08:03 2361897                    /home/mann/.gradle/wrapper/dists/gradle-3.3-all/55gk2rcmfc6p2dg9u9ohc3hw9/gradle-3.3/lib/plugins/gradle-platform-play-3.3.jar
7fd8aaad7000-7fd8aaae5000 r--s 00055000 08:03 2361896                    /home/mann/.gradle/wrapper/dists/gradle-3.3-all/55gk2rcmfc6p2dg9u9ohc3hw9/gradle-3.3/lib/plugins/gradle-platform-native-3.3.jar
7fd8aaae5000-7fd8aaaea000 r--s 0001f000 08:03 2361891                    /home/mann/.gradle/wrapper/dists/gradle-3.3-all/55gk2rcmfc6p2dg9u9ohc3hw9/gradle-3.3/lib/plugins/gradle-platform-jvm-3.3.jar
7fd8aaaea000-7fd8aaaf2000 r--s 00027000 08:03 2361890                    /home/mann/.gradle/wrapper/dists/gradle-3.3-all/55gk2rcmfc6p2dg9u9ohc3hw9/gradle-3.3/lib/plugins/gradle-platform-base-3.3.jar
7fd8aaaf2000-7fd8aab1a000 r--s 0021c000 08:03 2361923                    /home/mann/.gradle/wrapper/dists/gradle-3.3-all/55gk2rcmfc6p2dg9u9ohc3hw9/gradle-3.3/lib/plugins/biz.aQute.bndlib-3.2.0.jar
7fd8aab1a000-7fd8aab1c000 r--s 00003000 08:03 2361875                    /home/mann/.gradle/wrapper/dists/gradle-3.3-all/55gk2rcmfc6p2dg9u9ohc3hw9/gradle-3.3/lib/plugins/gradle-osgi-3.3.jar
7fd8aab1c000-7fd8aab1f000 r--s 0000c000 08:03 2361926                    /home/mann/.gradle/wrapper/dists/gradle-3.3-all/55gk2rcmfc6p2dg9u9ohc3hw9/gradle-3.3/lib/plugins/pmaven-groovy-0.8-20100325.jar
7fd8aab1f000-7fd8aab20000 r--s 00004000 08:03 2361925                    /home/mann/.gradle/wrapper/dists/gradle-3.3-all/55gk2rcmfc6p2dg9u9ohc3hw9/gradle-3.3/lib/plugins/pmaven-common-0.8-20100325.jar
7fd8aab20000-7fd8aab26000 r--s 00023000 08:03 2361876                    /home/mann/.gradle/wrapper/dists/gradle-3.3-all/55gk2rcmfc6p2dg9u9ohc3hw9/gradle-3.3/lib/plugins/gradle-maven-3.3.jar
7fd8aab26000-7fd8aab29000 r--s 0000b000 08:03 2361895                    /home/mann/.gradle/wrapper/dists/gradle-3.3-all/55gk2rcmfc6p2dg9u9ohc3hw9/gradle-3.3/lib/plugins/gradle-language-scala-3.3.jar
7fd8aab29000-7fd8aab2f000 r--s 0001a000 08:03 2361899                    /home/mann/.gradle/wrapper/dists/gradle-3.3-all/55gk2rcmfc6p2dg9u9ohc3hw9/gradle-3.3/lib/plugins/gradle-language-native-3.3.jar
7fd8aab2f000-7fd8aab32000 r--s 00005000 08:03 2361892                    /home/mann/.gradle/wrapper/dists/gradle-3.3-all/55gk2rcmfc6p2dg9u9ohc3hw9/gradle-3.3/lib/plugins/gradle-language-jvm-3.3.jar
7fd8aab32000-7fd8aab38000 r--s 00027000 08:03 2361893                    /home/mann/.gradle/wrapper/dists/gradle-3.3-all/55gk2rcmfc6p2dg9u9ohc3hw9/gradle-3.3/lib/plugins/gradle-language-java-3.3.jar
7fd8aab38000-7fd8aab3a000 r--s 0000a000 08:03 2361894                    /home/mann/.gradle/wrapper/dists/gradle-3.3-all/55gk2rcmfc6p2dg9u9ohc3hw9/gradle-3.3/lib/plugins/gradle-language-groovy-3.3.jar
7fd8aab3a000-7fd8aab3d000 r--s 0001e000 08:03 2361950                    /home/mann/.gradle/wrapper/dists/gradle-3.3-all/55gk2rcmfc6p2dg9u9ohc3hw9/gradle-3.3/lib/plugins/jsp-api-2.1-6.1.14.jar
7fd8aab3d000-7fd8aab60000 r--s 00344000 08:03 2361949                    /home/mann/.gradle/wrapper/dists/gradle-3.3-all/55gk2rcmfc6p2dg9u9ohc3hw9/gradle-3.3/lib/plugins/core-3.1.1.jar
7fd8aab60000-7fd8aab61000 r--s 00006000 08:03 2361948                    /home/mann/.gradle/wrapper/dists/gradle-3.3-all/55gk2rcmfc6p2dg9u9ohc3hw9/gradle-3.3/lib/plugins/jetty-naming-6.1.26.jar
7fd8aab61000-7fd8aab62000 r--s 00002000 08:03 2361922                    /home/mann/.gradle/wrapper/dists/gradle-3.3-all/55gk2rcmfc6p2dg9u9ohc3hw9/gradle-3.3/lib/plugins/geronimo-annotation_1.0_spec-1.0.jar
7fd8aab62000-7fd8aab64000 r--s 00002000 08:03 2361921                    /home/mann/.gradle/wrapper/dists/gradle-3.3-all/55gk2rcmfc6p2dg9u9ohc3hw9/gradle-3.3/lib/plugins/jetty-annotations-6.1.26.jar
7fd8aab64000-7fd8aab75000 r--s 000ea000 08:03 2361920                    /home/mann/.gradle/wrapper/dists/gradle-3.3-all/55gk2rcmfc6p2dg9u9ohc3hw9/gradle-3.3/lib/plugins/jsp-2.1-6.1.14.jar
7fd8aab75000-7fd8aab77000 r--s 0000d000 08:03 2361919                    /home/mann/.gradle/wrapper/dists/gradle-3.3-all/55gk2rcmfc6p2dg9u9ohc3hw9/gradle-3.3/lib/plugins/jetty-plus-6.1.26.jar
7fd8aab77000-7fd8aab79000 r--s 0001f000 08:03 2361918                    /home/mann/.gradle/wrapper/dists/gradle-3.3-all/55gk2rcmfc6p2dg9u9ohc3hw9/gradle-3.3/lib/plugins/servlet-api-2.5-20081211.jar
7fd8aab79000-7fd8aab7d000 r--s 00028000 08:03 2361917                    /home/mann/.gradle/wrapper/dists/gradle-3.3-all/55gk2rcmfc6p2dg9u9ohc3hw9/gradle-3.3/lib/plugins/jetty-util-6.1.26.jar
7fd8aab7d000-7fd8aab84000 r--s 0007d000 08:03 2361916                    /home/mann/.gradle/wrapper/dists/gradle-3.3-all/55gk2rcmfc6p2dg9u9ohc3hw9/gradle-3.3/lib/plugins/jetty-6.1.26.jar
7fd8aab84000-7fd8aab86000 r--s 0000a000 08:03 2361873                    /home/mann/.gradle/wrapper/dists/gradle-3.3-all/55gk2rcmfc6p2dg9u9ohc3hw9/gradle-3.3/lib/plugins/gradle-jetty-3.3.jar
7fd8aab86000-7fd8aab8d000 r--s 00035000 08:03 2361931                    /home/mann/.gradle/wrapper/dists/gradle-3.3-all/55gk2rcmfc6p2dg9u9ohc3hw9/gradle-3.3/lib/plugins/simple-4.1.21.jar
7fd8aab8d000-7fd8aab99000 r--s 00100000 08:03 2361929                    /home/mann/.gradle/wrapper/dists/gradle-3.3-all/55gk2rcmfc6p2dg9u9ohc3hw9/gradle-3.3/lib/plugins/rhino-1.7R3.jar
7fd8aab99000-7fd8aab9d000 r--s 00012000 08:03 2361882                    /home/mann/.gradle/wrapper/dists/gradle-3.3-all/55gk2rcmfc6p2dg9u9ohc3hw9/gradle-3.3/lib/plugins/gradle-javascript-3.3.jar
7fd8aab9d000-7fd8aab9f000 r--s 0000d000 08:03 2361888                    /home/mann/.gradle/wrapper/dists/gradle-3.3-all/55gk2rcmfc6p2dg9u9ohc3hw9/gradle-3.3/lib/plugins/gradle-jacoco-3.3.jar
7fd8aab9f000-7fd8aaba2000 r--s 0000e000 08:03 2361887                    /home/mann/.gradle/wrapper/dists/gradle-3.3-all/55gk2rcmfc6p2dg9u9ohc3hw9/gradle-3.3/lib/plugins/gradle-ivy-3.3.jar
7fd8aaba2000-7fd8aaba3000 r--s 00002000 08:03 2361898                    /home/mann/.gradle/wrapper/dists/gradle-3.3-all/55gk2rcmfc6p2dg9u9ohc3hw9/gradle-3.3/lib/plugins/gradle-ide-play-3.3.jar
7fd8aaba3000-7fd8aaba6000 r--s 00013000 08:03 2361900                    /home/mann/.gradle/wrapper/dists/gradle-3.3-all/55gk2rcmfc6p2dg9u9ohc3hw9/gradle-3.3/lib/plugins/gradle-ide-native-3.3.jar
7fd8aaba6000-7fd8aabaf000 r--s 00055000 08:03 2361877                    /home/mann/.gradle/wrapper/dists/gradle-3.3-all/55gk2rcmfc6p2dg9u9ohc3hw9/gradle-3.3/lib/plugins/gradle-ide-3.3.jar
7fd8aabaf000-7fd8aabb1000 r--s 00007000 08:03 2361881                    /home/mann/.gradle/wrapper/dists/gradle-3.3-all/55gk2rcmfc6p2dg9u9ohc3hw9/gradle-3.3/lib/plugins/gradle-ear-3.3.jar
7fd8aabb1000-7fd8aabb7000 r--s 00039000 08:03 2361884                    /home/mann/.gradle/wrapper/dists/gradle-3.3-all/55gk2rcmfc6p2dg9u9ohc3hw9/gradle-3.3/lib/plugins/gradle-diagnostics-3.3.jar
7fd8aabb7000-7fd8aabb8000 r--s 00009000 08:03 2361910                    /home/mann/.gradle/wrapper/dists/gradle-3.3-all/55gk2rcmfc6p2dg9u9ohc3hw9/gradle-3.3/lib/plugins/gradle-composite-builds-3.3.jar
7fd8aabb8000-7fd8aabbc000 r--s 00023000 08:03 2361872                    /home/mann/.gradle/wrapper/dists/gradle-3.3-all/55gk2rcmfc6p2dg9u9ohc3hw9/gradle-3.3/lib/plugins/gradle-code-quality-3.3.jar
7fd8aabbc000-7fd8aabc0000 r--s 00022000 08:03 2361889                    /home/mann/.gradle/wrapper/dists/gradle-3.3-all/55gk2rcmfc6p2dg9u9ohc3hw9/gradle-3.3/lib/plugins/gradle-build-init-3.3.jar
7fd8aabc0000-7fd8aabc6000 r--s 0008e000 08:03 2361883                    /home/mann/.gradle/wrapper/dists/gradle-3.3-all/55gk2rcmfc6p2dg9u9ohc3hw9/gradle-3.3/lib/plugins/gradle-build-comparison-3.3.jar
7fd8aabc6000-7fd8aabc7000 r--s 00001000 08:03 2361911                    /home/mann/.gradle/wrapper/dists/gradle-3.3-all/55gk2rcmfc6p2dg9u9ohc3hw9/gradle-3.3/lib/plugins/gradle-build-cache-http-3.3.jar
7fd8aabc7000-7fd8aabc9000 r--s 00008000 08:03 2361874                    /home/mann/.gradle/wrapper/dists/gradle-3.3-all/55gk2rcmfc6p2dg9u9ohc3hw9/gradle-3.3/lib/plugins/gradle-antlr-3.3.jar
7fd8aabc9000-7fd8aabcb000 r--s 00004000 08:03 2361878                    /home/mann/.gradle/wrapper/dists/gradle-3.3-all/55gk2rcmfc6p2dg9u9ohc3hw9/gradle-3.3/lib/plugins/gradle-announce-3.3.jar
7fd8aabcb000-7fd8aabe3000 r--s 00115000 08:03 2361980                    /home/mann/.gradle/wrapper/dists/gradle-3.3-all/55gk2rcmfc6p2dg9u9ohc3hw9/gradle-3.3/lib/plugins/xercesImpl-2.9.1.jar
7fd8aabe3000-7fd8aabeb000 r--s 00028000 08:03 2361981                    /home/mann/.gradle/wrapper/dists/gradle-3.3-all/55gk2rcmfc6p2dg9u9ohc3hw9/gradle-3.3/lib/plugins/xml-apis-1.3.04.jar
7fd8aabeb000-7fd8aabf1000 r--s 0005b000 08:03 2361979                    /home/mann/.gradle/wrapper/dists/gradle-3.3-all/55gk2rcmfc6p2dg9u9ohc3hw9/gradle-3.3/lib/plugins/jcifs-1.3.17.jar
7fd8aabf1000-7fd8aabf7000 r--s 00033000 08:03 2361927                    /home/mann/.gradle/wrapper/dists/gradle-3.3-all/55gk2rcmfc6p2dg9u9ohc3hw9/gradle-3.3/lib/plugins/commons-codec-1.6.jar
7fd8aabf7000-7fd8aabfe000 r--s 00049000 08:03 2361978                    /home/mann/.gradle/wrapper/dists/gradle-3.3-all/55gk2rcmfc6p2dg9u9ohc3hw9/gradle-3.3/lib/plugins/httpcore-4.4.4.jar
7fd8aabfe000-7fd8aac01000 r--s 0001c000 08:03 2361936                    /home/mann/.gradle/wrapper/dists/gradle-3.3-all/55gk2rcmfc6p2dg9u9ohc3hw9/gradle-3.3/lib/plugins/nekohtml-1.9.14.jar
7fd8aac01000-7fd8aac0e000 r--s 000a4000 08:03 2361935                    /home/mann/.gradle/wrapper/dists/gradle-3.3-all/55gk2rcmfc6p2dg9u9ohc3hw9/gradle-3.3/lib/plugins/httpclient-4.4.1.jar
7fd8aac0e000-7fd8aac11000 r--s 0000a000 08:03 2361906                    /home/mann/.gradle/wrapper/dists/gradle-3.3-all/55gk2rcmfc6p2dg9u9ohc3hw9/gradle-3.3/lib/plugins/gradle-resources-http-3.3.jar
7fd8aac11000-7fd8aac15000 r--s 00015000 08:03 2361905                    /home/mann/.gradle/wrapper/dists/gradle-3.3-all/55gk2rcmfc6p2dg9u9ohc3hw9/gradle-3.3/lib/plugins/gradle-plugin-use-3.3.jar
7fd8aac15000-7fd8aac16000 r--s 00000000 08:03 2361817                    /home/mann/.gradle/wrapper/dists/gradle-3.3-all/55gk2rcmfc6p2dg9u9ohc3hw9/gradle-3.3/lib/gradle-installation-beacon-3.3.jar
7fd8aac16000-7fd8aac18000 r--s 00006000 08:03 2361974                    /home/mann/.gradle/wrapper/dists/gradle-3.3-all/55gk2rcmfc6p2dg9u9ohc3hw9/gradle-3.3/lib/plugins/aether-connector-wagon-1.13.1.jar
7fd8aac18000-7fd8aac1c000 r--s 0001c000 08:03 2361973                    /home/mann/.gradle/wrapper/dists/gradle-3.3-all/55gk2rcmfc6p2dg9u9ohc3hw9/gradle-3.3/lib/plugins/aether-util-1.13.1.jar
7fd8aac1c000-7fd8aac1d000 r--s 00003000 08:03 2361972                    /home/mann/.gradle/wrapper/dists/gradle-3.3-all/55gk2rcmfc6p2dg9u9ohc3hw9/gradle-3.3/lib/plugins/aether-spi-1.13.1.jar
7fd8aac1d000-7fd8aac20000 r--s 0001d000 08:03 2361971                    /home/mann/.gradle/wrapper/dists/gradle-3.3-all/55gk2rcmfc6p2dg9u9ohc3hw9/gradle-3.3/lib/plugins/aether-impl-1.13.1.jar
7fd8aac20000-7fd8aac23000 r--s 00013000 08:03 2361970                    /home/mann/.gradle/wrapper/dists/gradle-3.3-all/55gk2rcmfc6p2dg9u9ohc3hw9/gradle-3.3/lib/plugins/aether-api-1.13.1.jar
7fd8aac23000-7fd8aac24000 r--s 00007000 08:03 2361969                    /home/mann/.gradle/wrapper/dists/gradle-3.3-all/55gk2rcmfc6p2dg9u9ohc3hw9/gradle-3.3/lib/plugins/wagon-http-shared4-2.4.jar
7fd8aac24000-7fd8aac26000 r--s 0000b000 08:03 2361968                    /home/mann/.gradle/wrapper/dists/gradle-3.3-all/55gk2rcmfc6p2dg9u9ohc3hw9/gradle-3.3/lib/plugins/wagon-provider-api-2.4.jar
7fd8aac26000-7fd8aac27000 r--s 00002000 08:03 2361967                    /home/mann/.gradle/wrapper/dists/gradle-3.3-all/55gk2rcmfc6p2dg9u9ohc3hw9/gradle-3.3/lib/plugins/wagon-http-2.4.jar
7fd8aac27000-7fd8aac28000 r--s 00002000 08:03 2361966                    /home/mann/.gradle/wrapper/dists/gradle-3.3-all/55gk2rcmfc6p2dg9u9ohc3hw9/gradle-3.3/lib/plugins/wagon-file-2.4.jar
7fd8aac28000-7fd8aac2a000 r--s 0000c000 08:03 2361965                    /home/mann/.gradle/wrapper/dists/gradle-3.3-all/55gk2rcmfc6p2dg9u9ohc3hw9/gradle-3.3/lib/plugins/maven-aether-provider-3.0.4.jar
7fd8aac2a000-7fd8aac2c000 r--s 0000b000 08:03 2361964                    /home/mann/.gradle/wrapper/dists/gradle-3.3-all/55gk2rcmfc6p2dg9u9ohc3hw9/gradle-3.3/lib/plugins/maven-plugin-api-3.0.4.jar
7fd8aac2c000-7fd8aac2e000 r--s 00006000 08:03 2361963                    /home/mann/.gradle/wrapper/dists/gradle-3.3-all/55gk2rcmfc6p2dg9u9ohc3hw9/gradle-3.3/lib/plugins/maven-repository-metadata-3.0.4.jar
7fd8aac2e000-7fd8aac30000 r--s 0000b000 08:03 2361962                    /home/mann/.gradle/wrapper/dists/gradle-3.3-all/55gk2rcmfc6p2dg9u9ohc3hw9/gradle-3.3/lib/plugins/maven-artifact-3.0.4.jar
7fd8aac30000-7fd8aac32000 r--s 00026000 08:03 2361961                    /home/mann/.gradle/wrapper/dists/gradle-3.3-all/55gk2rcmfc6p2dg9u9ohc3hw9/gradle-3.3/lib/plugins/maven-model-3.0.4.jar
7fd8aac32000-7fd8aac36000 r--s 00021000 08:03 2361960                    /home/mann/.gradle/wrapper/dists/gradle-3.3-all/55gk2rcmfc6p2dg9u9ohc3hw9/gradle-3.3/lib/plugins/maven-model-builder-3.0.4.jar
7fd8aac36000-7fd8aac3c000 r--s 0003f000 08:03 2361959                    /home/mann/.gradle/wrapper/dists/gradle-3.3-all/55gk2rcmfc6p2dg9u9ohc3hw9/gradle-3.3/lib/plugins/maven-compat-3.0.4.jar
7fd8aac3c000-7fd8aac3d000 r--s 00006000 08:03 2361958                    /home/mann/.gradle/wrapper/dists/gradle-3.3-all/55gk2rcmfc6p2dg9u9ohc3hw9/gradle-3.3/lib/plugins/plexus-sec-dispatcher-1.3.jar
7fd8aac3d000-7fd8aac3f000 r--s 00002000 08:03 2361957                    /home/mann/.gradle/wrapper/dists/gradle-3.3-all/55gk2rcmfc6p2dg9u9ohc3hw9/gradle-3.3/lib/plugins/plexus-cipher-1.7.jar
7fd8aac3f000-7fd8aac41000 r--s 0000a000 08:03 2361956                    /home/mann/.gradle/wrapper/dists/gradle-3.3-all/55gk2rcmfc6p2dg9u9ohc3hw9/gradle-3.3/lib/plugins/plexus-classworlds-2.4.jar
7fd8aac41000-7fd8aac48000 r--s 0002e000 08:03 2361955                    /home/mann/.gradle/wrapper/dists/gradle-3.3-all/55gk2rcmfc6p2dg9u9ohc3hw9/gradle-3.3/lib/plugins/plexus-container-default-1.5.5.jar
7fd8aac48000-7fd8aac4a000 r--s 00000000 08:03 2361982                    /home/mann/.gradle/wrapper/dists/gradle-3.3-all/55gk2rcmfc6p2dg9u9ohc3hw9/gradle-3.3/lib/plugins/plexus-component-annotations-1.5.5.jar
7fd8aac4a000-7fd8aac4c000 r--s 0000d000 08:03 2361954                    /home/mann/.gradle/wrapper/dists/gradle-3.3-all/55gk2rcmfc6p2dg9u9ohc3hw9/gradle-3.3/lib/plugins/plexus-interpolation-1.14.jar
7fd8aac4c000-7fd8aac50000 r--s 00033000 08:03 2361953                    /home/mann/.gradle/wrapper/dists/gradle-3.3-all/55gk2rcmfc6p2dg9u9ohc3hw9/gradle-3.3/lib/plugins/plexus-utils-2.0.6.jar
7fd8aac50000-7fd8aac53000 r--s 00008000 08:03 2361952                    /home/mann/.gradle/wrapper/dists/gradle-3.3-all/55gk2rcmfc6p2dg9u9ohc3hw9/gradle-3.3/lib/plugins/maven-settings-builder-3.0.4.jar
7fd8aac53000-7fd8aac58000 r--s 00040000 08:03 2361937                    /home/mann/.gradle/wrapper/dists/gradle-3.3-all/55gk2rcmfc6p2dg9u9ohc3hw9/gradle-3.3/lib/plugins/jsch-0.1.53.jar
7fd8aac58000-7fd8aac98000 r--s 00277000 08:03 2361947                    /home/mann/.gradle/wrapper/dists/gradle-3.3-all/55gk2rcmfc6p2dg9u9ohc3hw9/gradle-3.3/lib/plugins/bcprov-jdk15on-1.51.jar
7fd8aac98000-7fd8aaca4000 r--s 0007d000 08:03 2361924                    /home/mann/.gradle/wrapper/dists/gradle-3.3-all/55gk2rcmfc6p2dg9u9ohc3hw9/gradle-3.3/lib/plugins/maven-core-3.0.4.jar
7fd8aaca4000-7fd8aacb3000 r--s 000d9000 08:03 2361945                    /home/mann/.gradle/wrapper/dists/gradle-3.3-all/55gk2rcmfc6p2dg9u9ohc3hw9/gradle-3.3/lib/plugins/ivy-2.2.0.jar
7fd8aacb3000-7fd8aacc9000 r-xp 00000000 08:03 7081557                    /usr/lib/libgcc_s.so.1
7fd8aacc9000-7fd8aaec8000 ---p 00016000 08:03 7081557                    /usr/lib/libgcc_s.so.1
7fd8aaec8000-7fd8aaec9000 r--p 00015000 08:03 7081557                    /usr/lib/libgcc_s.so.1
7fd8aaec9000-7fd8aaeca000 rw-p 00016000 08:03 7081557                    /usr/lib/libgcc_s.so.1
7fd8aaeca000-7fd8ab042000 r-xp 00000000 08:03 7081525                    /usr/lib/libstdc++.so.6.0.22
7fd8ab042000-7fd8ab242000 ---p 00178000 08:03 7081525                    /usr/lib/libstdc++.so.6.0.22
7fd8ab242000-7fd8ab24c000 r--p 00178000 08:03 7081525                    /usr/lib/libstdc++.so.6.0.22
7fd8ab24c000-7fd8ab24e000 rw-p 00182000 08:03 7081525                    /usr/lib/libstdc++.so.6.0.22
7fd8ab24e000-7fd8ab252000 rw-p 00000000 00:00 0 
7fd8ab252000-7fd8ab254000 r--s 0000a000 08:03 2361951                    /home/mann/.gradle/wrapper/dists/gradle-3.3-all/55gk2rcmfc6p2dg9u9ohc3hw9/gradle-3.3/lib/plugins/maven-settings-3.0.4.jar
7fd8ab254000-7fd8ab258000 r--s 0001d000 08:03 2361946                    /home/mann/.gradle/wrapper/dists/gradle-3.3-all/55gk2rcmfc6p2dg9u9ohc3hw9/gradle-3.3/lib/plugins/xbean-reflect-3.4.jar
7fd8ab258000-7fd8ab25d000 r--s 00034000 08:03 2361930                    /home/mann/.gradle/wrapper/dists/gradle-3.3-all/55gk2rcmfc6p2dg9u9ohc3hw9/gradle-3.3/lib/plugins/gson-2.7.jar
7fd8ab25d000-7fd8ab27c000 r--s 000f6000 08:03 2361913                    /home/mann/.gradle/wrapper/dists/gradle-3.3-all/55gk2rcmfc6p2dg9u9ohc3hw9/gradle-3.3/lib/plugins/gradle-dependency-management-3.3.jar
7fd8ab27c000-7fd8ab27e000 r--s 00005000 08:03 2361912                    /home/mann/.gradle/wrapper/dists/gradle-3.3-all/55gk2rcmfc6p2dg9u9ohc3hw9/gradle-3.3/lib/plugins/gradle-workers-3.3.jar
7fd8ab27e000-7fd8ab283000 r-xp 00000000 08:03 2365630                    /home/mann/.gradle/native/23/linux-amd64/libnative-platform.so
7fd8ab283000-7fd8ab482000 ---p 00005000 08:03 2365630                    /home/mann/.gradle/native/23/linux-amd64/libnative-platform.so
7fd8ab482000-7fd8ab483000 rw-p 00004000 08:03 2365630                    /home/mann/.gradle/native/23/linux-amd64/libnative-platform.so
7fd8ab483000-7fd8ab494000 r-xp 00000000 08:03 1311705                    /opt/android-studio/jre/jre/lib/amd64/libnio.so
7fd8ab494000-7fd8ab693000 ---p 00011000 08:03 1311705                    /opt/android-studio/jre/jre/lib/amd64/libnio.so
7fd8ab693000-7fd8ab694000 r--p 00010000 08:03 1311705                    /opt/android-studio/jre/jre/lib/amd64/libnio.so
7fd8ab694000-7fd8ab695000 rw-p 00011000 08:03 1311705                    /opt/android-studio/jre/jre/lib/amd64/libnio.so
7fd8ab695000-7fd8ab6ac000 r-xp 00000000 08:03 1311704                    /opt/android-studio/jre/jre/lib/amd64/libnet.so
7fd8ab6ac000-7fd8ab8ab000 ---p 00017000 08:03 1311704                    /opt/android-studio/jre/jre/lib/amd64/libnet.so
7fd8ab8ab000-7fd8ab8ac000 r--p 00016000 08:03 1311704                    /opt/android-studio/jre/jre/lib/amd64/libnet.so
7fd8ab8ac000-7fd8ab8ad000 rw-p 00017000 08:03 1311704                    /opt/android-studio/jre/jre/lib/amd64/libnet.so
7fd8ab8ad000-7fd8ab8ae000 r--s 00006000 08:03 2361816                    /home/mann/.gradle/wrapper/dists/gradle-3.3-all/55gk2rcmfc6p2dg9u9ohc3hw9/gradle-3.3/lib/gradle-wrapper-3.3.jar
7fd8ab8ae000-7fd8ab8bb000 r--s 00041000 08:03 2361823                    /home/mann/.gradle/wrapper/dists/gradle-3.3-all/55gk2rcmfc6p2dg9u9ohc3hw9/gradle-3.3/lib/gradle-tooling-api-3.3.jar
7fd8ab8bb000-7fd8ab8bd000 r--s 00002000 08:03 2361843                    /home/mann/.gradle/wrapper/dists/gradle-3.3-all/55gk2rcmfc6p2dg9u9ohc3hw9/gradle-3.3/lib/gradle-open-api-3.3.jar
7fd8ab8bd000-7fd8ab8c3000 r--s 00032000 08:03 2361845                    /home/mann/.gradle/wrapper/dists/gradle-3.3-all/55gk2rcmfc6p2dg9u9ohc3hw9/gradle-3.3/lib/jaxen-1.1.jar
7fd8ab8c3000-7fd8ab8c8000 r--s 00048000 08:03 2361844                    /home/mann/.gradle/wrapper/dists/gradle-3.3-all/55gk2rcmfc6p2dg9u9ohc3hw9/gradle-3.3/lib/dom4j-1.6.1.jar
7fd8ab8c8000-7fd8ab8d3000 r--s 00059000 08:03 2361822                    /home/mann/.gradle/wrapper/dists/gradle-3.3-all/55gk2rcmfc6p2dg9u9ohc3hw9/gradle-3.3/lib/gradle-ui-3.3.jar
7fd8ab8d3000-7fd8ab8dc000 r--s 0008c000 08:03 2361814                    /home/mann/.gradle/wrapper/dists/gradle-3.3-all/55gk2rcmfc6p2dg9u9ohc3hw9/gradle-3.3/lib/kotlin-stdlib-1.1-M02.jar
7fd8ab8dc000-7fd8ab8e2000 r--s 0002a000 08:03 2361813                    /home/mann/.gradle/wrapper/dists/gradle-3.3-all/55gk2rcmfc6p2dg9u9ohc3hw9/gradle-3.3/lib/kotlin-runtime-1.1-M02.jar
7fd8ab8e2000-7fd8ab916000 r--s 00256000 08:03 2361812                    /home/mann/.gradle/wrapper/dists/gradle-3.3-all/55gk2rcmfc6p2dg9u9ohc3hw9/gradle-3.3/lib/kotlin-reflect-1.1-M02.jar
7fd8ab916000-7fd8abaac000 r--s 0157e000 08:03 2361811                    /home/mann/.gradle/wrapper/dists/gradle-3.3-all/55gk2rcmfc6p2dg9u9ohc3hw9/gradle-3.3/lib/kotlin-compiler-embeddable-1.1-M02.jar
7fd8abaac000-7fd8abab4000 r--s 0004e000 08:03 2361810                    /home/mann/.gradle/wrapper/dists/gradle-3.3-all/55gk2rcmfc6p2dg9u9ohc3hw9/gradle-3.3/lib/gradle-script-kotlin-0.5.1.jar
7fd8abab4000-7fd8abab7000 r--s 0000b000 08:03 2361841                    /home/mann/.gradle/wrapper/dists/gradle-3.3-all/55gk2rcmfc6p2dg9u9ohc3hw9/gradle-3.3/lib/gradle-resources-3.3.jar
7fd8abab7000-7fd8abab9000 r--s 00003000 08:03 2361850                    /home/mann/.gradle/wrapper/dists/gradle-3.3-all/55gk2rcmfc6p2dg9u9ohc3hw9/gradle-3.3/lib/jcl-over-slf4j-1.7.10.jar
7fd8abab9000-7fd8ababa000 r--s 00005000 08:03 2361849                    /home/mann/.gradle/wrapper/dists/gradle-3.3-all/55gk2rcmfc6p2dg9u9ohc3hw9/gradle-3.3/lib/log4j-over-slf4j-1.7.10.jar
7fd8ababa000-7fd8ababc000 r--s 00000000 08:03 2361848                    /home/mann/.gradle/wrapper/dists/gradle-3.3-all/55gk2rcmfc6p2dg9u9ohc3hw9/gradle-3.3/lib/jul-to-slf4j-1.7.10.jar
7fd8ababc000-7fd8abac1000 r--s 0001e000 08:03 2361825                    /home/mann/.gradle/wrapper/dists/gradle-3.3-all/55gk2rcmfc6p2dg9u9ohc3hw9/gradle-3.3/lib/gradle-logging-3.3.jar
7fd8abac1000-7fd8abac3000 r--s 00007000 08:03 2361869                    /home/mann/.gradle/wrapper/dists/gradle-3.3-all/55gk2rcmfc6p2dg9u9ohc3hw9/gradle-3.3/lib/objenesis-1.2.jar
7fd8abac3000-7fd8abac5000 r--s 00000000 08:03 2361868                    /home/mann/.gradle/wrapper/dists/gradle-3.3-all/55gk2rcmfc6p2dg9u9ohc3hw9/gradle-3.3/lib/minlog-1.2.jar
7fd8abac5000-7fd8abac7000 r--s 0000f000 08:03 2361867                    /home/mann/.gradle/wrapper/dists/gradle-3.3-all/55gk2rcmfc6p2dg9u9ohc3hw9/gradle-3.3/lib/reflectasm-1.07-shaded.jar
7fd8abac7000-7fd8abacb000 r--s 00026000 08:03 2361852                    /home/mann/.gradle/wrapper/dists/gradle-3.3-all/55gk2rcmfc6p2dg9u9ohc3hw9/gradle-3.3/lib/kryo-2.20.jar
7fd8abacb000-7fd8abad1000 r--s 00027000 08:03 2361840                    /home/mann/.gradle/wrapper/dists/gradle-3.3-all/55gk2rcmfc6p2dg9u9ohc3hw9/gradle-3.3/lib/gradle-messaging-3.3.jar
7fd8abad1000-7fd8abad2000 r--s 00001000 08:03 2361866                    /home/mann/.gradle/wrapper/dists/gradle-3.3-all/55gk2rcmfc6p2dg9u9ohc3hw9/gradle-3.3/lib/native-platform-linux-i386-ncurses6-0.12.jar
7fd8abad2000-7fd8abad3000 r--s 00001000 08:03 2361865                    /home/mann/.gradle/wrapper/dists/gradle-3.3-all/55gk2rcmfc6p2dg9u9ohc3hw9/gradle-3.3/lib/native-platform-linux-i386-ncurses5-0.12.jar
7fd8abad3000-7fd8abad4000 r--s 00001000 08:03 2361864                    /home/mann/.gradle/wrapper/dists/gradle-3.3-all/55gk2rcmfc6p2dg9u9ohc3hw9/gradle-3.3/lib/native-platform-linux-amd64-ncurses6-0.12.jar
7fd8abad4000-7fd8abad5000 r--s 00001000 08:03 2361863                    /home/mann/.gradle/wrapper/dists/gradle-3.3-all/55gk2rcmfc6p2dg9u9ohc3hw9/gradle-3.3/lib/native-platform-linux-amd64-ncurses5-0.12.jar
7fd8abad5000-7fd8abad6000 r--s 0000b000 08:03 2361862                    /home/mann/.gradle/wrapper/dists/gradle-3.3-all/55gk2rcmfc6p2dg9u9ohc3hw9/gradle-3.3/lib/native-platform-windows-i386-0.12.jar
7fd8abad6000-7fd8abad8000 r--s 0000b000 08:03 2361861                    /home/mann/.gradle/wrapper/dists/gradle-3.3-all/55gk2rcmfc6p2dg9u9ohc3hw9/gradle-3.3/lib/native-platform-windows-amd64-0.12.jar
7fd8abad8000-7fd8abada000 r--s 00002000 08:03 2361860                    /home/mann/.gradle/wrapper/dists/gradle-3.3-all/55gk2rcmfc6p2dg9u9ohc3hw9/gradle-3.3/lib/native-platform-osx-i386-0.12.jar
7fd8abada000-7fd8abadb000 r--s 00002000 08:03 2361859                    /home/mann/.gradle/wrapper/dists/gradle-3.3-all/55gk2rcmfc6p2dg9u9ohc3hw9/gradle-3.3/lib/native-platform-osx-amd64-0.12.jar
7fd8abadb000-7fd8abadc000 r--s 00002000 08:03 2361858                    /home/mann/.gradle/wrapper/dists/gradle-3.3-all/55gk2rcmfc6p2dg9u9ohc3hw9/gradle-3.3/lib/native-platform-linux-i386-0.12.jar
7fd8abadc000-7fd8abadd000 r--s 00002000 08:03 2361857                    /home/mann/.gradle/wrapper/dists/gradle-3.3-all/55gk2rcmfc6p2dg9u9ohc3hw9/gradle-3.3/lib/native-platform-linux-amd64-0.12.jar
7fd8abadd000-7fd8abade000 r--s 00003000 08:03 2361856                    /home/mann/.gradle/wrapper/dists/gradle-3.3-all/55gk2rcmfc6p2dg9u9ohc3hw9/gradle-3.3/lib/native-platform-freebsd-i386-libstdcpp-0.12.jar
7fd8abade000-7fd8abae0000 r--s 00003000 08:03 2361854                    /home/mann/.gradle/wrapper/dists/gradle-3.3-all/55gk2rcmfc6p2dg9u9ohc3hw9/gradle-3.3/lib/native-platform-freebsd-amd64-libstdcpp-0.12.jar
7fd8abae0000-7fd8abae3000 r--s 00023000 08:03 2361847                    /home/mann/.gradle/wrapper/dists/gradle-3.3-all/55gk2rcmfc6p2dg9u9ohc3hw9/gradle-3.3/lib/jansi-1.14.jar
7fd8abae3000-7fd8abae7000 r--s 00011000 08:03 2361846                    /home/mann/.gradle/wrapper/dists/gradle-3.3-all/55gk2rcmfc6p2dg9u9ohc3hw9/gradle-3.3/lib/native-platform-0.12.jar
7fd8abae7000-7fd8abaea000 r--s 0000a000 08:03 2361824                    /home/mann/.gradle/wrapper/dists/gradle-3.3-all/55gk2rcmfc6p2dg9u9ohc3hw9/gradle-3.3/lib/gradle-native-3.3.jar
7fd8abaea000-7fd8abaec000 r--s 00005000 08:03 2361821                    /home/mann/.gradle/wrapper/dists/gradle-3.3-all/55gk2rcmfc6p2dg9u9ohc3hw9/gradle-3.3/lib/gradle-cli-3.3.jar
7fd8abaec000-7fd8abafb000 r--s 0007f000 08:03 2361831                    /home/mann/.gradle/wrapper/dists/gradle-3.3-all/55gk2rcmfc6p2dg9u9ohc3hw9/gradle-3.3/lib/gradle-model-core-3.3.jar
7fd8abafb000-7fd8abb08000 r--s 00083000 08:03 2361835                    /home/mann/.gradle/wrapper/dists/gradle-3.3-all/55gk2rcmfc6p2dg9u9ohc3hw9/gradle-3.3/lib/commons-collections-3.2.2.jar
7fd8abb08000-7fd8abb78000 r--s 00641000 08:03 2361830                    /home/mann/.gradle/wrapper/dists/gradle-3.3-all/55gk2rcmfc6p2dg9u9ohc3hw9/gradle-3.3/lib/groovy-all-2.4.7.jar
7fd8abb78000-7fd8abba0000 r--s 001cf000 08:03 2361827                    /home/mann/.gradle/wrapper/dists/gradle-3.3-all/55gk2rcmfc6p2dg9u9ohc3hw9/gradle-3.3/lib/guava-jdk5-17.0.jar
7fd8abba0000-7fd8abbbf000 r--s 001d1000 08:03 2361834                    /home/mann/.gradle/wrapper/dists/gradle-3.3-all/55gk2rcmfc6p2dg9u9ohc3hw9/gradle-3.3/lib/ant-1.9.6.jar
7fd8abbbf000-7fd8abbfc000 r--s 001f8000 08:03 2361820                    /home/mann/.gradle/wrapper/dists/gradle-3.3-all/55gk2rcmfc6p2dg9u9ohc3hw9/gradle-3.3/lib/gradle-core-3.3.jar
7fd8abbfc000-7fd8abbfd000 ---p 00000000 00:00 0 
7fd8abbfd000-7fd8abcfd000 rw-p 00000000 00:00 0 
7fd8abcfd000-7fd8abd00000 ---p 00000000 00:00 0 
7fd8abd00000-7fd8abdfe000 rw-p 00000000 00:00 0 
7fd8abdfe000-7fd8abe01000 ---p 00000000 00:00 0 
7fd8abe01000-7fd8abeff000 rw-p 00000000 00:00 0 
7fd8abeff000-7fd8abf02000 ---p 00000000 00:00 0 
7fd8abf02000-7fd8ac000000 rw-p 00000000 00:00 0 
7fd8ac000000-7fd8ac021000 rw-p 00000000 00:00 0 
7fd8ac021000-7fd8b0000000 ---p 00000000 00:00 0 
7fd8b0000000-7fd8b1d77000 rw-p 00000000 00:00 0 
7fd8b1d77000-7fd8b4000000 ---p 00000000 00:00 0 
7fd8b4000000-7fd8b4021000 rw-p 00000000 00:00 0 
7fd8b4021000-7fd8b8000000 ---p 00000000 00:00 0 
7fd8b8000000-7fd8b8021000 rw-p 00000000 00:00 0 
7fd8b8021000-7fd8bc000000 ---p 00000000 00:00 0 
7fd8bc000000-7fd8bc2f7000 rw-p 00000000 00:00 0 
7fd8bc2f7000-7fd8c0000000 ---p 00000000 00:00 0 
7fd8c0000000-7fd8c0001000 r--s 00004000 08:03 2361855                    /home/mann/.gradle/wrapper/dists/gradle-3.3-all/55gk2rcmfc6p2dg9u9ohc3hw9/gradle-3.3/lib/native-platform-freebsd-i386-libcpp-0.12.jar
7fd8c0001000-7fd8c0003000 r--s 00007000 08:03 2361832                    /home/mann/.gradle/wrapper/dists/gradle-3.3-all/55gk2rcmfc6p2dg9u9ohc3hw9/gradle-3.3/lib/gradle-model-groovy-3.3.jar
7fd8c0003000-7fd8c0005000 r--s 00006000 08:03 2361839                    /home/mann/.gradle/wrapper/dists/gradle-3.3-all/55gk2rcmfc6p2dg9u9ohc3hw9/gradle-3.3/lib/gradle-base-services-groovy-3.3.jar
7fd8c0005000-7fd8c0009000 r--s 00027000 08:03 2361836                    /home/mann/.gradle/wrapper/dists/gradle-3.3-all/55gk2rcmfc6p2dg9u9ohc3hw9/gradle-3.3/lib/commons-io-2.2.jar
7fd8c0009000-7fd8c000c000 ---p 00000000 00:00 0 
7fd8c000c000-7fd8c010a000 rw-p 00000000 00:00 0 
7fd8c010a000-7fd8c010d000 ---p 00000000 00:00 0 
7fd8c010d000-7fd8c020b000 rw-p 00000000 00:00 0 
7fd8c020b000-7fd8c04d4000 r--p 00000000 08:03 7100047                    /usr/lib/locale/locale-archive
7fd8c04d4000-7fd8c04d7000 ---p 00000000 00:00 0 
7fd8c04d7000-7fd8c05d5000 rw-p 00000000 00:00 0 
7fd8c05d5000-7fd8c05d8000 ---p 00000000 00:00 0 
7fd8c05d8000-7fd8c06d6000 rw-p 00000000 00:00 0 
7fd8c06d6000-7fd8c06d7000 ---p 00000000 00:00 0 
7fd8c06d7000-7fd8c4000000 rw-p 00000000 00:00 0 
7fd8c4000000-7fd8c4034000 rw-p 00000000 00:00 0 
7fd8c4034000-7fd8c8000000 ---p 00000000 00:00 0 
7fd8c8000000-7fd8c8024000 rw-p 00000000 00:00 0 
7fd8c8024000-7fd8cc000000 ---p 00000000 00:00 0 
7fd8cc000000-7fd8cc03b000 rw-p 00000000 00:00 0 
7fd8cc03b000-7fd8d0000000 ---p 00000000 00:00 0 
7fd8d0000000-7fd8d0046000 rw-p 00000000 00:00 0 
7fd8d0046000-7fd8d4000000 ---p 00000000 00:00 0 
7fd8d4000000-7fd8d4001000 r--s 00004000 08:03 2361853                    /home/mann/.gradle/wrapper/dists/gradle-3.3-all/55gk2rcmfc6p2dg9u9ohc3hw9/gradle-3.3/lib/native-platform-freebsd-amd64-libcpp-0.12.jar
7fd8d4001000-7fd8d4002000 r--s 00002000 08:03 2361842                    /home/mann/.gradle/wrapper/dists/gradle-3.3-all/55gk2rcmfc6p2dg9u9ohc3hw9/gradle-3.3/lib/gradle-docs-3.3.jar
7fd8d4002000-7fd8d4003000 r--s 00000000 08:03 2361838                    /home/mann/.gradle/wrapper/dists/gradle-3.3-all/55gk2rcmfc6p2dg9u9ohc3hw9/gradle-3.3/lib/javax.inject-1.jar
7fd8d4003000-7fd8d4008000 r--s 00038000 08:03 2361833                    /home/mann/.gradle/wrapper/dists/gradle-3.3-all/55gk2rcmfc6p2dg9u9ohc3hw9/gradle-3.3/lib/asm-all-5.1.jar
7fd8d4008000-7fd8d400a000 r--s 00000000 08:03 2361819                    /home/mann/.gradle/wrapper/dists/gradle-3.3-all/55gk2rcmfc6p2dg9u9ohc3hw9/gradle-3.3/lib/gradle-jvm-services-3.3.jar
7fd8d400a000-7fd8d4631000 rw-p 00000000 00:00 0 
7fd8d4631000-7fd8d4800000 r--s 03c1b000 08:03 1311672                    /opt/android-studio/jre/jre/lib/rt.jar
7fd8d4800000-7fd8d5000000 rw-p 00000000 00:00 0 
7fd8d5000000-7fd8d66f0000 rwxp 00000000 00:00 0 
7fd8d66f0000-7fd8e4000000 ---p 00000000 00:00 0 
7fd8e4000000-7fd8e4cf3000 rw-p 00000000 00:00 0 
7fd8e4cf3000-7fd8e8000000 ---p 00000000 00:00 0 
7fd8e8000000-7fd8e8001000 r--s 00000000 08:03 2361837                    /home/mann/.gradle/wrapper/dists/gradle-3.3-all/55gk2rcmfc6p2dg9u9ohc3hw9/gradle-3.3/lib/jcip-annotations-1.0.jar
7fd8e8001000-7fd8e8006000 r--s 00041000 08:03 2361828                    /home/mann/.gradle/wrapper/dists/gradle-3.3-all/55gk2rcmfc6p2dg9u9ohc3hw9/gradle-3.3/lib/commons-lang-2.6.jar
7fd8e8006000-7fd8e8013000 r--s 0005c000 08:03 2361815                    /home/mann/.gradle/wrapper/dists/gradle-3.3-all/55gk2rcmfc6p2dg9u9ohc3hw9/gradle-3.3/lib/gradle-launcher-3.3.jar
7fd8e8013000-7fd8e84f9000 rw-p 00000000 00:00 0 
7fd8e84f9000-7fd8e84fa000 ---p 00000000 00:00 0 
7fd8e84fa000-7fd8e85fa000 rw-p 00000000 00:00 0 
7fd8e85fa000-7fd8e85fb000 ---p 00000000 00:00 0 
7fd8e85fb000-7fd8e86fb000 rw-p 00000000 00:00 0 
7fd8e86fb000-7fd8e86fc000 ---p 00000000 00:00 0 
7fd8e86fc000-7fd8e87fc000 rw-p 00000000 00:00 0 
7fd8e87fc000-7fd8e87fd000 ---p 00000000 00:00 0 
7fd8e87fd000-7fd8e8916000 rw-p 00000000 00:00 0 
7fd8e8916000-7fd8e8afd000 ---p 00000000 00:00 0 
7fd8e8afd000-7fd8e8b16000 rw-p 00000000 00:00 0 
7fd8e8b16000-7fd8e8cfd000 ---p 00000000 00:00 0 
7fd8e8cfd000-7fd8e8d3d000 rw-p 00000000 00:00 0 
7fd8e8d3d000-7fd8e8dfd000 ---p 00000000 00:00 0 
7fd8e8dfd000-7fd8e8e5a000 rw-p 00000000 00:00 0 
7fd8e8e5a000-7fd8e91be000 ---p 00000000 00:00 0 
7fd8e91be000-7fd8e91d8000 r-xp 00000000 08:03 1311689                    /opt/android-studio/jre/jre/lib/amd64/libzip.so
7fd8e91d8000-7fd8e93d8000 ---p 0001a000 08:03 1311689                    /opt/android-studio/jre/jre/lib/amd64/libzip.so
7fd8e93d8000-7fd8e93d9000 r--p 0001a000 08:03 1311689                    /opt/android-studio/jre/jre/lib/amd64/libzip.so
7fd8e93d9000-7fd8e93da000 rw-p 0001b000 08:03 1311689                    /opt/android-studio/jre/jre/lib/amd64/libzip.so
7fd8e93da000-7fd8e93e5000 r-xp 00000000 08:03 7079992                    /usr/lib/libnss_files-2.25.so
7fd8e93e5000-7fd8e95e4000 ---p 0000b000 08:03 7079992                    /usr/lib/libnss_files-2.25.so
7fd8e95e4000-7fd8e95e5000 r--p 0000a000 08:03 7079992                    /usr/lib/libnss_files-2.25.so
7fd8e95e5000-7fd8e95e6000 rw-p 0000b000 08:03 7079992                    /usr/lib/libnss_files-2.25.so
7fd8e95e6000-7fd8e95ec000 rw-p 00000000 00:00 0 
7fd8e95ec000-7fd8e95f7000 r-xp 00000000 08:03 7079990                    /usr/lib/libnss_nis-2.25.so
7fd8e95f7000-7fd8e97f6000 ---p 0000b000 08:03 7079990                    /usr/lib/libnss_nis-2.25.so
7fd8e97f6000-7fd8e97f7000 r--p 0000a000 08:03 7079990                    /usr/lib/libnss_nis-2.25.so
7fd8e97f7000-7fd8e97f8000 rw-p 0000b000 08:03 7079990                    /usr/lib/libnss_nis-2.25.so
7fd8e97f8000-7fd8e980d000 r-xp 00000000 08:03 7079986                    /usr/lib/libnsl-2.25.so
7fd8e980d000-7fd8e9a0c000 ---p 00015000 08:03 7079986                    /usr/lib/libnsl-2.25.so
7fd8e9a0c000-7fd8e9a0d000 r--p 00014000 08:03 7079986                    /usr/lib/libnsl-2.25.so
7fd8e9a0d000-7fd8e9a0e000 rw-p 00015000 08:03 7079986                    /usr/lib/libnsl-2.25.so
7fd8e9a0e000-7fd8e9a10000 rw-p 00000000 00:00 0 
7fd8e9a10000-7fd8e9a17000 r-xp 00000000 08:03 7079995                    /usr/lib/libnss_compat-2.25.so
7fd8e9a17000-7fd8e9c16000 ---p 00007000 08:03 7079995                    /usr/lib/libnss_compat-2.25.so
7fd8e9c16000-7fd8e9c17000 r--p 00006000 08:03 7079995                    /usr/lib/libnss_compat-2.25.so
7fd8e9c17000-7fd8e9c18000 rw-p 00007000 08:03 7079995                    /usr/lib/libnss_compat-2.25.so
7fd8e9c18000-7fd8e9c45000 r-xp 00000000 08:03 1311707                    /opt/android-studio/jre/jre/lib/amd64/libjava.so
7fd8e9c45000-7fd8e9e44000 ---p 0002d000 08:03 1311707                    /opt/android-studio/jre/jre/lib/amd64/libjava.so
7fd8e9e44000-7fd8e9e45000 r--p 0002c000 08:03 1311707                    /opt/android-studio/jre/jre/lib/amd64/libjava.so
7fd8e9e45000-7fd8e9e47000 rw-p 0002d000 08:03 1311707                    /opt/android-studio/jre/jre/lib/amd64/libjava.so
7fd8e9e47000-7fd8e9e57000 r-xp 00000000 08:03 1311678                    /opt/android-studio/jre/jre/lib/amd64/libverify.so
7fd8e9e57000-7fd8ea056000 ---p 00010000 08:03 1311678                    /opt/android-studio/jre/jre/lib/amd64/libverify.so
7fd8ea056000-7fd8ea058000 r--p 0000f000 08:03 1311678                    /opt/android-studio/jre/jre/lib/amd64/libverify.so
7fd8ea058000-7fd8ea059000 rw-p 00011000 08:03 1311678                    /opt/android-studio/jre/jre/lib/amd64/libverify.so
7fd8ea059000-7fd8ea060000 r-xp 00000000 08:03 7079984                    /usr/lib/librt-2.25.so
7fd8ea060000-7fd8ea25f000 ---p 00007000 08:03 7079984                    /usr/lib/librt-2.25.so
7fd8ea25f000-7fd8ea260000 r--p 00006000 08:03 7079984                    /usr/lib/librt-2.25.so
7fd8ea260000-7fd8ea261000 rw-p 00007000 08:03 7079984                    /usr/lib/librt-2.25.so
7fd8ea261000-7fd8ea373000 r-xp 00000000 08:03 7079987                    /usr/lib/libm-2.25.so
7fd8ea373000-7fd8ea572000 ---p 00112000 08:03 7079987                    /usr/lib/libm-2.25.so
7fd8ea572000-7fd8ea573000 r--p 00111000 08:03 7079987                    /usr/lib/libm-2.25.so
7fd8ea573000-7fd8ea574000 rw-p 00112000 08:03 7079987                    /usr/lib/libm-2.25.so
7fd8ea574000-7fd8eb165000 r-xp 00000000 08:03 1311687                    /opt/android-studio/jre/jre/lib/amd64/server/libjvm.so
7fd8eb165000-7fd8eb365000 ---p 00bf1000 08:03 1311687                    /opt/android-studio/jre/jre/lib/amd64/server/libjvm.so
7fd8eb365000-7fd8eb404000 r--p 00bf1000 08:03 1311687                    /opt/android-studio/jre/jre/lib/amd64/server/libjvm.so
7fd8eb404000-7fd8eb42d000 rw-p 00c90000 08:03 1311687                    /opt/android-studio/jre/jre/lib/amd64/server/libjvm.so
7fd8eb42d000-7fd8eb471000 rw-p 00000000 00:00 0 
7fd8eb471000-7fd8eb48a000 r-xp 00000000 08:03 7080061                    /usr/lib/libpthread-2.25.so
7fd8eb48a000-7fd8eb689000 ---p 00019000 08:03 7080061                    /usr/lib/libpthread-2.25.so
7fd8eb689000-7fd8eb68a000 r--p 00018000 08:03 7080061                    /usr/lib/libpthread-2.25.so
7fd8eb68a000-7fd8eb68b000 rw-p 00019000 08:03 7080061                    /usr/lib/libpthread-2.25.so
7fd8eb68b000-7fd8eb68f000 rw-p 00000000 00:00 0 
7fd8eb68f000-7fd8eb692000 r-xp 00000000 08:03 7079988                    /usr/lib/libdl-2.25.so
7fd8eb692000-7fd8eb891000 ---p 00003000 08:03 7079988                    /usr/lib/libdl-2.25.so
7fd8eb891000-7fd8eb892000 r--p 00002000 08:03 7079988                    /usr/lib/libdl-2.25.so
7fd8eb892000-7fd8eb893000 rw-p 00003000 08:03 7079988                    /usr/lib/libdl-2.25.so
7fd8eb893000-7fd8eba2e000 r-xp 00000000 08:03 7080042                    /usr/lib/libc-2.25.so
7fd8eba2e000-7fd8ebc2d000 ---p 0019b000 08:03 7080042                    /usr/lib/libc-2.25.so
7fd8ebc2d000-7fd8ebc31000 r--p 0019a000 08:03 7080042                    /usr/lib/libc-2.25.so
7fd8ebc31000-7fd8ebc33000 rw-p 0019e000 08:03 7080042                    /usr/lib/libc-2.25.so
7fd8ebc33000-7fd8ebc37000 rw-p 00000000 00:00 0 
7fd8ebc37000-7fd8ebc4d000 r-xp 00000000 08:03 1311628                    /opt/android-studio/jre/lib/amd64/jli/libjli.so
7fd8ebc4d000-7fd8ebe4c000 ---p 00016000 08:03 1311628                    /opt/android-studio/jre/lib/amd64/jli/libjli.so
7fd8ebe4c000-7fd8ebe4d000 r--p 00015000 08:03 1311628                    /opt/android-studio/jre/lib/amd64/jli/libjli.so
7fd8ebe4d000-7fd8ebe4e000 rw-p 00016000 08:03 1311628                    /opt/android-studio/jre/lib/amd64/jli/libjli.so
7fd8ebe4e000-7fd8ebe71000 r-xp 00000000 08:03 7080043                    /usr/lib/ld-2.25.so
7fd8ebe71000-7fd8ebe7a000 r--s 00042000 08:03 2361818                    /home/mann/.gradle/wrapper/dists/gradle-3.3-all/55gk2rcmfc6p2dg9u9ohc3hw9/gradle-3.3/lib/gradle-base-services-3.3.jar
7fd8ebe7a000-7fd8ebf3f000 rw-p 00000000 00:00 0 
7fd8ebf3f000-7fd8ebf42000 ---p 00000000 00:00 0 
7fd8ebf42000-7fd8ec042000 rw-p 00000000 00:00 0 
7fd8ec042000-7fd8ec043000 r--s 00001000 08:03 2361829                    /home/mann/.gradle/wrapper/dists/gradle-3.3-all/55gk2rcmfc6p2dg9u9ohc3hw9/gradle-3.3/lib/gradle-process-services-3.3.jar
7fd8ec043000-7fd8ec044000 r--s 00000000 08:03 2361984                    /home/mann/.gradle/wrapper/dists/gradle-3.3-all/55gk2rcmfc6p2dg9u9ohc3hw9/gradle-3.3/lib/gradle-version-info-3.3.jar
7fd8ec044000-7fd8ec045000 r--s 00007000 08:03 2361826                    /home/mann/.gradle/wrapper/dists/gradle-3.3-all/55gk2rcmfc6p2dg9u9ohc3hw9/gradle-3.3/lib/slf4j-api-1.7.10.jar
7fd8ec045000-7fd8ec046000 r--s 00004000 08:03 2361851                    /home/mann/.gradle/wrapper/dists/gradle-3.3-all/55gk2rcmfc6p2dg9u9ohc3hw9/gradle-3.3/lib/ant-launcher-1.9.6.jar
7fd8ec046000-7fd8ec064000 rw-p 00000000 00:00 0 
7fd8ec064000-7fd8ec06c000 rw-s 00000000 00:23 70661                      /tmp/hsperfdata_mann/3184
7fd8ec06c000-7fd8ec06d000 rw-p 00000000 00:00 0 
7fd8ec06d000-7fd8ec06e000 ---p 00000000 00:00 0 
7fd8ec06e000-7fd8ec070000 rw-p 00000000 00:00 0 
7fd8ec070000-7fd8ec071000 r--p 00022000 08:03 7080043                    /usr/lib/ld-2.25.so
7fd8ec071000-7fd8ec072000 rw-p 00023000 08:03 7080043                    /usr/lib/ld-2.25.so
7fd8ec072000-7fd8ec073000 rw-p 00000000 00:00 0 
7ffc1b3de000-7ffc1b3ff000 rw-p 00000000 00:00 0                          [stack]
7ffc1b516000-7ffc1b518000 r--p 00000000 00:00 0                          [vvar]
7ffc1b518000-7ffc1b51a000 r-xp 00000000 00:00 0                          [vdso]
ffffffffff600000-ffffffffff601000 r-xp 00000000 00:00 0                  [vsyscall]

VM Arguments:
jvm_args: -Xmx1536m -Dfile.encoding=UTF-8 -Duser.country=US -Duser.language=en -Duser.variant 
java_command: org.gradle.launcher.daemon.bootstrap.GradleDaemon 3.3
java_class_path (initial): /home/mann/.gradle/wrapper/dists/gradle-3.3-all/55gk2rcmfc6p2dg9u9ohc3hw9/gradle-3.3/lib/gradle-launcher-3.3.jar
Launcher Type: SUN_STANDARD

Environment Variables:
JAVA_HOME=/opt/java
PATH=/usr/local/sbin:/usr/local/bin:/usr/bin:/opt/java/bin:/usr/lib/jvm/default/bin:/usr/bin/site_perl:/usr/bin/vendor_perl:/usr/bin/core_perl
USERNAME=mann
LD_LIBRARY_PATH=/opt/android-studio/bin:
SHELL=/bin/bash
DISPLAY=:0

Signal Handlers:
SIGSEGV: [libjvm.so+0x9e5150], sa_mask[0]=11111111011111111101111111111110, sa_flags=SA_RESTART|SA_SIGINFO
SIGBUS: [libjvm.so+0x9e5150], sa_mask[0]=11111111011111111101111111111110, sa_flags=SA_RESTART|SA_SIGINFO
SIGFPE: [libjvm.so+0x848450], sa_mask[0]=11111111011111111101111111111110, sa_flags=SA_RESTART|SA_SIGINFO
SIGPIPE: [libjvm.so+0x848450], sa_mask[0]=11111111011111111101111111111110, sa_flags=SA_RESTART|SA_SIGINFO
SIGXFSZ: [libjvm.so+0x848450], sa_mask[0]=11111111011111111101111111111110, sa_flags=SA_RESTART|SA_SIGINFO
SIGILL: [libjvm.so+0x848450], sa_mask[0]=11111111011111111101111111111110, sa_flags=SA_RESTART|SA_SIGINFO
SIGUSR1: SIG_DFL, sa_mask[0]=00000000000000000000000000000000, sa_flags=none
SIGUSR2: [libjvm.so+0x848320], sa_mask[0]=00100000000000000000000000000000, sa_flags=SA_RESTART|SA_SIGINFO
SIGHUP: [libjvm.so+0x848510], sa_mask[0]=11111111011111111101111111111110, sa_flags=SA_RESTART|SA_SIGINFO
SIGINT: [libjvm.so+0x848510], sa_mask[0]=11111111011111111101111111111110, sa_flags=SA_RESTART|SA_SIGINFO
SIGTERM: [libjvm.so+0x848510], sa_mask[0]=11111111011111111101111111111110, sa_flags=SA_RESTART|SA_SIGINFO
SIGQUIT: [libjvm.so+0x848510], sa_mask[0]=11111111011111111101111111111110, sa_flags=SA_RESTART|SA_SIGINFO


---------------  S Y S T E M  ---------------

OS:NAME="Arch Linux"
PRETTY_NAME="Arch Linux"
ID=arch
ID_LIKE=archlinux
ANSI_COLOR="0;36"
HOME_URL="https://www.archlinux.org/"
SUPPORT_URL="https://bbs.archlinux.org/"
BUG_REPORT_URL="https://bugs.archlinux.org/"


uname:Linux 4.10.11-1-ARCH #1 SMP PREEMPT Tue Apr 18 08:39:42 CEST 2017 x86_64
libc:glibc 2.25 NPTL 2.25 
rlimit: STACK 8192k, CORE infinity, NPROC 15502, NOFILE 4096, AS infinity
load average:5.68 5.50 3.87

/proc/meminfo:
MemTotal:        3977632 kB
MemFree:           89744 kB
MemAvailable:       4552 kB
Buffers:             584 kB
Cached:           297400 kB
SwapCached:            0 kB
Active:          3410944 kB
Inactive:         277032 kB
Active(anon):    3391228 kB
Inactive(anon):   257532 kB
Active(file):      19716 kB
Inactive(file):    19500 kB
Unevictable:           0 kB
Mlocked:               0 kB
SwapTotal:             0 kB
SwapFree:              0 kB
Dirty:              3544 kB
Writeback:          1384 kB
AnonPages:       3390248 kB
Mapped:            82776 kB
Shmem:            258376 kB
Slab:              73756 kB
SReclaimable:      35664 kB
SUnreclaim:        38092 kB
KernelStack:       11984 kB
PageTables:        48860 kB
NFS_Unstable:          0 kB
Bounce:                0 kB
WritebackTmp:          0 kB
CommitLimit:     1988816 kB
Committed_AS:    7868960 kB
VmallocTotal:   34359738367 kB
VmallocUsed:           0 kB
VmallocChunk:          0 kB
HardwareCorrupted:     0 kB
AnonHugePages:    823296 kB
ShmemHugePages:        0 kB
ShmemPmdMapped:        0 kB
HugePages_Total:       0
HugePages_Free:        0
HugePages_Rsvd:        0
HugePages_Surp:        0
Hugepagesize:       2048 kB
DirectMap4k:      125696 kB
DirectMap2M:     3995648 kB
DirectMap1G:     1048576 kB


CPU:total 4 (2 cores per cpu, 2 threads per core) family 6 model 69 stepping 1, cmov, cx8, fxsr, mmx, sse, sse2, sse3, ssse3, sse4.1, sse4.2, popcnt, avx, avx2, aes, clmul, erms, lzcnt, ht, tsc, tscinvbit, bmi1, bmi2

/proc/cpuinfo:
processor	: 0
vendor_id	: GenuineIntel
cpu family	: 6
model		: 69
model name	: Intel(R) Core(TM) i3-4030U CPU @ 1.90GHz
stepping	: 1
microcode	: 0x17
cpu MHz		: 1140.997
cache size	: 3072 KB
physical id	: 0
siblings	: 4
core id		: 0
cpu cores	: 2
apicid		: 0
initial apicid	: 0
fpu		: yes
fpu_exception	: yes
cpuid level	: 13
wp		: yes
flags		: fpu vme de pse tsc msr pae mce cx8 apic sep mtrr pge mca cmov pat pse36 clflush dts acpi mmx fxsr sse sse2 ss ht tm pbe syscall nx pdpe1gb rdtscp lm constant_tsc arch_perfmon pebs bts rep_good nopl xtopology nonstop_tsc aperfmperf pni pclmulqdq dtes64 monitor ds_cpl vmx est tm2 ssse3 sdbg fma cx16 xtpr pdcm pcid sse4_1 sse4_2 x2apic movbe popcnt tsc_deadline_timer aes xsave avx f16c rdrand lahf_lm abm epb tpr_shadow vnmi flexpriority ept vpid fsgsbase tsc_adjust bmi1 avx2 smep bmi2 erms invpcid xsaveopt dtherm arat pln pts
bugs		:
bogomips	: 3792.91
clflush size	: 64
cache_alignment	: 64
address sizes	: 39 bits physical, 48 bits virtual
power management:

processor	: 1
vendor_id	: GenuineIntel
cpu family	: 6
model		: 69
model name	: Intel(R) Core(TM) i3-4030U CPU @ 1.90GHz
stepping	: 1
microcode	: 0x17
cpu MHz		: 1194.921
cache size	: 3072 KB
physical id	: 0
siblings	: 4
core id		: 0
cpu cores	: 2
apicid		: 1
initial apicid	: 1
fpu		: yes
fpu_exception	: yes
cpuid level	: 13
wp		: yes
flags		: fpu vme de pse tsc msr pae mce cx8 apic sep mtrr pge mca cmov pat pse36 clflush dts acpi mmx fxsr sse sse2 ss ht tm pbe syscall nx pdpe1gb rdtscp lm constant_tsc arch_perfmon pebs bts rep_good nopl xtopology nonstop_tsc aperfmperf pni pclmulqdq dtes64 monitor ds_cpl vmx est tm2 ssse3 sdbg fma cx16 xtpr pdcm pcid sse4_1 sse4_2 x2apic movbe popcnt tsc_deadline_timer aes xsave avx f16c rdrand lahf_lm abm epb tpr_shadow vnmi flexpriority ept vpid fsgsbase tsc_adjust bmi1 avx2 smep bmi2 erms invpcid xsaveopt dtherm arat pln pts
bugs		:
bogomips	: 3794.92
clflush size	: 64
cache_alignment	: 64
address sizes	: 39 bits physical, 48 bits virtual
power management:

processor	: 2
vendor_id	: GenuineIntel
cpu family	: 6
model		: 69
model name	: Intel(R) Core(TM) i3-4030U CPU @ 1.90GHz
stepping	: 1
microcode	: 0x17
cpu MHz		: 994.067
cache size	: 3072 KB
physical id	: 0
siblings	: 4
core id		: 1
cpu cores	: 2
apicid		: 2
initial apicid	: 2
fpu		: yes
fpu_exception	: yes
cpuid level	: 13
wp		: yes
flags		: fpu vme de pse tsc msr pae mce cx8 apic sep mtrr pge mca cmov pat pse36 clflush dts acpi mmx fxsr sse sse2 ss ht tm pbe syscall nx pdpe1gb rdtscp lm constant_tsc arch_perfmon pebs bts rep_good nopl xtopology nonstop_tsc aperfmperf pni pclmulqdq dtes64 monitor ds_cpl vmx est tm2 ssse3 sdbg fma cx16 xtpr pdcm pcid sse4_1 sse4_2 x2apic movbe popcnt tsc_deadline_timer aes xsave avx f16c rdrand lahf_lm abm epb tpr_shadow vnmi flexpriority ept vpid fsgsbase tsc_adjust bmi1 avx2 smep bmi2 erms invpcid xsaveopt dtherm arat pln pts
bugs		:
bogomips	: 3794.79
clflush size	: 64
cache_alignment	: 64
address sizes	: 39 bits physical, 48 bits virtual
power management:

processor	: 3
vendor_id	: GenuineIntel
cpu family	: 6
model		: 69
model name	: Intel(R) Core(TM) i3-4030U CPU @ 1.90GHz
stepping	: 1
microcode	: 0x17
cpu MHz		: 1000.677
cache size	: 3072 KB
physical id	: 0
siblings	: 4
core id		: 1
cpu cores	: 2
apicid		: 3
initial apicid	: 3
fpu		: yes
fpu_exception	: yes
cpuid level	: 13
wp		: yes
flags		: fpu vme de pse tsc msr pae mce cx8 apic sep mtrr pge mca cmov pat pse36 clflush dts acpi mmx fxsr sse sse2 ss ht tm pbe syscall nx pdpe1gb rdtscp lm constant_tsc arch_perfmon pebs bts rep_good nopl xtopology nonstop_tsc aperfmperf pni pclmulqdq dtes64 monitor ds_cpl vmx est tm2 ssse3 sdbg fma cx16 xtpr pdcm pcid sse4_1 sse4_2 x2apic movbe popcnt tsc_deadline_timer aes xsave avx f16c rdrand lahf_lm abm epb tpr_shadow vnmi flexpriority ept vpid fsgsbase tsc_adjust bmi1 avx2 smep bmi2 erms invpcid xsaveopt dtherm arat pln pts
bugs		:
bogomips	: 3793.36
clflush size	: 64
cache_alignment	: 64
address sizes	: 39 bits physical, 48 bits virtual
power management:



Memory: 4k page, physical 3977632k(89744k free), swap 0k(0k free)

vm_info: OpenJDK 64-Bit Server VM (25.112-b06) for linux-amd64 JRE (1.8.0_112-release-b06), built on Dec  6 2016 12:11:18 by "builder" with gcc 4.8.4

time: Wed May  3 10:45:10 2017
elapsed time: 81 seconds (0d 0h 1m 21s)

